2025-08-14 23:44:29.372 [info] Reading sessions from keychain...
2025-08-14 23:44:29.372 [info] Getting sessions for all scopes...
2025-08-14 23:44:29.372 [info] Got 0 sessions for ...
2025-08-14 23:44:29.372 [info] Getting sessions for all scopes...
2025-08-14 23:44:29.372 [info] Got 0 sessions for ...
2025-08-14 23:44:29.372 [info] Getting sessions for all scopes...
2025-08-14 23:44:29.372 [info] Got 0 sessions for ...
2025-08-14 23:44:29.372 [info] Getting sessions for all scopes...
2025-08-14 23:44:29.372 [info] Got 0 sessions for ...
2025-08-14 23:44:29.372 [info] Getting sessions for all scopes...
2025-08-14 23:44:29.372 [info] Got 0 sessions for ...
2025-08-14 23:44:29.372 [info] Getting sessions for all scopes...
2025-08-14 23:44:29.372 [info] Got 0 sessions for ...
2025-08-14 23:44:29.372 [info] Getting sessions for all scopes...
2025-08-14 23:44:29.372 [info] Got 0 sessions for ...
2025-08-14 23:44:29.375 [info] Getting sessions for all scopes...
2025-08-14 23:44:29.375 [info] Got 0 sessions for ...
2025-08-14 23:44:29.375 [info] Getting sessions for all scopes...
2025-08-14 23:44:29.375 [info] Got 0 sessions for ...
2025-08-14 23:44:29.375 [info] Getting sessions for all scopes...
2025-08-14 23:44:29.375 [info] Got 0 sessions for ...
2025-08-14 23:44:29.375 [info] Getting sessions for all scopes...
2025-08-14 23:44:29.375 [info] Got 0 sessions for ...
2025-08-14 23:44:29.375 [info] Getting sessions for all scopes...
2025-08-14 23:44:29.375 [info] Got 0 sessions for ...
2025-08-14 23:44:29.376 [info] Getting sessions for all scopes...
2025-08-14 23:44:29.376 [info] Got 0 sessions for ...
2025-08-14 23:44:29.495 [info] Getting sessions for all scopes...
2025-08-14 23:44:29.495 [info] Got 0 sessions for ...
2025-08-14 23:44:33.923 [info] Getting sessions for all scopes...
2025-08-14 23:44:33.923 [info] Got 0 sessions for ...
2025-08-14 23:44:33.938 [info] Getting sessions for all scopes...
2025-08-14 23:44:33.938 [info] Got 0 sessions for ...
2025-08-14 23:44:33.938 [info] Getting sessions for all scopes...
2025-08-14 23:44:33.938 [info] Got 0 sessions for ...
2025-08-14 23:44:33.938 [info] Getting sessions for all scopes...
2025-08-14 23:44:33.938 [info] Got 0 sessions for ...
2025-08-14 23:44:34.135 [info] Getting sessions for all scopes...
2025-08-14 23:44:34.136 [info] Got 0 sessions for ...
2025-08-14 23:44:34.324 [info] Getting sessions for all scopes...
2025-08-14 23:44:34.324 [info] Got 0 sessions for ...
2025-08-14 23:44:34.637 [info] Getting sessions for all scopes...
2025-08-14 23:44:34.637 [info] Got 0 sessions for ...
2025-08-14 23:44:34.638 [info] Getting sessions for user:email...
2025-08-14 23:44:34.638 [info] Got 0 sessions for user:email...
2025-08-14 23:44:34.638 [info] Getting sessions for read:user,repo,user:email,workflow...
2025-08-14 23:44:34.638 [info] Got 0 sessions for read:user,repo,user:email,workflow...
2025-08-14 23:44:34.640 [info] Getting sessions for all scopes...
2025-08-14 23:44:34.640 [info] Got 0 sessions for ...
2025-08-14 23:44:34.641 [info] Getting sessions for read:user,repo,user:email,workflow...
2025-08-14 23:44:34.641 [info] Got 0 sessions for read:user,repo,user:email,workflow...
2025-08-14 23:44:34.644 [info] Getting sessions for all scopes...
2025-08-14 23:44:34.644 [info] Got 0 sessions for ...
2025-08-14 23:44:34.644 [info] Getting sessions for read:user...
2025-08-14 23:44:34.644 [info] Got 0 sessions for read:user...
2025-08-14 23:44:34.647 [info] Getting sessions for user:email...
2025-08-14 23:44:34.647 [info] Got 0 sessions for user:email...
2025-08-14 23:44:34.647 [info] Getting sessions for user:email...
2025-08-14 23:44:34.647 [info] Got 0 sessions for user:email...
2025-08-14 23:44:34.660 [info] Getting sessions for all scopes...
2025-08-14 23:44:34.660 [info] Got 0 sessions for ...
2025-08-14 23:44:34.760 [info] Getting sessions for user:email...
2025-08-14 23:44:34.761 [info] Got 0 sessions for user:email...
2025-08-14 23:44:35.046 [info] Getting sessions for all scopes...
2025-08-14 23:44:35.046 [info] Got 0 sessions for ...
2025-08-14 23:44:35.059 [info] Getting sessions for user:email...
2025-08-14 23:44:35.059 [info] Got 0 sessions for user:email...
2025-08-14 23:44:35.061 [info] Getting sessions for all scopes...
2025-08-14 23:44:35.061 [info] Got 0 sessions for ...
2025-08-14 23:44:35.062 [info] Getting sessions for all scopes...
2025-08-14 23:44:35.062 [info] Got 0 sessions for ...
2025-08-14 23:44:35.064 [info] Getting sessions for user:email...
2025-08-14 23:44:35.064 [info] Got 0 sessions for user:email...
