2025-08-17 18:30:39.991 [info] Reading sessions from keychain...
2025-08-17 18:30:39.992 [info] Getting sessions for all scopes...
2025-08-17 18:30:40.109 [info] Got stored sessions!
2025-08-17 18:30:40.109 [info] Got 1 verified sessions.
2025-08-17 18:30:40.109 [info] Got 1 sessions for ...
2025-08-17 18:30:40.110 [info] Getting sessions for all scopes...
2025-08-17 18:30:40.110 [info] Got 1 sessions for ...
2025-08-17 18:30:40.110 [info] Getting sessions for all scopes...
2025-08-17 18:30:40.110 [info] Got 1 sessions for ...
2025-08-17 18:30:40.110 [info] Getting sessions for all scopes...
2025-08-17 18:30:40.110 [info] Got 1 sessions for ...
2025-08-17 18:30:40.110 [info] Getting sessions for all scopes...
2025-08-17 18:30:40.110 [info] Got 1 sessions for ...
2025-08-17 18:30:40.110 [info] Getting sessions for all scopes...
2025-08-17 18:30:40.110 [info] Got 1 sessions for ...
2025-08-17 18:30:40.110 [info] Getting sessions for all scopes...
2025-08-17 18:30:40.110 [info] Got 1 sessions for ...
2025-08-17 18:30:40.112 [info] Getting sessions for all scopes...
2025-08-17 18:30:40.112 [info] Got 1 sessions for ...
2025-08-17 18:30:40.112 [info] Getting sessions for all scopes...
2025-08-17 18:30:40.112 [info] Got 1 sessions for ...
2025-08-17 18:30:40.149 [info] Getting sessions for all scopes...
2025-08-17 18:30:40.149 [info] Got 1 sessions for ...
2025-08-17 18:30:40.152 [info] Getting sessions for all scopes...
2025-08-17 18:30:40.152 [info] Got 1 sessions for ...
2025-08-17 18:30:40.152 [info] Getting sessions for all scopes...
2025-08-17 18:30:40.152 [info] Got 1 sessions for ...
2025-08-17 18:30:40.153 [info] Getting sessions for all scopes...
2025-08-17 18:30:40.153 [info] Got 1 sessions for ...
2025-08-17 18:30:40.153 [info] Getting sessions for all scopes...
2025-08-17 18:30:40.153 [info] Got 1 sessions for ...
2025-08-17 18:30:40.154 [info] Getting sessions for all scopes...
2025-08-17 18:30:40.154 [info] Got 1 sessions for ...
2025-08-17 18:30:40.337 [info] Getting sessions for all scopes...
2025-08-17 18:30:40.337 [info] Got 1 sessions for ...
2025-08-17 18:30:40.408 [info] Getting sessions for read:user,repo,user:email,workflow...
2025-08-17 18:30:40.409 [info] Got 0 sessions for read:user,repo,user:email,workflow...
2025-08-17 18:30:43.543 [info] Getting sessions for all scopes...
2025-08-17 18:30:43.543 [info] Got 1 sessions for ...
2025-08-17 18:30:43.594 [info] Getting sessions for all scopes...
2025-08-17 18:30:43.594 [info] Got 1 sessions for ...
2025-08-17 18:30:43.594 [info] Getting sessions for all scopes...
2025-08-17 18:30:43.594 [info] Got 1 sessions for ...
2025-08-17 18:30:43.595 [info] Getting sessions for all scopes...
2025-08-17 18:30:43.595 [info] Got 1 sessions for ...
2025-08-17 18:30:43.615 [info] Getting sessions for user:email...
2025-08-17 18:30:43.615 [info] Got 1 sessions for user:email...
2025-08-17 18:30:43.616 [info] Getting sessions for read:user,repo,user:email,workflow...
2025-08-17 18:30:43.616 [info] Got 0 sessions for read:user,repo,user:email,workflow...
2025-08-17 18:30:44.071 [info] Getting sessions for all scopes...
2025-08-17 18:30:44.071 [info] Got 1 sessions for ...
2025-08-17 18:30:44.377 [info] Getting sessions for all scopes...
2025-08-17 18:30:44.378 [info] Got 1 sessions for ...
2025-08-17 18:30:44.391 [info] Getting sessions for all scopes...
2025-08-17 18:30:44.391 [info] Got 1 sessions for ...
2025-08-17 18:30:44.392 [info] Getting sessions for read:user,repo,user:email,workflow...
2025-08-17 18:30:44.392 [info] Got 0 sessions for read:user,repo,user:email,workflow...
2025-08-17 18:30:44.398 [info] Getting sessions for read:user,repo,user:email,workflow...
2025-08-17 18:30:44.398 [info] Got 0 sessions for read:user,repo,user:email,workflow...
2025-08-17 18:30:44.435 [info] Getting sessions for read:user...
2025-08-17 18:30:44.435 [info] Got 0 sessions for read:user...
2025-08-17 18:30:44.449 [info] Getting sessions for user:email...
2025-08-17 18:30:44.450 [info] Got 1 sessions for user:email...
2025-08-17 18:30:44.488 [info] Getting sessions for user:email...
2025-08-17 18:30:44.488 [info] Got 1 sessions for user:email...
2025-08-17 18:30:44.489 [info] Getting sessions for all scopes...
2025-08-17 18:30:44.489 [info] Got 1 sessions for ...
2025-08-17 18:30:44.524 [info] Getting sessions for read:user,repo,user:email,workflow...
2025-08-17 18:30:44.524 [info] Got 0 sessions for read:user,repo,user:email,workflow...
2025-08-17 18:30:44.653 [info] Getting sessions for user:email...
2025-08-17 18:30:44.653 [info] Got 1 sessions for user:email...
2025-08-17 18:30:44.958 [info] Getting sessions for all scopes...
2025-08-17 18:30:44.958 [info] Got 1 sessions for ...
2025-08-17 18:30:44.960 [info] Getting sessions for read:user,repo,user:email,workflow...
2025-08-17 18:30:44.960 [info] Got 0 sessions for read:user,repo,user:email,workflow...
2025-08-17 18:30:44.961 [info] Getting sessions for user:email...
2025-08-17 18:30:44.961 [info] Got 1 sessions for user:email...
2025-08-17 18:30:45.514 [info] Getting sessions for all scopes...
2025-08-17 18:30:45.514 [info] Got 1 sessions for ...
2025-08-17 18:30:45.514 [info] Getting sessions for all scopes...
2025-08-17 18:30:45.514 [info] Got 1 sessions for ...
2025-08-17 18:30:45.540 [info] Getting sessions for read:user,repo,user:email,workflow...
2025-08-17 18:30:45.540 [info] Got 0 sessions for read:user,repo,user:email,workflow...
2025-08-17 18:30:45.551 [info] Getting sessions for user:email...
2025-08-17 18:30:45.552 [info] Got 1 sessions for user:email...
2025-08-17 18:30:45.552 [info] Getting sessions for read:user,repo,user:email,workflow...
2025-08-17 18:30:45.552 [info] Got 0 sessions for read:user,repo,user:email,workflow...
2025-08-17 18:30:45.562 [info] Getting sessions for all scopes...
2025-08-17 18:30:45.562 [info] Got 1 sessions for ...
2025-08-17 18:30:45.574 [info] Getting sessions for read:user,repo,user:email,workflow...
2025-08-17 18:30:45.574 [info] Got 0 sessions for read:user,repo,user:email,workflow...
2025-08-17 18:30:45.585 [info] Getting sessions for user:email...
2025-08-17 18:30:45.586 [info] Got 1 sessions for user:email...
2025-08-17 18:30:45.823 [info] Getting sessions for all scopes...
2025-08-17 18:30:45.823 [info] Got 1 sessions for ...
2025-08-17 18:30:45.823 [info] Getting sessions for all scopes...
2025-08-17 18:30:45.823 [info] Got 1 sessions for ...
2025-08-17 18:30:45.851 [info] Getting sessions for read:user,repo,user:email,workflow...
2025-08-17 18:30:45.851 [info] Got 0 sessions for read:user,repo,user:email,workflow...
2025-08-17 18:30:45.862 [info] Getting sessions for user:email...
2025-08-17 18:30:45.863 [info] Got 1 sessions for user:email...
2025-08-17 18:30:45.863 [info] Getting sessions for read:user,repo,user:email,workflow...
2025-08-17 18:30:45.863 [info] Got 0 sessions for read:user,repo,user:email,workflow...
2025-08-17 18:30:45.873 [info] Getting sessions for all scopes...
2025-08-17 18:30:45.874 [info] Got 1 sessions for ...
2025-08-17 18:30:45.876 [info] Getting sessions for all scopes...
2025-08-17 18:30:45.877 [info] Got 1 sessions for ...
2025-08-17 18:30:45.878 [info] Getting sessions for all scopes...
2025-08-17 18:30:45.878 [info] Got 1 sessions for ...
2025-08-17 18:30:45.886 [info] Getting sessions for read:user,repo,user:email,workflow...
2025-08-17 18:30:45.887 [info] Got 0 sessions for read:user,repo,user:email,workflow...
2025-08-17 18:30:45.889 [info] Getting sessions for user:email...
2025-08-17 18:30:45.889 [info] Got 1 sessions for user:email...
2025-08-17 18:30:46.724 [info] Getting sessions for all scopes...
2025-08-17 18:30:46.724 [info] Got 1 sessions for ...
2025-08-17 18:30:57.173 [info] Getting sessions for all scopes...
2025-08-17 18:30:57.173 [info] Got 1 sessions for ...
2025-08-17 18:30:57.174 [info] Getting sessions for read:user,repo,user:email,workflow...
2025-08-17 18:30:57.174 [info] Got 0 sessions for read:user,repo,user:email,workflow...
2025-08-17 18:30:57.176 [info] Getting sessions for user:email...
2025-08-17 18:30:57.176 [info] Got 1 sessions for user:email...
