2025-08-14 23:40:36.480 [info] Reading sessions from keychain...
2025-08-14 23:40:36.480 [info] Getting sessions for all scopes...
2025-08-14 23:40:36.548 [info] Got 0 sessions for ...
2025-08-14 23:40:36.549 [info] Getting sessions for all scopes...
2025-08-14 23:40:36.549 [info] Got 0 sessions for ...
2025-08-14 23:40:36.549 [info] Getting sessions for all scopes...
2025-08-14 23:40:36.549 [info] Got 0 sessions for ...
2025-08-14 23:40:36.549 [info] Getting sessions for all scopes...
2025-08-14 23:40:36.549 [info] Got 0 sessions for ...
2025-08-14 23:40:36.549 [info] Getting sessions for all scopes...
2025-08-14 23:40:36.549 [info] Got 0 sessions for ...
2025-08-14 23:40:36.549 [info] Getting sessions for all scopes...
2025-08-14 23:40:36.549 [info] Got 0 sessions for ...
2025-08-14 23:40:36.549 [info] Getting sessions for all scopes...
2025-08-14 23:40:36.549 [info] Got 0 sessions for ...
2025-08-14 23:40:36.561 [info] Getting sessions for all scopes...
2025-08-14 23:40:36.561 [info] Got 0 sessions for ...
2025-08-14 23:40:36.561 [info] Getting sessions for all scopes...
2025-08-14 23:40:36.561 [info] Got 0 sessions for ...
2025-08-14 23:40:36.561 [info] Getting sessions for all scopes...
2025-08-14 23:40:36.561 [info] Got 0 sessions for ...
2025-08-14 23:40:36.562 [info] Getting sessions for all scopes...
2025-08-14 23:40:36.562 [info] Got 0 sessions for ...
2025-08-14 23:40:36.562 [info] Getting sessions for all scopes...
2025-08-14 23:40:36.562 [info] Got 0 sessions for ...
2025-08-14 23:40:36.562 [info] Getting sessions for all scopes...
2025-08-14 23:40:36.562 [info] Got 0 sessions for ...
2025-08-14 23:40:36.741 [info] Getting sessions for all scopes...
2025-08-14 23:40:36.741 [info] Got 0 sessions for ...
2025-08-14 23:40:40.911 [info] Getting sessions for all scopes...
2025-08-14 23:40:40.911 [info] Got 0 sessions for ...
2025-08-14 23:40:40.926 [info] Getting sessions for all scopes...
2025-08-14 23:40:40.926 [info] Got 0 sessions for ...
2025-08-14 23:40:40.926 [info] Getting sessions for all scopes...
2025-08-14 23:40:40.926 [info] Got 0 sessions for ...
2025-08-14 23:40:40.927 [info] Getting sessions for all scopes...
2025-08-14 23:40:40.927 [info] Got 0 sessions for ...
2025-08-14 23:40:41.157 [info] Getting sessions for all scopes...
2025-08-14 23:40:41.157 [info] Got 0 sessions for ...
2025-08-14 23:40:41.396 [info] Getting sessions for all scopes...
2025-08-14 23:40:41.396 [info] Got 0 sessions for ...
2025-08-14 23:40:41.891 [info] Getting sessions for all scopes...
2025-08-14 23:40:41.891 [info] Got 0 sessions for ...
2025-08-14 23:40:41.899 [info] Getting sessions for user:email...
2025-08-14 23:40:41.899 [info] Got 0 sessions for user:email...
2025-08-14 23:40:41.899 [info] Getting sessions for all scopes...
2025-08-14 23:40:41.899 [info] Got 0 sessions for ...
2025-08-14 23:40:41.899 [info] Getting sessions for read:user,repo,user:email,workflow...
2025-08-14 23:40:41.900 [info] Got 0 sessions for read:user,repo,user:email,workflow...
2025-08-14 23:40:41.910 [info] Getting sessions for read:user,repo,user:email,workflow...
2025-08-14 23:40:41.910 [info] Got 0 sessions for read:user,repo,user:email,workflow...
2025-08-14 23:40:41.914 [info] Getting sessions for read:user...
2025-08-14 23:40:41.914 [info] Got 0 sessions for read:user...
2025-08-14 23:40:41.914 [info] Getting sessions for all scopes...
2025-08-14 23:40:41.915 [info] Got 0 sessions for ...
2025-08-14 23:40:41.917 [info] Getting sessions for user:email...
2025-08-14 23:40:41.917 [info] Got 0 sessions for user:email...
2025-08-14 23:40:41.917 [info] Getting sessions for user:email...
2025-08-14 23:40:41.917 [info] Got 0 sessions for user:email...
2025-08-14 23:40:41.933 [info] Getting sessions for all scopes...
2025-08-14 23:40:41.933 [info] Got 0 sessions for ...
2025-08-14 23:40:41.939 [info] Getting sessions for user:email...
2025-08-14 23:40:41.939 [info] Got 0 sessions for user:email...
2025-08-14 23:40:42.281 [info] Getting sessions for all scopes...
2025-08-14 23:40:42.281 [info] Got 0 sessions for ...
2025-08-14 23:40:42.289 [info] Getting sessions for user:email...
2025-08-14 23:40:42.289 [info] Got 0 sessions for user:email...
2025-08-14 23:40:42.295 [info] Getting sessions for all scopes...
2025-08-14 23:40:42.295 [info] Got 0 sessions for ...
2025-08-14 23:40:42.295 [info] Getting sessions for all scopes...
2025-08-14 23:40:42.295 [info] Got 0 sessions for ...
2025-08-14 23:40:42.302 [info] Getting sessions for user:email...
2025-08-14 23:40:42.302 [info] Got 0 sessions for user:email...
