2025-08-14 23:40:34.346 [warning] Via 'product.json#extensionEnabledApiProposals' extension 'ms-vsliveshare.vsliveshare' wants API proposal 'notebookCellExecutionState' but that proposal DOES NOT EXIST. Likely, the proposal has been finalized (check 'vscode.d.ts') or was abandoned.
2025-08-14 23:40:34.361 [warning] Via 'product.json#extensionEnabledApiProposals' extension 'ms-python.gather' wants API proposal 'notebookCellExecutionState' but that proposal DOES NOT EXIST. Likely, the proposal has been finalized (check 'vscode.d.ts') or was abandoned.
2025-08-14 23:40:34.362 [warning] Via 'product.json#extensionEnabledApiProposals' extension 'ms-python.vscode-pylance' wants API proposal 'mcpConfigurationProvider' but that proposal DOES NOT EXIST. Likely, the proposal has been finalized (check 'vscode.d.ts') or was abandoned.
2025-08-14 23:40:34.931 [info] Started local extension host with pid 109752.
2025-08-14 23:40:37.102 [info] Settings Sync: Account status changed from uninitialized to unavailable
2025-08-14 23:40:38.675 [info] [perf] Render performance baseline is 29ms
2025-08-14 23:40:40.155 [info] Extension host (LocalProcess pid: 109752) is unresponsive.
2025-08-14 23:40:40.807 [info] UNRESPONSIVE extension host: starting to profile NOW
2025-08-14 23:40:40.820 [error] [Extension Host] (node:109752) ExperimentalWarning: SQLite is an experimental feature and might change at any time
(Use `exe --trace-warnings ...` to show where the warning was created)
2025-08-14 23:40:40.873 [info] Extension host (LocalProcess pid: 109752) is responsive.
2025-08-14 23:40:40.873 [info] UNRESPONSIVE extension host: received responsive event and cancelling profiling session
2025-08-14 23:40:41.316 [warning] UNRESPONSIVE extension host: 'vscode.merge-conflict' took 26.802142773960636% of 18.412ms, saved PROFILE here: 'file:///tmp/exthost-19c16d.cpuprofile'
2025-08-14 23:40:43.324 [error] An unknown error occurred. Please consult the log for more details.
2025-08-14 23:41:07.011 [info] [Oracle.oracle-java]: Command `workbench.action.debug.run` already registered by Java (Oracle.oracle-java)
2025-08-14 23:41:07.012 [info] [Oracle.oracle-java]: Command `workbench.action.debug.start` already registered by Java (Oracle.oracle-java)
2025-08-14 23:41:07.012 [info] [Oracle.oracle-java]: Command `jdk.select.editor.projects` already registered by Java (Oracle.oracle-java)
2025-08-14 23:41:34.304 [info] [Oracle.oracle-java]: Command `workbench.action.debug.run` already registered by Java (Oracle.oracle-java)
2025-08-14 23:41:34.305 [info] [Oracle.oracle-java]: Command `workbench.action.debug.start` already registered by Java (Oracle.oracle-java)
2025-08-14 23:41:34.305 [info] [Oracle.oracle-java]: Command `jdk.select.editor.projects` already registered by Java (Oracle.oracle-java)
2025-08-14 23:41:36.886 [info] [Oracle.oracle-java]: Command `workbench.action.debug.run` already registered by Java (Oracle.oracle-java)
2025-08-14 23:41:36.886 [info] [Oracle.oracle-java]: Command `workbench.action.debug.start` already registered by Java (Oracle.oracle-java)
2025-08-14 23:41:36.886 [info] [Oracle.oracle-java]: Command `jdk.select.editor.projects` already registered by Java (Oracle.oracle-java)
