2025-08-17 18:06:18.669 [info] [main] Log level: Info
2025-08-17 18:06:18.669 [info] [main] Validating found git in: "git"
2025-08-17 18:06:18.669 [info] [main] Using git "2.50.1" from "git"
2025-08-17 18:06:18.669 [info] [Model][doInitialScan] Initial repository scan started
2025-08-17 18:06:18.669 [info] > git rev-parse --show-toplevel [22ms]
2025-08-17 18:06:18.669 [info] fatal: not a git repository (or any parent up to mount point /)
Stopping at filesystem boundary (GIT_DISCOVERY_ACROSS_FILESYSTEM not set).
2025-08-17 18:06:18.669 [info] > git rev-parse --show-toplevel [8ms]
2025-08-17 18:06:18.669 [info] fatal: not a git repository (or any parent up to mount point /)
Stopping at filesystem boundary (GIT_DISCOVERY_ACROSS_FILESYSTEM not set).
2025-08-17 18:06:18.669 [info] > git rev-parse --show-toplevel [6ms]
2025-08-17 18:06:18.669 [info] fatal: not a git repository (or any parent up to mount point /)
Stopping at filesystem boundary (GIT_DISCOVERY_ACROSS_FILESYSTEM not set).
2025-08-17 18:06:18.669 [info] > git rev-parse --show-toplevel [3ms]
2025-08-17 18:06:18.669 [info] fatal: not a git repository (or any parent up to mount point /)
Stopping at filesystem boundary (GIT_DISCOVERY_ACROSS_FILESYSTEM not set).
2025-08-17 18:06:18.669 [info] > git rev-parse --show-toplevel [1ms]
2025-08-17 18:06:18.669 [info] fatal: not a git repository (or any parent up to mount point /)
Stopping at filesystem boundary (GIT_DISCOVERY_ACROSS_FILESYSTEM not set).
2025-08-17 18:06:18.669 [info] > git rev-parse --show-toplevel [1ms]
2025-08-17 18:06:18.669 [info] fatal: not a git repository (or any parent up to mount point /)
Stopping at filesystem boundary (GIT_DISCOVERY_ACROSS_FILESYSTEM not set).
2025-08-17 18:06:18.669 [info] [Model][doInitialScan] Initial repository scan completed - repositories (0), closed repositories (0), parent repositories (0), unsafe repositories (0)
2025-08-17 18:06:18.669 [info] > git rev-parse --show-toplevel [9ms]
2025-08-17 18:06:18.669 [info] fatal: not a git repository (or any parent up to mount point /)
Stopping at filesystem boundary (GIT_DISCOVERY_ACROSS_FILESYSTEM not set).
2025-08-17 18:06:21.782 [info] > git rev-parse --show-toplevel [16ms]
2025-08-17 18:06:21.782 [info] fatal: not a git repository (or any parent up to mount point /)
Stopping at filesystem boundary (GIT_DISCOVERY_ACROSS_FILESYSTEM not set).
2025-08-17 18:06:22.025 [info] > git rev-parse --show-toplevel [221ms]
2025-08-17 18:06:22.025 [info] fatal: not a git repository (or any parent up to mount point /)
Stopping at filesystem boundary (GIT_DISCOVERY_ACROSS_FILESYSTEM not set).
2025-08-17 18:06:22.306 [info] > git rev-parse --show-toplevel [266ms]
2025-08-17 18:06:22.306 [info] fatal: not a git repository (or any parent up to mount point /)
Stopping at filesystem boundary (GIT_DISCOVERY_ACROSS_FILESYSTEM not set).
2025-08-17 18:15:22.290 [info] > git rev-parse --show-toplevel [2ms]
2025-08-17 18:15:22.291 [info] fatal: not a git repository (or any parent up to mount point /)
Stopping at filesystem boundary (GIT_DISCOVERY_ACROSS_FILESYSTEM not set).
2025-08-17 18:15:27.135 [info] > git rev-parse --show-toplevel [3ms]
2025-08-17 18:15:27.135 [info] fatal: not a git repository (or any parent up to mount point /)
Stopping at filesystem boundary (GIT_DISCOVERY_ACROSS_FILESYSTEM not set).
