2025-08-15 18:11:45.821 [warning] Via 'product.json#extensionEnabledApiProposals' extension 'ms-vsliveshare.vsliveshare' wants API proposal 'notebookCellExecutionState' but that proposal DOES NOT EXIST. Likely, the proposal has been finalized (check 'vscode.d.ts') or was abandoned.
2025-08-15 18:11:45.837 [warning] Via 'product.json#extensionEnabledApiProposals' extension 'ms-python.gather' wants API proposal 'notebookCellExecutionState' but that proposal DOES NOT EXIST. Likely, the proposal has been finalized (check 'vscode.d.ts') or was abandoned.
2025-08-15 18:11:45.838 [warning] Via 'product.json#extensionEnabledApiProposals' extension 'ms-python.vscode-pylance' wants API proposal 'mcpConfigurationProvider' but that proposal DOES NOT EXIST. Likely, the proposal has been finalized (check 'vscode.d.ts') or was abandoned.
2025-08-15 18:11:46.348 [info] ChatSessionStore: Migrating 0 chat sessions from storage service to file system
2025-08-15 18:11:46.878 [info] Started local extension host with pid 22846.
2025-08-15 18:11:49.406 [info] Settings Sync: Account status changed from uninitialized to unavailable
2025-08-15 18:11:49.830 [info] Default account authentication provider [object Object] is not declared.
2025-08-15 18:11:50.477 [info] [perf] Render performance baseline is 33ms
2025-08-15 18:11:53.071 [error] Timed out waiting for authentication provider 'github' to register.: Error: Timed out waiting for authentication provider 'github' to register.
    at TUe.F (vscode-file://vscode-app/opt/visual-studio-code/resources/app/out/vs/workbench/workbench.desktop.main.js:586:70710)
    at async TUe.getSessions (vscode-file://vscode-app/opt/visual-studio-code/resources/app/out/vs/workbench/workbench.desktop.main.js:586:68465)
    at async TUe.getAccounts (vscode-file://vscode-app/opt/visual-studio-code/resources/app/out/vs/workbench/workbench.desktop.main.js:586:68222)
    at async J$.D (vscode-file://vscode-app/opt/visual-studio-code/resources/app/out/vs/workbench/workbench.desktop.main.js:1470:18709)
    at async J$.C (vscode-file://vscode-app/opt/visual-studio-code/resources/app/out/vs/workbench/workbench.desktop.main.js:1470:18423)
    at async J$.z (vscode-file://vscode-app/opt/visual-studio-code/resources/app/out/vs/workbench/workbench.desktop.main.js:1470:18179)
2025-08-15 18:11:53.767 [info] [Oracle.oracle-java]: Command `workbench.action.debug.run` already registered by Java (Oracle.oracle-java)
2025-08-15 18:11:53.768 [info] [Oracle.oracle-java]: Command `workbench.action.debug.start` already registered by Java (Oracle.oracle-java)
2025-08-15 18:11:53.769 [info] [Oracle.oracle-java]: Command `jdk.select.editor.projects` already registered by Java (Oracle.oracle-java)
2025-08-15 18:11:58.001 [error] [Extension Host] (node:22846) ExperimentalWarning: SQLite is an experimental feature and might change at any time
(Use `exe --trace-warnings ...` to show where the warning was created)
2025-08-15 18:12:05.805 [error] An unknown error occurred. Please consult the log for more details.
2025-08-15 18:12:18.340 [error] [File Watcher ('parcel')] Unexpected error: Permissão negada (EUNKNOWN) (path: /)
2025-08-15 18:12:18.342 [error] [File Watcher (universal)] Permissão negada
2025-08-15 18:24:54.345 [warning] Via 'product.json#extensionEnabledApiProposals' extension 'ms-vsliveshare.vsliveshare' wants API proposal 'notebookCellExecutionState' but that proposal DOES NOT EXIST. Likely, the proposal has been finalized (check 'vscode.d.ts') or was abandoned.
2025-08-15 18:24:54.346 [warning] Via 'product.json#extensionEnabledApiProposals' extension 'ms-python.gather' wants API proposal 'notebookCellExecutionState' but that proposal DOES NOT EXIST. Likely, the proposal has been finalized (check 'vscode.d.ts') or was abandoned.
2025-08-15 18:24:54.346 [warning] Via 'product.json#extensionEnabledApiProposals' extension 'ms-python.vscode-pylance' wants API proposal 'mcpConfigurationProvider' but that proposal DOES NOT EXIST. Likely, the proposal has been finalized (check 'vscode.d.ts') or was abandoned.
2025-08-15 18:24:55.094 [info] Started local extension host with pid 25372.
2025-08-15 18:24:55.961 [info] [Oracle.oracle-java]: Command `workbench.action.debug.run` already registered by Java (Oracle.oracle-java)
2025-08-15 18:24:55.962 [info] [Oracle.oracle-java]: Command `workbench.action.debug.start` already registered by Java (Oracle.oracle-java)
2025-08-15 18:24:55.965 [info] [Oracle.oracle-java]: Command `jdk.select.editor.projects` already registered by Java (Oracle.oracle-java)
2025-08-15 18:24:58.524 [info] Settings Sync: Account status changed from uninitialized to unavailable
2025-08-15 18:24:59.462 [info] [perf] Render performance baseline is 31ms
2025-08-15 18:25:00.966 [info] Extension host (LocalProcess pid: 25372) is unresponsive.
2025-08-15 18:25:01.329 [error] [Extension Host] (node:25372) ExperimentalWarning: SQLite is an experimental feature and might change at any time
(Use `exe --trace-warnings ...` to show where the warning was created)
2025-08-15 18:25:01.685 [info] Extension host (LocalProcess pid: 25372) is responsive.
2025-08-15 18:25:01.687 [info] UNRESPONSIVE extension host: received responsive event and cancelling profiling session
2025-08-15 18:25:01.855 [info] UNRESPONSIVE extension host: starting to profile NOW
2025-08-15 18:25:02.089 [warning] UNRESPONSIVE extension host: 'vscode.merge-conflict' took 95.51236244104616% of 6.683ms, saved PROFILE here: 'file:///tmp/exthost-407536.cpuprofile'
2025-08-15 18:25:04.449 [error] An unknown error occurred. Please consult the log for more details.
