2025-08-17 18:55:35.916 [info] Reading sessions from keychain...
2025-08-17 18:55:35.916 [info] Getting sessions for all scopes...
2025-08-17 18:55:35.967 [info] Got stored sessions!
2025-08-17 18:55:35.967 [info] Got 1 verified sessions.
2025-08-17 18:55:35.967 [info] Got 1 sessions for ...
2025-08-17 18:55:35.967 [info] Getting sessions for all scopes...
2025-08-17 18:55:35.967 [info] Got 1 sessions for ...
2025-08-17 18:55:35.967 [info] Getting sessions for all scopes...
2025-08-17 18:55:35.967 [info] Got 1 sessions for ...
2025-08-17 18:55:35.968 [info] Getting sessions for all scopes...
2025-08-17 18:55:35.968 [info] Got 1 sessions for ...
2025-08-17 18:55:35.968 [info] Getting sessions for all scopes...
2025-08-17 18:55:35.970 [info] Got 1 sessions for ...
2025-08-17 18:55:35.971 [info] Getting sessions for all scopes...
2025-08-17 18:55:35.971 [info] Got 1 sessions for ...
2025-08-17 18:55:35.971 [info] Getting sessions for all scopes...
2025-08-17 18:55:35.971 [info] Got 1 sessions for ...
2025-08-17 18:55:36.225 [info] Getting sessions for all scopes...
2025-08-17 18:55:36.225 [info] Got 1 sessions for ...
2025-08-17 18:55:36.225 [info] Getting sessions for all scopes...
2025-08-17 18:55:36.225 [info] Got 1 sessions for ...
2025-08-17 18:55:36.226 [info] Getting sessions for all scopes...
2025-08-17 18:55:36.226 [info] Got 1 sessions for ...
2025-08-17 18:55:36.226 [info] Getting sessions for all scopes...
2025-08-17 18:55:36.226 [info] Got 1 sessions for ...
2025-08-17 18:55:36.226 [info] Getting sessions for all scopes...
2025-08-17 18:55:36.226 [info] Got 1 sessions for ...
2025-08-17 18:55:36.226 [info] Getting sessions for all scopes...
2025-08-17 18:55:36.226 [info] Got 1 sessions for ...
2025-08-17 18:55:40.754 [info] Getting sessions for all scopes...
2025-08-17 18:55:40.754 [info] Got 1 sessions for ...
2025-08-17 18:55:40.767 [info] Getting sessions for all scopes...
2025-08-17 18:55:40.767 [info] Got 1 sessions for ...
2025-08-17 18:55:40.774 [info] Getting sessions for all scopes...
2025-08-17 18:55:40.774 [info] Got 1 sessions for ...
2025-08-17 18:55:40.774 [info] Getting sessions for all scopes...
2025-08-17 18:55:40.774 [info] Got 1 sessions for ...
2025-08-17 18:55:40.774 [info] Getting sessions for all scopes...
2025-08-17 18:55:40.774 [info] Got 1 sessions for ...
2025-08-17 18:55:40.951 [info] Getting sessions for all scopes...
2025-08-17 18:55:40.951 [info] Got 1 sessions for ...
2025-08-17 18:55:40.951 [info] Getting sessions for all scopes...
2025-08-17 18:55:40.951 [info] Got 1 sessions for ...
2025-08-17 18:55:41.608 [info] Getting sessions for read:user,repo,user:email,workflow...
2025-08-17 18:55:41.609 [info] Got 0 sessions for read:user,repo,user:email,workflow...
2025-08-17 18:55:41.884 [info] Getting sessions for all scopes...
2025-08-17 18:55:41.884 [info] Got 1 sessions for ...
2025-08-17 18:55:41.896 [info] Getting sessions for all scopes...
2025-08-17 18:55:41.896 [info] Got 1 sessions for ...
2025-08-17 18:55:41.896 [info] Getting sessions for read:user,repo,user:email,workflow...
2025-08-17 18:55:41.896 [info] Got 0 sessions for read:user,repo,user:email,workflow...
2025-08-17 18:55:41.898 [info] Getting sessions for user:email...
2025-08-17 18:55:41.898 [info] Got 1 sessions for user:email...
2025-08-17 18:55:41.898 [info] Getting sessions for read:user,repo,user:email,workflow...
2025-08-17 18:55:41.898 [info] Got 0 sessions for read:user,repo,user:email,workflow...
2025-08-17 18:55:41.904 [info] Getting sessions for read:user...
2025-08-17 18:55:41.904 [info] Got 0 sessions for read:user...
2025-08-17 18:55:41.904 [info] Getting sessions for all scopes...
2025-08-17 18:55:41.904 [info] Got 1 sessions for ...
2025-08-17 18:55:41.905 [info] Getting sessions for user:email...
2025-08-17 18:55:41.905 [info] Got 1 sessions for user:email...
2025-08-17 18:55:41.905 [info] Getting sessions for read:user,repo,user:email,workflow...
2025-08-17 18:55:41.905 [info] Got 0 sessions for read:user,repo,user:email,workflow...
2025-08-17 18:55:41.917 [info] Getting sessions for user:email...
2025-08-17 18:55:41.918 [info] Got 1 sessions for user:email...
2025-08-17 18:55:42.018 [info] Getting sessions for all scopes...
2025-08-17 18:55:42.018 [info] Got 1 sessions for ...
2025-08-17 18:55:42.019 [info] Getting sessions for read:user,repo,user:email,workflow...
2025-08-17 18:55:42.019 [info] Got 0 sessions for read:user,repo,user:email,workflow...
2025-08-17 18:55:42.020 [info] Getting sessions for user:email...
2025-08-17 18:55:42.020 [info] Got 1 sessions for user:email...
2025-08-17 18:55:42.349 [info] Getting sessions for all scopes...
2025-08-17 18:55:42.349 [info] Got 1 sessions for ...
2025-08-17 18:55:42.361 [info] Getting sessions for read:user,repo,user:email,workflow...
2025-08-17 18:55:42.362 [info] Got 0 sessions for read:user,repo,user:email,workflow...
2025-08-17 18:55:42.375 [info] Getting sessions for user:email...
2025-08-17 18:55:42.375 [info] Got 1 sessions for user:email...
2025-08-17 18:55:42.619 [info] Getting sessions for all scopes...
2025-08-17 18:55:42.619 [info] Got 1 sessions for ...
2025-08-17 18:55:42.623 [info] Getting sessions for read:user,repo,user:email,workflow...
2025-08-17 18:55:42.623 [info] Got 0 sessions for read:user,repo,user:email,workflow...
2025-08-17 18:55:42.627 [info] Getting sessions for user:email...
2025-08-17 18:55:42.627 [info] Got 1 sessions for user:email...
2025-08-17 18:55:43.143 [info] Getting sessions for all scopes...
2025-08-17 18:55:43.143 [info] Got 1 sessions for ...
2025-08-17 18:55:43.151 [info] Getting sessions for all scopes...
2025-08-17 18:55:43.151 [info] Got 1 sessions for ...
2025-08-17 18:55:43.169 [info] Getting sessions for read:user,repo,user:email,workflow...
2025-08-17 18:55:43.169 [info] Got 0 sessions for read:user,repo,user:email,workflow...
2025-08-17 18:55:43.178 [info] Getting sessions for user:email...
2025-08-17 18:55:43.178 [info] Got 1 sessions for user:email...
2025-08-17 18:55:43.179 [info] Getting sessions for read:user,repo,user:email,workflow...
2025-08-17 18:55:43.179 [info] Got 0 sessions for read:user,repo,user:email,workflow...
2025-08-17 18:55:43.185 [info] Getting sessions for all scopes...
2025-08-17 18:55:43.185 [info] Got 1 sessions for ...
2025-08-17 18:55:43.196 [info] Getting sessions for read:user,repo,user:email,workflow...
2025-08-17 18:55:43.197 [info] Got 0 sessions for read:user,repo,user:email,workflow...
2025-08-17 18:55:43.202 [info] Getting sessions for user:email...
2025-08-17 18:55:43.202 [info] Got 1 sessions for user:email...
2025-08-17 18:55:43.407 [info] Getting sessions for all scopes...
2025-08-17 18:55:43.407 [info] Got 1 sessions for ...
2025-08-17 18:55:43.408 [info] Getting sessions for all scopes...
2025-08-17 18:55:43.408 [info] Got 1 sessions for ...
2025-08-17 18:55:43.460 [info] Getting sessions for read:user,repo,user:email,workflow...
2025-08-17 18:55:43.460 [info] Got 0 sessions for read:user,repo,user:email,workflow...
2025-08-17 18:55:43.462 [info] Getting sessions for user:email...
2025-08-17 18:55:43.462 [info] Got 1 sessions for user:email...
2025-08-17 18:55:43.462 [info] Getting sessions for read:user,repo,user:email,workflow...
2025-08-17 18:55:43.462 [info] Got 0 sessions for read:user,repo,user:email,workflow...
2025-08-17 18:55:43.484 [info] Getting sessions for all scopes...
2025-08-17 18:55:43.484 [info] Got 1 sessions for ...
2025-08-17 18:55:43.487 [info] Getting sessions for all scopes...
2025-08-17 18:55:43.487 [info] Got 1 sessions for ...
2025-08-17 18:55:43.488 [info] Getting sessions for all scopes...
2025-08-17 18:55:43.488 [info] Got 1 sessions for ...
2025-08-17 18:55:43.491 [info] Getting sessions for read:user,repo,user:email,workflow...
2025-08-17 18:55:43.492 [info] Got 0 sessions for read:user,repo,user:email,workflow...
2025-08-17 18:55:43.501 [info] Getting sessions for user:email...
2025-08-17 18:55:43.501 [info] Got 1 sessions for user:email...
2025-08-17 18:55:45.157 [info] Getting sessions for all scopes...
2025-08-17 18:55:45.157 [info] Got 1 sessions for ...
