2025-08-17 18:56:35.083 [info] [main] Log level: Info
2025-08-17 18:56:35.083 [info] [main] Validating found git in: "git"
2025-08-17 18:56:35.083 [info] [main] Using git "2.50.1" from "git"
2025-08-17 18:56:35.083 [info] [Model][doInitialScan] Initial repository scan started
2025-08-17 18:56:35.083 [info] > git rev-parse --show-toplevel [19ms]
2025-08-17 18:56:35.083 [info] > git rev-parse --git-dir --git-common-dir --show-superproject-working-tree [37ms]
2025-08-17 18:56:35.083 [info] [Model][openRepository] Opened repository (path): /home/douglas-linuxvm/Downloads/Github-Rep/ArchLinux-Setup
2025-08-17 18:56:35.083 [info] [Model][openRepository] Opened repository (real path): /home/douglas-linuxvm/Downloads/Github-Rep/ArchLinux-Setup
2025-08-17 18:56:35.083 [info] [Model][openRepository] Opened repository (kind): repository
2025-08-17 18:56:35.083 [info] > git rev-parse --show-toplevel [10ms]
2025-08-17 18:56:35.083 [info] [Model][doInitialScan] Initial repository scan completed - repositories (1), closed repositories (0), parent repositories (0), unsafe repositories (0)
2025-08-17 18:56:35.083 [info] > git config --get commit.template [38ms]
2025-08-17 18:56:35.083 [info] > git for-each-ref --format=%(refname)%00%(upstream:short)%00%(objectname)%00%(upstream:track)%00%(upstream:remotename)%00%(upstream:remoteref) refs/heads/main refs/remotes/main [105ms]
2025-08-17 18:56:35.083 [info] > git for-each-ref --sort -committerdate --format %(refname)%00%(objectname)%00%(*objectname) [2ms]
2025-08-17 18:56:35.083 [info] > git status -z -uall [12ms]
2025-08-17 18:56:35.087 [info] > git for-each-ref --format=%(refname)%00%(upstream:short)%00%(objectname)%00%(upstream:track)%00%(upstream:remotename)%00%(upstream:remoteref) refs/heads/main refs/remotes/main [6ms]
2025-08-17 18:56:35.096 [info] > git config --get --local branch.main.vscode-merge-base [4ms]
2025-08-17 18:56:35.102 [info] > git config --get commit.template [14ms]
2025-08-17 18:56:35.106 [info] > git for-each-ref --format=%(refname)%00%(upstream:short)%00%(objectname)%00%(upstream:track)%00%(upstream:remotename)%00%(upstream:remoteref) refs/heads/origin/main refs/remotes/origin/main [5ms]
2025-08-17 18:56:35.128 [info] > git merge-base refs/heads/main refs/remotes/origin/main [13ms]
2025-08-17 18:56:35.141 [info] > git diff --name-status -z --diff-filter=ADMR 5f4ba3811e4bef8f3595b8488b255845e91d1dd0...refs/remotes/origin/main [8ms]
2025-08-17 18:56:35.145 [info] > git for-each-ref --format=%(refname)%00%(upstream:short)%00%(objectname)%00%(upstream:track)%00%(upstream:remotename)%00%(upstream:remoteref) refs/heads/main refs/remotes/main [19ms]
2025-08-17 18:56:35.172 [info] > git status -z -uall [17ms]
2025-08-17 18:56:35.172 [info] > git for-each-ref --sort -committerdate --format %(refname)%00%(objectname)%00%(*objectname) [5ms]
2025-08-17 18:56:39.293 [info] > git check-ignore -v -z --stdin [398ms]
2025-08-17 18:56:39.319 [info] > git show --textconv :.gitignore [19ms]
2025-08-17 18:56:39.463 [info] > git ls-files --stage -- .gitignore [154ms]
2025-08-17 18:56:39.907 [info] > git cat-file -s 3d01013506b9239387ed6d447b0ecbbff9c08376 [439ms]
2025-08-17 18:56:39.984 [info] > git check-ignore -v -z --stdin [66ms]
2025-08-17 18:56:40.064 [info] > git blame --root --incremental 5f4ba3811e4bef8f3595b8488b255845e91d1dd0 -- .gitignore [7ms]
2025-08-17 18:56:40.625 [info] > git check-ignore -v -z --stdin [4ms]
2025-08-17 18:56:40.783 [info] > git config --get commit.template [32ms]
2025-08-17 18:56:40.818 [info] > git for-each-ref --format=%(refname)%00%(upstream:short)%00%(objectname)%00%(upstream:track)%00%(upstream:remotename)%00%(upstream:remoteref) refs/heads/main refs/remotes/main [17ms]
2025-08-17 18:56:40.854 [info] > git status -z -uall [27ms]
2025-08-17 18:56:40.854 [info] > git for-each-ref --sort -committerdate --format %(refname)%00%(objectname)%00%(*objectname) [20ms]
2025-08-17 18:57:45.721 [info] > git config --get commit.template [35ms]
2025-08-17 18:57:45.758 [info] > git for-each-ref --format=%(refname)%00%(upstream:short)%00%(objectname)%00%(upstream:track)%00%(upstream:remotename)%00%(upstream:remoteref) refs/heads/main refs/remotes/main [39ms]
2025-08-17 18:57:45.841 [info] > git for-each-ref --sort -committerdate --format %(refname)%00%(objectname)%00%(*objectname) [6ms]
2025-08-17 18:57:45.877 [info] > git status -z -uall [103ms]
2025-08-17 18:57:52.101 [info] > git check-ignore -v -z --stdin [1ms]
