2025-08-17 18:30:18.927 [info] Reading sessions from keychain...
2025-08-17 18:30:18.927 [info] Getting sessions for all scopes...
2025-08-17 18:30:19.039 [info] Got stored sessions!
2025-08-17 18:30:19.039 [info] Got 1 verified sessions.
2025-08-17 18:30:19.039 [info] Got 1 sessions for ...
2025-08-17 18:30:19.039 [info] Getting sessions for all scopes...
2025-08-17 18:30:19.039 [info] Got 1 sessions for ...
2025-08-17 18:30:19.039 [info] Getting sessions for all scopes...
2025-08-17 18:30:19.039 [info] Got 1 sessions for ...
2025-08-17 18:30:19.039 [info] Getting sessions for all scopes...
2025-08-17 18:30:19.039 [info] Got 1 sessions for ...
2025-08-17 18:30:19.039 [info] Getting sessions for all scopes...
2025-08-17 18:30:19.039 [info] Got 1 sessions for ...
2025-08-17 18:30:19.039 [info] Getting sessions for all scopes...
2025-08-17 18:30:19.039 [info] Got 1 sessions for ...
2025-08-17 18:30:19.039 [info] Getting sessions for all scopes...
2025-08-17 18:30:19.039 [info] Got 1 sessions for ...
2025-08-17 18:30:19.039 [info] Getting sessions for all scopes...
2025-08-17 18:30:19.039 [info] Got 1 sessions for ...
2025-08-17 18:30:19.039 [info] Getting sessions for all scopes...
2025-08-17 18:30:19.039 [info] Got 1 sessions for ...
2025-08-17 18:30:19.214 [info] Getting sessions for all scopes...
2025-08-17 18:30:19.214 [info] Got 1 sessions for ...
2025-08-17 18:30:19.214 [info] Getting sessions for all scopes...
2025-08-17 18:30:19.214 [info] Got 1 sessions for ...
2025-08-17 18:30:19.214 [info] Getting sessions for all scopes...
2025-08-17 18:30:19.214 [info] Got 1 sessions for ...
2025-08-17 18:30:19.214 [info] Getting sessions for all scopes...
2025-08-17 18:30:19.215 [info] Got 1 sessions for ...
2025-08-17 18:30:19.215 [info] Getting sessions for all scopes...
2025-08-17 18:30:19.215 [info] Got 1 sessions for ...
2025-08-17 18:30:19.215 [info] Getting sessions for all scopes...
2025-08-17 18:30:19.215 [info] Got 1 sessions for ...
2025-08-17 18:30:19.296 [info] Getting sessions for all scopes...
2025-08-17 18:30:19.296 [info] Got 1 sessions for ...
2025-08-17 18:30:19.393 [info] Getting sessions for read:user,repo,user:email,workflow...
2025-08-17 18:30:19.393 [info] Got 0 sessions for read:user,repo,user:email,workflow...
2025-08-17 18:30:19.449 [info] Getting sessions for user:email...
2025-08-17 18:30:19.449 [info] Got 1 sessions for user:email...
2025-08-17 18:30:19.449 [info] Getting sessions for read:user,repo,user:email,workflow...
2025-08-17 18:30:19.449 [info] Got 0 sessions for read:user,repo,user:email,workflow...
2025-08-17 18:30:19.517 [info] Getting sessions for all scopes...
2025-08-17 18:30:19.517 [info] Got 1 sessions for ...
2025-08-17 18:30:22.652 [info] Getting sessions for all scopes...
2025-08-17 18:30:22.652 [info] Got 1 sessions for ...
2025-08-17 18:30:22.696 [info] Getting sessions for all scopes...
2025-08-17 18:30:22.696 [info] Got 1 sessions for ...
2025-08-17 18:30:22.697 [info] Getting sessions for all scopes...
2025-08-17 18:30:22.697 [info] Got 1 sessions for ...
2025-08-17 18:30:22.697 [info] Getting sessions for all scopes...
2025-08-17 18:30:22.697 [info] Got 1 sessions for ...
2025-08-17 18:30:22.763 [info] Getting sessions for read:user,repo,user:email,workflow...
2025-08-17 18:30:22.763 [info] Got 0 sessions for read:user,repo,user:email,workflow...
2025-08-17 18:30:23.282 [info] Getting sessions for user:email...
2025-08-17 18:30:23.282 [info] Got 1 sessions for user:email...
2025-08-17 18:30:23.311 [info] Getting sessions for all scopes...
2025-08-17 18:30:23.311 [info] Got 1 sessions for ...
2025-08-17 18:30:23.332 [info] Getting sessions for all scopes...
2025-08-17 18:30:23.332 [info] Got 1 sessions for ...
2025-08-17 18:30:23.333 [info] Getting sessions for read:user,repo,user:email,workflow...
2025-08-17 18:30:23.333 [info] Got 0 sessions for read:user,repo,user:email,workflow...
2025-08-17 18:30:23.349 [info] Getting sessions for all scopes...
2025-08-17 18:30:23.349 [info] Got 1 sessions for ...
2025-08-17 18:30:23.363 [info] Getting sessions for read:user...
2025-08-17 18:30:23.363 [info] Got 0 sessions for read:user...
2025-08-17 18:30:23.383 [info] Getting sessions for read:user,repo,user:email,workflow...
2025-08-17 18:30:23.383 [info] Got 0 sessions for read:user,repo,user:email,workflow...
2025-08-17 18:30:23.401 [info] Getting sessions for user:email...
2025-08-17 18:30:23.402 [info] Got 1 sessions for user:email...
2025-08-17 18:30:23.423 [info] Getting sessions for user:email...
2025-08-17 18:30:23.423 [info] Got 1 sessions for user:email...
2025-08-17 18:30:23.730 [info] Getting sessions for all scopes...
2025-08-17 18:30:23.730 [info] Got 1 sessions for ...
2025-08-17 18:30:23.744 [info] Getting sessions for read:user,repo,user:email,workflow...
2025-08-17 18:30:23.744 [info] Got 0 sessions for read:user,repo,user:email,workflow...
2025-08-17 18:30:23.749 [info] Getting sessions for user:email...
2025-08-17 18:30:23.749 [info] Got 1 sessions for user:email...
2025-08-17 18:30:24.056 [info] Getting sessions for all scopes...
2025-08-17 18:30:24.056 [info] Got 1 sessions for ...
2025-08-17 18:30:24.059 [info] Getting sessions for read:user,repo,user:email,workflow...
2025-08-17 18:30:24.059 [info] Got 0 sessions for read:user,repo,user:email,workflow...
2025-08-17 18:30:24.062 [info] Getting sessions for user:email...
2025-08-17 18:30:24.062 [info] Got 1 sessions for user:email...
2025-08-17 18:30:24.522 [info] Getting sessions for all scopes...
2025-08-17 18:30:24.522 [info] Got 1 sessions for ...
2025-08-17 18:30:24.523 [info] Getting sessions for all scopes...
2025-08-17 18:30:24.523 [info] Got 1 sessions for ...
2025-08-17 18:30:24.539 [info] Getting sessions for read:user,repo,user:email,workflow...
2025-08-17 18:30:24.540 [info] Got 0 sessions for read:user,repo,user:email,workflow...
2025-08-17 18:30:24.544 [info] Getting sessions for user:email...
2025-08-17 18:30:24.544 [info] Got 1 sessions for user:email...
2025-08-17 18:30:24.544 [info] Getting sessions for read:user,repo,user:email,workflow...
2025-08-17 18:30:24.544 [info] Got 0 sessions for read:user,repo,user:email,workflow...
2025-08-17 18:30:24.554 [info] Getting sessions for all scopes...
2025-08-17 18:30:24.554 [info] Got 1 sessions for ...
2025-08-17 18:30:24.560 [info] Getting sessions for read:user,repo,user:email,workflow...
2025-08-17 18:30:24.560 [info] Got 0 sessions for read:user,repo,user:email,workflow...
2025-08-17 18:30:24.564 [info] Getting sessions for user:email...
2025-08-17 18:30:24.564 [info] Got 1 sessions for user:email...
2025-08-17 18:30:24.734 [info] Getting sessions for all scopes...
2025-08-17 18:30:24.735 [info] Got 1 sessions for ...
2025-08-17 18:30:24.737 [info] Getting sessions for all scopes...
2025-08-17 18:30:24.737 [info] Got 1 sessions for ...
2025-08-17 18:30:24.744 [info] Getting sessions for read:user,repo,user:email,workflow...
2025-08-17 18:30:24.744 [info] Got 0 sessions for read:user,repo,user:email,workflow...
2025-08-17 18:30:24.746 [info] Getting sessions for user:email...
2025-08-17 18:30:24.746 [info] Got 1 sessions for user:email...
2025-08-17 18:30:24.746 [info] Getting sessions for read:user,repo,user:email,workflow...
2025-08-17 18:30:24.746 [info] Got 0 sessions for read:user,repo,user:email,workflow...
2025-08-17 18:30:24.759 [info] Getting sessions for all scopes...
2025-08-17 18:30:24.759 [info] Got 1 sessions for ...
2025-08-17 18:30:24.761 [info] Getting sessions for all scopes...
2025-08-17 18:30:24.761 [info] Got 1 sessions for ...
2025-08-17 18:30:24.761 [info] Getting sessions for all scopes...
2025-08-17 18:30:24.761 [info] Got 1 sessions for ...
2025-08-17 18:30:24.771 [info] Getting sessions for read:user,repo,user:email,workflow...
2025-08-17 18:30:24.771 [info] Got 0 sessions for read:user,repo,user:email,workflow...
2025-08-17 18:30:24.780 [info] Getting sessions for user:email...
2025-08-17 18:30:24.780 [info] Got 1 sessions for user:email...
