2025-08-17 18:56:34.228 [info] Reading sessions from keychain...
2025-08-17 18:56:34.228 [info] Getting sessions for all scopes...
2025-08-17 18:56:34.291 [info] Got stored sessions!
2025-08-17 18:56:34.291 [info] Got 1 verified sessions.
2025-08-17 18:56:34.292 [info] Got 1 sessions for ...
2025-08-17 18:56:34.293 [info] Getting sessions for all scopes...
2025-08-17 18:56:34.293 [info] Got 1 sessions for ...
2025-08-17 18:56:34.293 [info] Getting sessions for all scopes...
2025-08-17 18:56:34.293 [info] Got 1 sessions for ...
2025-08-17 18:56:34.294 [info] Getting sessions for all scopes...
2025-08-17 18:56:34.294 [info] Got 1 sessions for ...
2025-08-17 18:56:34.294 [info] Getting sessions for all scopes...
2025-08-17 18:56:34.294 [info] Got 1 sessions for ...
2025-08-17 18:56:34.295 [info] Getting sessions for all scopes...
2025-08-17 18:56:34.295 [info] Got 1 sessions for ...
2025-08-17 18:56:34.295 [info] Getting sessions for all scopes...
2025-08-17 18:56:34.295 [info] Got 1 sessions for ...
2025-08-17 18:56:34.492 [info] Getting sessions for all scopes...
2025-08-17 18:56:34.493 [info] Got 1 sessions for ...
2025-08-17 18:56:34.493 [info] Getting sessions for all scopes...
2025-08-17 18:56:34.494 [info] Got 1 sessions for ...
2025-08-17 18:56:34.494 [info] Getting sessions for all scopes...
2025-08-17 18:56:34.494 [info] Got 1 sessions for ...
2025-08-17 18:56:34.494 [info] Getting sessions for all scopes...
2025-08-17 18:56:34.494 [info] Got 1 sessions for ...
2025-08-17 18:56:34.494 [info] Getting sessions for all scopes...
2025-08-17 18:56:34.494 [info] Got 1 sessions for ...
2025-08-17 18:56:34.494 [info] Getting sessions for all scopes...
2025-08-17 18:56:34.494 [info] Got 1 sessions for ...
2025-08-17 18:56:39.082 [info] Getting sessions for all scopes...
2025-08-17 18:56:39.082 [info] Got 1 sessions for ...
2025-08-17 18:56:39.113 [info] Getting sessions for all scopes...
2025-08-17 18:56:39.113 [info] Got 1 sessions for ...
2025-08-17 18:56:39.127 [info] Getting sessions for all scopes...
2025-08-17 18:56:39.127 [info] Got 1 sessions for ...
2025-08-17 18:56:39.127 [info] Getting sessions for all scopes...
2025-08-17 18:56:39.127 [info] Got 1 sessions for ...
2025-08-17 18:56:39.128 [info] Getting sessions for all scopes...
2025-08-17 18:56:39.128 [info] Got 1 sessions for ...
2025-08-17 18:56:39.230 [info] Getting sessions for read:user,repo,user:email,workflow...
2025-08-17 18:56:39.230 [info] Got 0 sessions for read:user,repo,user:email,workflow...
2025-08-17 18:56:39.294 [info] Getting sessions for all scopes...
2025-08-17 18:56:39.294 [info] Got 1 sessions for ...
2025-08-17 18:56:39.294 [info] Getting sessions for all scopes...
2025-08-17 18:56:39.294 [info] Got 1 sessions for ...
2025-08-17 18:56:39.923 [info] Getting sessions for read:user,repo,user:email,workflow...
2025-08-17 18:56:39.923 [info] Got 0 sessions for read:user,repo,user:email,workflow...
2025-08-17 18:56:39.978 [info] Getting sessions for all scopes...
2025-08-17 18:56:39.978 [info] Got 1 sessions for ...
2025-08-17 18:56:40.019 [info] Getting sessions for all scopes...
2025-08-17 18:56:40.019 [info] Got 1 sessions for ...
2025-08-17 18:56:40.019 [info] Getting sessions for read:user,repo,user:email,workflow...
2025-08-17 18:56:40.019 [info] Got 0 sessions for read:user,repo,user:email,workflow...
2025-08-17 18:56:40.047 [info] Getting sessions for user:email...
2025-08-17 18:56:40.047 [info] Got 1 sessions for user:email...
2025-08-17 18:56:40.048 [info] Getting sessions for read:user,repo,user:email,workflow...
2025-08-17 18:56:40.048 [info] Got 0 sessions for read:user,repo,user:email,workflow...
2025-08-17 18:56:40.059 [info] Getting sessions for read:user...
2025-08-17 18:56:40.059 [info] Got 0 sessions for read:user...
2025-08-17 18:56:40.086 [info] Getting sessions for all scopes...
2025-08-17 18:56:40.086 [info] Got 1 sessions for ...
2025-08-17 18:56:40.100 [info] Getting sessions for user:email...
2025-08-17 18:56:40.100 [info] Got 1 sessions for user:email...
2025-08-17 18:56:40.129 [info] Getting sessions for read:user,repo,user:email,workflow...
2025-08-17 18:56:40.129 [info] Got 0 sessions for read:user,repo,user:email,workflow...
2025-08-17 18:56:40.141 [info] Getting sessions for user:email...
2025-08-17 18:56:40.141 [info] Got 1 sessions for user:email...
2025-08-17 18:56:40.374 [info] Getting sessions for all scopes...
2025-08-17 18:56:40.374 [info] Got 1 sessions for ...
2025-08-17 18:56:40.375 [info] Getting sessions for all scopes...
2025-08-17 18:56:40.375 [info] Got 1 sessions for ...
2025-08-17 18:56:40.377 [info] Getting sessions for read:user,repo,user:email,workflow...
2025-08-17 18:56:40.377 [info] Got 0 sessions for read:user,repo,user:email,workflow...
2025-08-17 18:56:40.383 [info] Getting sessions for user:email...
2025-08-17 18:56:40.383 [info] Got 1 sessions for user:email...
2025-08-17 18:56:40.865 [info] Getting sessions for all scopes...
2025-08-17 18:56:40.866 [info] Got 1 sessions for ...
2025-08-17 18:56:40.866 [info] Getting sessions for all scopes...
2025-08-17 18:56:40.866 [info] Got 1 sessions for ...
2025-08-17 18:56:40.867 [info] Getting sessions for read:user,repo,user:email,workflow...
2025-08-17 18:56:40.867 [info] Got 0 sessions for read:user,repo,user:email,workflow...
2025-08-17 18:56:40.868 [info] Getting sessions for user:email...
2025-08-17 18:56:40.868 [info] Got 1 sessions for user:email...
2025-08-17 18:56:40.868 [info] Getting sessions for read:user,repo,user:email,workflow...
2025-08-17 18:56:40.868 [info] Got 0 sessions for read:user,repo,user:email,workflow...
2025-08-17 18:56:40.870 [info] Getting sessions for all scopes...
2025-08-17 18:56:40.871 [info] Got 1 sessions for ...
2025-08-17 18:56:40.872 [info] Getting sessions for read:user,repo,user:email,workflow...
2025-08-17 18:56:40.872 [info] Got 0 sessions for read:user,repo,user:email,workflow...
2025-08-17 18:56:40.875 [info] Getting sessions for user:email...
2025-08-17 18:56:40.875 [info] Got 1 sessions for user:email...
2025-08-17 18:56:41.379 [info] Getting sessions for all scopes...
2025-08-17 18:56:41.379 [info] Got 1 sessions for ...
2025-08-17 18:56:41.380 [info] Getting sessions for all scopes...
2025-08-17 18:56:41.380 [info] Got 1 sessions for ...
2025-08-17 18:56:41.403 [info] Getting sessions for read:user,repo,user:email,workflow...
2025-08-17 18:56:41.403 [info] Got 0 sessions for read:user,repo,user:email,workflow...
2025-08-17 18:56:41.420 [info] Getting sessions for user:email...
2025-08-17 18:56:41.420 [info] Got 1 sessions for user:email...
2025-08-17 18:56:41.421 [info] Getting sessions for read:user,repo,user:email,workflow...
2025-08-17 18:56:41.421 [info] Got 0 sessions for read:user,repo,user:email,workflow...
2025-08-17 18:56:41.431 [info] Getting sessions for all scopes...
2025-08-17 18:56:41.431 [info] Got 1 sessions for ...
2025-08-17 18:56:41.439 [info] Getting sessions for read:user,repo,user:email,workflow...
2025-08-17 18:56:41.439 [info] Got 0 sessions for read:user,repo,user:email,workflow...
2025-08-17 18:56:41.450 [info] Getting sessions for user:email...
2025-08-17 18:56:41.450 [info] Got 1 sessions for user:email...
2025-08-17 18:56:41.638 [info] Getting sessions for all scopes...
2025-08-17 18:56:41.638 [info] Got 1 sessions for ...
2025-08-17 18:56:41.641 [info] Getting sessions for all scopes...
2025-08-17 18:56:41.641 [info] Got 1 sessions for ...
2025-08-17 18:56:41.649 [info] Getting sessions for read:user,repo,user:email,workflow...
2025-08-17 18:56:41.649 [info] Got 0 sessions for read:user,repo,user:email,workflow...
2025-08-17 18:56:41.653 [info] Getting sessions for all scopes...
2025-08-17 18:56:41.653 [info] Got 1 sessions for ...
2025-08-17 18:56:41.657 [info] Getting sessions for user:email...
2025-08-17 18:56:41.657 [info] Got 1 sessions for user:email...
2025-08-17 18:56:41.658 [info] Getting sessions for read:user,repo,user:email,workflow...
2025-08-17 18:56:41.658 [info] Got 0 sessions for read:user,repo,user:email,workflow...
2025-08-17 18:56:41.663 [info] Getting sessions for read:user,repo,user:email,workflow...
2025-08-17 18:56:41.663 [info] Got 0 sessions for read:user,repo,user:email,workflow...
2025-08-17 18:56:41.664 [info] Getting sessions for all scopes...
2025-08-17 18:56:41.664 [info] Got 1 sessions for ...
2025-08-17 18:56:41.668 [info] Getting sessions for all scopes...
2025-08-17 18:56:41.668 [info] Got 1 sessions for ...
2025-08-17 18:56:41.669 [info] Getting sessions for all scopes...
2025-08-17 18:56:41.669 [info] Got 1 sessions for ...
2025-08-17 18:56:41.679 [info] Getting sessions for read:user,repo,user:email,workflow...
2025-08-17 18:56:41.679 [info] Got 0 sessions for read:user,repo,user:email,workflow...
2025-08-17 18:56:41.685 [info] Getting sessions for user:email...
2025-08-17 18:56:41.685 [info] Got 1 sessions for user:email...
2025-08-17 18:56:43.166 [info] Getting sessions for all scopes...
2025-08-17 18:56:43.167 [info] Got 1 sessions for ...
2025-08-17 18:56:46.262 [info] Logging in with 'any' account...
2025-08-17 18:56:46.262 [info] Logging in for the following scopes: read:user repo user:email workflow
2025-08-17 18:56:46.299 [info] Trying with local server... (read:user repo user:email workflow)
2025-08-17 18:57:00.463 [info] Exchanging code for token...
2025-08-17 18:57:01.238 [info] Token exchange success!
2025-08-17 18:57:01.266 [info] Getting user info...
2025-08-17 18:57:01.742 [info] Got account info!
2025-08-17 18:57:01.762 [info] Storing 2 sessions...
2025-08-17 18:57:05.132 [info] Reading sessions from keychain...
2025-08-17 18:57:05.137 [info] Stored 2 sessions!
2025-08-17 18:57:05.140 [info] Login success!
2025-08-17 18:57:05.817 [info] Getting sessions for all scopes...
2025-08-17 18:57:05.859 [info] Got stored sessions!
2025-08-17 18:57:05.859 [info] Got 2 verified sessions.
2025-08-17 18:57:05.859 [info] Got 2 sessions for ...
2025-08-17 18:57:05.860 [info] Getting sessions for all scopes...
2025-08-17 18:57:05.860 [info] Got 2 sessions for ...
2025-08-17 18:57:05.860 [info] Getting sessions for all scopes...
2025-08-17 18:57:05.860 [info] Got 2 sessions for ...
2025-08-17 18:57:05.860 [info] Getting sessions for all scopes...
2025-08-17 18:57:05.860 [info] Got 2 sessions for ...
2025-08-17 18:57:05.923 [info] Getting sessions for all scopes...
2025-08-17 18:57:05.923 [info] Got 2 sessions for ...
2025-08-17 18:57:06.042 [info] Getting sessions for all scopes...
2025-08-17 18:57:06.042 [info] Got 2 sessions for ...
2025-08-17 18:57:06.061 [info] Getting sessions for all scopes...
2025-08-17 18:57:06.061 [info] Got 2 sessions for ...
2025-08-17 18:57:06.063 [info] Getting sessions for all scopes...
2025-08-17 18:57:06.063 [info] Got 2 sessions for ...
2025-08-17 18:57:06.067 [info] Getting sessions for read:user,repo,user:email,workflow...
2025-08-17 18:57:06.067 [info] Got 1 sessions for read:user,repo,user:email,workflow...
2025-08-17 18:57:06.068 [info] Getting sessions for read:user,repo,user:email,workflow...
2025-08-17 18:57:06.068 [info] Got 1 sessions for read:user,repo,user:email,workflow...
2025-08-17 18:57:06.264 [info] Getting sessions for read:user,repo,user:email,workflow...
2025-08-17 18:57:06.264 [info] Got 1 sessions for read:user,repo,user:email,workflow...
2025-08-17 18:57:06.303 [info] Getting sessions for all scopes...
2025-08-17 18:57:06.303 [info] Got 2 sessions for ...
2025-08-17 18:57:06.558 [info] Getting sessions for read:user,repo,user:email,workflow...
2025-08-17 18:57:06.559 [info] Got 1 sessions for read:user,repo,user:email,workflow...
2025-08-17 18:57:06.634 [info] Getting sessions for all scopes...
2025-08-17 18:57:06.634 [info] Got 2 sessions for ...
2025-08-17 18:57:06.691 [info] Getting sessions for read:user,repo,user:email,workflow...
2025-08-17 18:57:06.691 [info] Got 1 sessions for read:user,repo,user:email,workflow...
2025-08-17 18:57:07.630 [info] Getting sessions for all scopes...
2025-08-17 18:57:07.630 [info] Got 2 sessions for ...
2025-08-17 18:57:07.630 [info] Getting sessions for all scopes...
2025-08-17 18:57:07.630 [info] Got 2 sessions for ...
2025-08-17 18:57:07.639 [info] Getting sessions for read:user,repo,user:email,workflow...
2025-08-17 18:57:07.639 [info] Got 1 sessions for read:user,repo,user:email,workflow...
2025-08-17 18:57:07.651 [info] Getting sessions for all scopes...
2025-08-17 18:57:07.652 [info] Got 2 sessions for ...
2025-08-17 18:57:07.656 [info] Getting sessions for read:user,repo,user:email,workflow...
2025-08-17 18:57:07.656 [info] Got 1 sessions for read:user,repo,user:email,workflow...
2025-08-17 18:57:07.663 [info] Getting sessions for all scopes...
2025-08-17 18:57:07.663 [info] Got 2 sessions for ...
2025-08-17 18:57:07.664 [info] Getting sessions for all scopes...
2025-08-17 18:57:07.664 [info] Got 2 sessions for ...
2025-08-17 18:57:07.671 [info] Getting sessions for read:user,repo,user:email,workflow...
2025-08-17 18:57:07.671 [info] Got 1 sessions for read:user,repo,user:email,workflow...
