2025-08-17 18:57:24.354 [info] Reading sessions from keychain...
2025-08-17 18:57:24.362 [info] Getting sessions for all scopes...
2025-08-17 18:57:24.409 [info] Got stored sessions!
2025-08-17 18:57:24.409 [info] Got 2 verified sessions.
2025-08-17 18:57:24.409 [info] Got 2 sessions for ...
2025-08-17 18:57:24.409 [info] Getting sessions for all scopes...
2025-08-17 18:57:24.409 [info] Got 2 sessions for ...
2025-08-17 18:57:24.409 [info] Getting sessions for all scopes...
2025-08-17 18:57:24.409 [info] Got 2 sessions for ...
2025-08-17 18:57:24.410 [info] Getting sessions for all scopes...
2025-08-17 18:57:24.410 [info] Got 2 sessions for ...
2025-08-17 18:57:24.410 [info] Getting sessions for all scopes...
2025-08-17 18:57:24.410 [info] Got 2 sessions for ...
2025-08-17 18:57:24.410 [info] Getting sessions for all scopes...
2025-08-17 18:57:24.410 [info] Got 2 sessions for ...
2025-08-17 18:57:24.410 [info] Getting sessions for all scopes...
2025-08-17 18:57:24.410 [info] Got 2 sessions for ...
2025-08-17 18:57:24.454 [info] Getting sessions for all scopes...
2025-08-17 18:57:24.454 [info] Got 2 sessions for ...
2025-08-17 18:57:24.455 [info] Getting sessions for all scopes...
2025-08-17 18:57:24.455 [info] Got 2 sessions for ...
2025-08-17 18:57:24.456 [info] Getting sessions for all scopes...
2025-08-17 18:57:24.456 [info] Got 2 sessions for ...
2025-08-17 18:57:24.456 [info] Getting sessions for all scopes...
2025-08-17 18:57:24.456 [info] Got 2 sessions for ...
2025-08-17 18:57:24.457 [info] Getting sessions for all scopes...
2025-08-17 18:57:24.457 [info] Got 2 sessions for ...
2025-08-17 18:57:24.457 [info] Getting sessions for all scopes...
2025-08-17 18:57:24.457 [info] Got 2 sessions for ...
2025-08-17 18:57:24.708 [info] Getting sessions for all scopes...
2025-08-17 18:57:24.708 [info] Got 2 sessions for ...
2025-08-17 18:57:29.607 [info] Getting sessions for all scopes...
2025-08-17 18:57:29.607 [info] Got 2 sessions for ...
2025-08-17 18:57:29.624 [info] Getting sessions for all scopes...
2025-08-17 18:57:29.624 [info] Got 2 sessions for ...
2025-08-17 18:57:29.624 [info] Getting sessions for all scopes...
2025-08-17 18:57:29.624 [info] Got 2 sessions for ...
2025-08-17 18:57:29.625 [info] Getting sessions for all scopes...
2025-08-17 18:57:29.625 [info] Got 2 sessions for ...
2025-08-17 18:57:30.059 [info] Getting sessions for all scopes...
2025-08-17 18:57:30.059 [info] Got 2 sessions for ...
2025-08-17 18:57:30.060 [info] Getting sessions for all scopes...
2025-08-17 18:57:30.060 [info] Got 2 sessions for ...
2025-08-17 18:57:30.518 [info] Getting sessions for read:user,repo,user:email,workflow...
2025-08-17 18:57:30.518 [info] Got 1 sessions for read:user,repo,user:email,workflow...
2025-08-17 18:57:30.520 [info] Getting sessions for all scopes...
2025-08-17 18:57:30.520 [info] Got 2 sessions for ...
2025-08-17 18:57:30.532 [info] Getting sessions for all scopes...
2025-08-17 18:57:30.532 [info] Got 2 sessions for ...
2025-08-17 18:57:30.532 [info] Getting sessions for read:user,repo,user:email,workflow...
2025-08-17 18:57:30.532 [info] Got 1 sessions for read:user,repo,user:email,workflow...
2025-08-17 18:57:30.555 [info] Getting sessions for all scopes...
2025-08-17 18:57:30.555 [info] Got 2 sessions for ...
2025-08-17 18:57:30.565 [info] Getting sessions for read:user,repo,user:email,workflow...
2025-08-17 18:57:30.565 [info] Got 1 sessions for read:user,repo,user:email,workflow...
2025-08-17 18:57:30.580 [info] Getting sessions for all scopes...
2025-08-17 18:57:30.580 [info] Got 2 sessions for ...
2025-08-17 18:57:30.675 [info] Getting sessions for read:user,repo,user:email,workflow...
2025-08-17 18:57:30.675 [info] Got 1 sessions for read:user,repo,user:email,workflow...
2025-08-17 18:57:31.039 [info] Getting sessions for all scopes...
2025-08-17 18:57:31.040 [info] Got 2 sessions for ...
2025-08-17 18:57:31.056 [info] Getting sessions for read:user,repo,user:email,workflow...
2025-08-17 18:57:31.056 [info] Got 1 sessions for read:user,repo,user:email,workflow...
2025-08-17 18:57:31.289 [info] Getting sessions for all scopes...
2025-08-17 18:57:31.289 [info] Got 2 sessions for ...
2025-08-17 18:57:31.298 [info] Getting sessions for read:user,repo,user:email,workflow...
2025-08-17 18:57:31.298 [info] Got 1 sessions for read:user,repo,user:email,workflow...
2025-08-17 18:57:31.705 [info] Getting sessions for all scopes...
2025-08-17 18:57:31.705 [info] Got 2 sessions for ...
2025-08-17 18:57:31.705 [info] Getting sessions for all scopes...
2025-08-17 18:57:31.705 [info] Got 2 sessions for ...
2025-08-17 18:57:31.714 [info] Getting sessions for read:user,repo,user:email,workflow...
2025-08-17 18:57:31.714 [info] Got 1 sessions for read:user,repo,user:email,workflow...
2025-08-17 18:57:31.719 [info] Getting sessions for all scopes...
2025-08-17 18:57:31.719 [info] Got 2 sessions for ...
2025-08-17 18:57:31.722 [info] Getting sessions for read:user,repo,user:email,workflow...
2025-08-17 18:57:31.722 [info] Got 1 sessions for read:user,repo,user:email,workflow...
2025-08-17 18:57:31.842 [info] Getting sessions for all scopes...
2025-08-17 18:57:31.842 [info] Got 2 sessions for ...
2025-08-17 18:57:31.855 [info] Getting sessions for read:user,repo,user:email,workflow...
2025-08-17 18:57:31.855 [info] Got 1 sessions for read:user,repo,user:email,workflow...
2025-08-17 18:57:31.859 [info] Getting sessions for all scopes...
2025-08-17 18:57:31.859 [info] Got 2 sessions for ...
2025-08-17 18:57:31.860 [info] Getting sessions for all scopes...
2025-08-17 18:57:31.860 [info] Got 2 sessions for ...
2025-08-17 18:57:32.710 [info] Getting sessions for all scopes...
2025-08-17 18:57:32.710 [info] Got 2 sessions for ...
2025-08-17 18:57:51.203 [info] Reading sessions from keychain...
2025-08-17 18:57:51.206 [info] Getting sessions for all scopes...
2025-08-17 18:57:51.206 [info] Got stored sessions!
2025-08-17 18:57:51.206 [info] Got 2 verified sessions.
2025-08-17 18:57:51.206 [info] Got 2 sessions for ...
2025-08-17 18:57:51.206 [info] Getting sessions for all scopes...
2025-08-17 18:57:51.206 [info] Got 2 sessions for ...
2025-08-17 18:57:51.206 [info] Getting sessions for all scopes...
2025-08-17 18:57:51.206 [info] Got 2 sessions for ...
2025-08-17 18:57:51.206 [info] Getting sessions for all scopes...
2025-08-17 18:57:51.206 [info] Got 2 sessions for ...
2025-08-17 18:57:51.206 [info] Getting sessions for all scopes...
2025-08-17 18:57:51.206 [info] Got 2 sessions for ...
2025-08-17 18:57:51.206 [info] Getting sessions for all scopes...
2025-08-17 18:57:51.206 [info] Got 2 sessions for ...
2025-08-17 18:57:51.206 [info] Getting sessions for all scopes...
2025-08-17 18:57:51.206 [info] Got 2 sessions for ...
2025-08-17 18:57:51.206 [info] Getting sessions for all scopes...
2025-08-17 18:57:51.206 [info] Got 2 sessions for ...
2025-08-17 18:57:51.206 [info] Getting sessions for all scopes...
2025-08-17 18:57:51.206 [info] Got 2 sessions for ...
2025-08-17 18:57:51.207 [info] Getting sessions for all scopes...
2025-08-17 18:57:51.207 [info] Got 2 sessions for ...
2025-08-17 18:57:51.207 [info] Getting sessions for all scopes...
2025-08-17 18:57:51.207 [info] Got 2 sessions for ...
2025-08-17 18:57:51.208 [info] Getting sessions for all scopes...
2025-08-17 18:57:51.208 [info] Got 2 sessions for ...
2025-08-17 18:57:51.208 [info] Getting sessions for all scopes...
2025-08-17 18:57:51.208 [info] Got 2 sessions for ...
2025-08-17 18:57:51.208 [info] Getting sessions for all scopes...
2025-08-17 18:57:51.208 [info] Got 2 sessions for ...
2025-08-17 18:57:51.209 [info] Getting sessions for all scopes...
2025-08-17 18:57:51.209 [info] Got 2 sessions for ...
2025-08-17 18:57:51.230 [info] Getting sessions for all scopes...
2025-08-17 18:57:51.230 [info] Got 2 sessions for ...
2025-08-17 18:57:51.441 [info] Getting sessions for read:user,repo,user:email,workflow...
2025-08-17 18:57:51.441 [info] Got 1 sessions for read:user,repo,user:email,workflow...
2025-08-17 18:57:54.539 [info] Getting sessions for all scopes...
2025-08-17 18:57:54.539 [info] Got 2 sessions for ...
2025-08-17 18:57:54.601 [info] Getting sessions for all scopes...
2025-08-17 18:57:54.601 [info] Got 2 sessions for ...
2025-08-17 18:57:54.618 [info] Getting sessions for all scopes...
2025-08-17 18:57:54.618 [info] Got 2 sessions for ...
2025-08-17 18:57:54.618 [info] Getting sessions for all scopes...
2025-08-17 18:57:54.618 [info] Got 2 sessions for ...
2025-08-17 18:57:54.618 [info] Getting sessions for all scopes...
2025-08-17 18:57:54.618 [info] Got 2 sessions for ...
2025-08-17 18:57:55.057 [info] Getting sessions for read:user,repo,user:email,workflow...
2025-08-17 18:57:55.058 [info] Got 1 sessions for read:user,repo,user:email,workflow...
2025-08-17 18:57:55.449 [info] Getting sessions for all scopes...
2025-08-17 18:57:55.449 [info] Got 2 sessions for ...
2025-08-17 18:57:55.452 [info] Getting sessions for all scopes...
2025-08-17 18:57:55.452 [info] Got 2 sessions for ...
2025-08-17 18:57:55.453 [info] Getting sessions for read:user,repo,user:email,workflow...
2025-08-17 18:57:55.453 [info] Got 1 sessions for read:user,repo,user:email,workflow...
2025-08-17 18:57:55.454 [info] Getting sessions for all scopes...
2025-08-17 18:57:55.454 [info] Got 2 sessions for ...
2025-08-17 18:57:55.477 [info] Getting sessions for read:user,repo,user:email,workflow...
2025-08-17 18:57:55.477 [info] Got 1 sessions for read:user,repo,user:email,workflow...
2025-08-17 18:57:55.721 [info] Getting sessions for all scopes...
2025-08-17 18:57:55.721 [info] Got 2 sessions for ...
2025-08-17 18:57:55.722 [info] Getting sessions for read:user,repo,user:email,workflow...
2025-08-17 18:57:55.722 [info] Got 1 sessions for read:user,repo,user:email,workflow...
2025-08-17 18:57:56.300 [info] Getting sessions for all scopes...
2025-08-17 18:57:56.300 [info] Got 2 sessions for ...
2025-08-17 18:57:56.301 [info] Getting sessions for all scopes...
2025-08-17 18:57:56.301 [info] Got 2 sessions for ...
2025-08-17 18:57:56.305 [info] Getting sessions for read:user,repo,user:email,workflow...
2025-08-17 18:57:56.305 [info] Got 1 sessions for read:user,repo,user:email,workflow...
2025-08-17 18:57:56.315 [info] Getting sessions for all scopes...
2025-08-17 18:57:56.315 [info] Got 2 sessions for ...
2025-08-17 18:57:56.316 [info] Getting sessions for read:user,repo,user:email,workflow...
2025-08-17 18:57:56.316 [info] Got 1 sessions for read:user,repo,user:email,workflow...
2025-08-17 18:57:56.496 [info] Getting sessions for all scopes...
2025-08-17 18:57:56.496 [info] Got 2 sessions for ...
2025-08-17 18:57:56.507 [info] Getting sessions for read:user,repo,user:email,workflow...
2025-08-17 18:57:56.507 [info] Got 1 sessions for read:user,repo,user:email,workflow...
2025-08-17 18:57:56.676 [info] Getting sessions for all scopes...
2025-08-17 18:57:56.676 [info] Got 2 sessions for ...
2025-08-17 18:57:56.702 [info] Getting sessions for all scopes...
2025-08-17 18:57:56.702 [info] Got 2 sessions for ...
2025-08-17 18:57:57.498 [info] Getting sessions for all scopes...
2025-08-17 18:57:57.498 [info] Got 2 sessions for ...
