2025-08-17 18:31:17.741 [info] Reading sessions from keychain...
2025-08-17 18:31:17.741 [info] Getting sessions for all scopes...
2025-08-17 18:31:17.849 [info] Got stored sessions!
2025-08-17 18:31:17.849 [info] Got 1 verified sessions.
2025-08-17 18:31:17.849 [info] Got 1 sessions for ...
2025-08-17 18:31:17.849 [info] Getting sessions for all scopes...
2025-08-17 18:31:17.849 [info] Got 1 sessions for ...
2025-08-17 18:31:17.850 [info] Getting sessions for all scopes...
2025-08-17 18:31:17.850 [info] Got 1 sessions for ...
2025-08-17 18:31:17.850 [info] Getting sessions for all scopes...
2025-08-17 18:31:17.850 [info] Got 1 sessions for ...
2025-08-17 18:31:17.850 [info] Getting sessions for all scopes...
2025-08-17 18:31:17.850 [info] Got 1 sessions for ...
2025-08-17 18:31:17.850 [info] Getting sessions for all scopes...
2025-08-17 18:31:17.850 [info] Got 1 sessions for ...
2025-08-17 18:31:17.850 [info] Getting sessions for all scopes...
2025-08-17 18:31:17.850 [info] Got 1 sessions for ...
2025-08-17 18:31:17.852 [info] Getting sessions for all scopes...
2025-08-17 18:31:17.852 [info] Got 1 sessions for ...
2025-08-17 18:31:17.853 [info] Getting sessions for all scopes...
2025-08-17 18:31:17.853 [info] Got 1 sessions for ...
2025-08-17 18:31:17.884 [info] Getting sessions for all scopes...
2025-08-17 18:31:17.885 [info] Got 1 sessions for ...
2025-08-17 18:31:17.967 [info] Getting sessions for all scopes...
2025-08-17 18:31:17.968 [info] Got 1 sessions for ...
2025-08-17 18:31:17.968 [info] Getting sessions for all scopes...
2025-08-17 18:31:17.968 [info] Got 1 sessions for ...
2025-08-17 18:31:17.968 [info] Getting sessions for all scopes...
2025-08-17 18:31:17.968 [info] Got 1 sessions for ...
2025-08-17 18:31:17.968 [info] Getting sessions for all scopes...
2025-08-17 18:31:17.968 [info] Got 1 sessions for ...
2025-08-17 18:31:17.968 [info] Getting sessions for all scopes...
2025-08-17 18:31:17.968 [info] Got 1 sessions for ...
2025-08-17 18:31:18.274 [info] Getting sessions for read:user,repo,user:email,workflow...
2025-08-17 18:31:18.274 [info] Got 0 sessions for read:user,repo,user:email,workflow...
2025-08-17 18:31:18.441 [info] Getting sessions for all scopes...
2025-08-17 18:31:18.441 [info] Got 1 sessions for ...
2025-08-17 18:31:18.504 [info] Getting sessions for user:email...
2025-08-17 18:31:18.504 [info] Got 1 sessions for user:email...
2025-08-17 18:31:18.512 [info] Getting sessions for read:user,repo,user:email,workflow...
2025-08-17 18:31:18.512 [info] Got 0 sessions for read:user,repo,user:email,workflow...
2025-08-17 18:31:21.336 [info] Getting sessions for all scopes...
2025-08-17 18:31:21.336 [info] Got 1 sessions for ...
2025-08-17 18:31:21.346 [info] Getting sessions for all scopes...
2025-08-17 18:31:21.346 [info] Got 1 sessions for ...
2025-08-17 18:31:21.346 [info] Getting sessions for all scopes...
2025-08-17 18:31:21.346 [info] Got 1 sessions for ...
2025-08-17 18:31:21.347 [info] Getting sessions for all scopes...
2025-08-17 18:31:21.347 [info] Got 1 sessions for ...
2025-08-17 18:31:21.396 [info] Getting sessions for all scopes...
2025-08-17 18:31:21.396 [info] Got 1 sessions for ...
2025-08-17 18:31:21.844 [info] Getting sessions for read:user,repo,user:email,workflow...
2025-08-17 18:31:21.844 [info] Got 0 sessions for read:user,repo,user:email,workflow...
2025-08-17 18:31:21.858 [info] Getting sessions for all scopes...
2025-08-17 18:31:21.858 [info] Got 1 sessions for ...
2025-08-17 18:31:21.889 [info] Getting sessions for all scopes...
2025-08-17 18:31:21.889 [info] Got 1 sessions for ...
2025-08-17 18:31:21.890 [info] Getting sessions for read:user,repo,user:email,workflow...
2025-08-17 18:31:21.890 [info] Got 0 sessions for read:user,repo,user:email,workflow...
2025-08-17 18:31:21.937 [info] Getting sessions for user:email...
2025-08-17 18:31:21.937 [info] Got 1 sessions for user:email...
2025-08-17 18:31:21.958 [info] Getting sessions for read:user...
2025-08-17 18:31:21.958 [info] Got 0 sessions for read:user...
2025-08-17 18:31:21.970 [info] Getting sessions for all scopes...
2025-08-17 18:31:21.970 [info] Got 1 sessions for ...
2025-08-17 18:31:22.003 [info] Getting sessions for user:email...
2025-08-17 18:31:22.003 [info] Got 1 sessions for user:email...
2025-08-17 18:31:22.023 [info] Getting sessions for read:user,repo,user:email,workflow...
2025-08-17 18:31:22.023 [info] Got 0 sessions for read:user,repo,user:email,workflow...
2025-08-17 18:31:22.049 [info] Getting sessions for user:email...
2025-08-17 18:31:22.049 [info] Got 1 sessions for user:email...
2025-08-17 18:31:22.505 [info] Getting sessions for all scopes...
2025-08-17 18:31:22.505 [info] Got 1 sessions for ...
2025-08-17 18:31:22.510 [info] Getting sessions for read:user,repo,user:email,workflow...
2025-08-17 18:31:22.511 [info] Got 0 sessions for read:user,repo,user:email,workflow...
2025-08-17 18:31:22.520 [info] Getting sessions for user:email...
2025-08-17 18:31:22.521 [info] Got 1 sessions for user:email...
2025-08-17 18:31:23.073 [info] Getting sessions for all scopes...
2025-08-17 18:31:23.073 [info] Got 1 sessions for ...
2025-08-17 18:31:23.073 [info] Getting sessions for all scopes...
2025-08-17 18:31:23.073 [info] Got 1 sessions for ...
2025-08-17 18:31:23.091 [info] Getting sessions for read:user,repo,user:email,workflow...
2025-08-17 18:31:23.092 [info] Got 0 sessions for read:user,repo,user:email,workflow...
2025-08-17 18:31:23.095 [info] Getting sessions for user:email...
2025-08-17 18:31:23.095 [info] Got 1 sessions for user:email...
2025-08-17 18:31:23.097 [info] Getting sessions for read:user,repo,user:email,workflow...
2025-08-17 18:31:23.097 [info] Got 0 sessions for read:user,repo,user:email,workflow...
2025-08-17 18:31:23.102 [info] Getting sessions for all scopes...
2025-08-17 18:31:23.102 [info] Got 1 sessions for ...
2025-08-17 18:31:23.109 [info] Getting sessions for read:user,repo,user:email,workflow...
2025-08-17 18:31:23.110 [info] Got 0 sessions for read:user,repo,user:email,workflow...
2025-08-17 18:31:23.114 [info] Getting sessions for user:email...
2025-08-17 18:31:23.114 [info] Got 1 sessions for user:email...
2025-08-17 18:31:23.309 [info] Getting sessions for all scopes...
2025-08-17 18:31:23.309 [info] Got 1 sessions for ...
2025-08-17 18:31:23.326 [info] Getting sessions for all scopes...
2025-08-17 18:31:23.326 [info] Got 1 sessions for ...
2025-08-17 18:31:23.343 [info] Getting sessions for read:user,repo,user:email,workflow...
2025-08-17 18:31:23.343 [info] Got 0 sessions for read:user,repo,user:email,workflow...
2025-08-17 18:31:23.344 [info] Getting sessions for user:email...
2025-08-17 18:31:23.344 [info] Got 1 sessions for user:email...
2025-08-17 18:31:23.346 [info] Getting sessions for read:user,repo,user:email,workflow...
2025-08-17 18:31:23.346 [info] Got 0 sessions for read:user,repo,user:email,workflow...
2025-08-17 18:31:23.355 [info] Getting sessions for all scopes...
2025-08-17 18:31:23.355 [info] Got 1 sessions for ...
2025-08-17 18:31:23.358 [info] Getting sessions for all scopes...
2025-08-17 18:31:23.359 [info] Got 1 sessions for ...
2025-08-17 18:31:23.360 [info] Getting sessions for all scopes...
2025-08-17 18:31:23.361 [info] Got 1 sessions for ...
2025-08-17 18:31:23.370 [info] Getting sessions for read:user,repo,user:email,workflow...
2025-08-17 18:31:23.370 [info] Got 0 sessions for read:user,repo,user:email,workflow...
2025-08-17 18:31:23.371 [info] Getting sessions for user:email...
2025-08-17 18:31:23.371 [info] Got 1 sessions for user:email...
2025-08-17 18:31:24.662 [info] Getting sessions for all scopes...
2025-08-17 18:31:24.662 [info] Got 1 sessions for ...
2025-08-17 18:31:26.348 [info] Getting sessions for all scopes...
2025-08-17 18:31:26.348 [info] Got 1 sessions for ...
2025-08-17 18:31:26.349 [info] Getting sessions for read:user,repo,user:email,workflow...
2025-08-17 18:31:26.349 [info] Got 0 sessions for read:user,repo,user:email,workflow...
2025-08-17 18:31:26.350 [info] Getting sessions for user:email...
2025-08-17 18:31:26.350 [info] Got 1 sessions for user:email...
2025-08-17 18:31:30.558 [info] Getting sessions for all scopes...
2025-08-17 18:31:30.558 [info] Got 1 sessions for ...
2025-08-17 18:31:30.560 [info] Getting sessions for read:user,repo,user:email,workflow...
2025-08-17 18:31:30.560 [info] Got 0 sessions for read:user,repo,user:email,workflow...
2025-08-17 18:31:30.562 [info] Getting sessions for user:email...
2025-08-17 18:31:30.562 [info] Got 1 sessions for user:email...
2025-08-17 18:31:32.470 [info] Getting sessions for all scopes...
2025-08-17 18:31:32.470 [info] Got 1 sessions for ...
2025-08-17 18:31:32.471 [info] Getting sessions for read:user,repo,user:email,workflow...
2025-08-17 18:31:32.471 [info] Got 0 sessions for read:user,repo,user:email,workflow...
2025-08-17 18:31:32.472 [info] Getting sessions for user:email...
2025-08-17 18:31:32.473 [info] Got 1 sessions for user:email...
2025-08-17 18:31:35.515 [info] Getting sessions for all scopes...
2025-08-17 18:31:35.515 [info] Got 1 sessions for ...
2025-08-17 18:31:35.518 [info] Getting sessions for read:user,repo,user:email,workflow...
2025-08-17 18:31:35.518 [info] Got 0 sessions for read:user,repo,user:email,workflow...
2025-08-17 18:31:35.519 [info] Getting sessions for user:email...
2025-08-17 18:31:35.519 [info] Got 1 sessions for user:email...
2025-08-17 18:32:01.240 [info] Getting sessions for all scopes...
2025-08-17 18:32:01.240 [info] Got 1 sessions for ...
2025-08-17 18:32:01.242 [info] Getting sessions for read:user,repo,user:email,workflow...
2025-08-17 18:32:01.242 [info] Got 0 sessions for read:user,repo,user:email,workflow...
2025-08-17 18:32:01.244 [info] Getting sessions for user:email...
2025-08-17 18:32:01.244 [info] Got 1 sessions for user:email...
2025-08-17 18:32:06.529 [info] Getting sessions for all scopes...
2025-08-17 18:32:06.529 [info] Got 1 sessions for ...
2025-08-17 18:32:06.534 [info] Getting sessions for read:user,repo,user:email,workflow...
2025-08-17 18:32:06.534 [info] Got 0 sessions for read:user,repo,user:email,workflow...
2025-08-17 18:32:06.536 [info] Getting sessions for user:email...
2025-08-17 18:32:06.537 [info] Got 1 sessions for user:email...
2025-08-17 18:33:09.614 [info] Getting sessions for all scopes...
2025-08-17 18:33:09.614 [info] Got 1 sessions for ...
2025-08-17 18:33:09.616 [info] Getting sessions for read:user,repo,user:email,workflow...
2025-08-17 18:33:09.616 [info] Got 0 sessions for read:user,repo,user:email,workflow...
2025-08-17 18:33:09.618 [info] Getting sessions for user:email...
2025-08-17 18:33:09.618 [info] Got 1 sessions for user:email...
2025-08-17 18:33:12.588 [info] Getting sessions for all scopes...
2025-08-17 18:33:12.588 [info] Got 1 sessions for ...
2025-08-17 18:33:12.593 [info] Getting sessions for read:user,repo,user:email,workflow...
2025-08-17 18:33:12.593 [info] Got 0 sessions for read:user,repo,user:email,workflow...
2025-08-17 18:33:12.663 [info] Getting sessions for user:email...
2025-08-17 18:33:12.663 [info] Got 1 sessions for user:email...
2025-08-17 18:33:13.526 [info] Getting sessions for all scopes...
2025-08-17 18:33:13.526 [info] Got 1 sessions for ...
2025-08-17 18:33:13.527 [info] Getting sessions for read:user,repo,user:email,workflow...
2025-08-17 18:33:13.528 [info] Got 0 sessions for read:user,repo,user:email,workflow...
2025-08-17 18:33:13.529 [info] Getting sessions for user:email...
2025-08-17 18:33:13.529 [info] Got 1 sessions for user:email...
2025-08-17 18:33:14.248 [info] Getting sessions for all scopes...
2025-08-17 18:33:14.248 [info] Got 1 sessions for ...
2025-08-17 18:33:14.249 [info] Getting sessions for read:user,repo,user:email,workflow...
2025-08-17 18:33:14.249 [info] Got 0 sessions for read:user,repo,user:email,workflow...
2025-08-17 18:33:14.251 [info] Getting sessions for user:email...
2025-08-17 18:33:14.251 [info] Got 1 sessions for user:email...
2025-08-17 18:33:15.180 [info] Getting sessions for all scopes...
2025-08-17 18:33:15.180 [info] Got 1 sessions for ...
2025-08-17 18:33:15.193 [info] Getting sessions for read:user,repo,user:email,workflow...
2025-08-17 18:33:15.194 [info] Got 0 sessions for read:user,repo,user:email,workflow...
2025-08-17 18:33:15.200 [info] Getting sessions for user:email...
2025-08-17 18:33:15.201 [info] Got 1 sessions for user:email...
2025-08-17 18:33:16.772 [info] Getting sessions for all scopes...
2025-08-17 18:33:16.772 [info] Got 1 sessions for ...
2025-08-17 18:33:16.774 [info] Getting sessions for read:user,repo,user:email,workflow...
2025-08-17 18:33:16.774 [info] Got 0 sessions for read:user,repo,user:email,workflow...
2025-08-17 18:33:16.775 [info] Getting sessions for user:email...
2025-08-17 18:33:16.775 [info] Got 1 sessions for user:email...
2025-08-17 18:33:17.411 [info] Getting sessions for all scopes...
2025-08-17 18:33:17.411 [info] Got 1 sessions for ...
2025-08-17 18:33:17.412 [info] Getting sessions for read:user,repo,user:email,workflow...
2025-08-17 18:33:17.412 [info] Got 0 sessions for read:user,repo,user:email,workflow...
2025-08-17 18:33:17.414 [info] Getting sessions for user:email...
2025-08-17 18:33:17.414 [info] Got 1 sessions for user:email...
2025-08-17 18:33:20.967 [info] Getting sessions for all scopes...
2025-08-17 18:33:20.967 [info] Got 1 sessions for ...
2025-08-17 18:33:20.970 [info] Getting sessions for read:user,repo,user:email,workflow...
2025-08-17 18:33:20.970 [info] Got 0 sessions for read:user,repo,user:email,workflow...
2025-08-17 18:33:20.978 [info] Getting sessions for user:email...
2025-08-17 18:33:20.978 [info] Got 1 sessions for user:email...
2025-08-17 18:33:21.182 [info] Getting sessions for all scopes...
2025-08-17 18:33:21.182 [info] Got 1 sessions for ...
2025-08-17 18:33:21.183 [info] Getting sessions for read:user,repo,user:email,workflow...
2025-08-17 18:33:21.183 [info] Got 0 sessions for read:user,repo,user:email,workflow...
2025-08-17 18:33:21.189 [info] Getting sessions for user:email...
2025-08-17 18:33:21.189 [info] Got 1 sessions for user:email...
2025-08-17 18:33:23.634 [info] Getting sessions for all scopes...
2025-08-17 18:33:23.634 [info] Got 1 sessions for ...
2025-08-17 18:33:23.641 [info] Getting sessions for read:user,repo,user:email,workflow...
2025-08-17 18:33:23.641 [info] Got 0 sessions for read:user,repo,user:email,workflow...
2025-08-17 18:33:23.644 [info] Getting sessions for user:email...
2025-08-17 18:33:23.644 [info] Got 1 sessions for user:email...
