2025-08-15 18:12:02.001 [info] Reading sessions from keychain...
2025-08-15 18:12:02.002 [info] Getting sessions for all scopes...
2025-08-15 18:12:02.002 [info] Got 0 sessions for ...
2025-08-15 18:12:02.002 [info] Getting sessions for all scopes...
2025-08-15 18:12:02.002 [info] Got 0 sessions for ...
2025-08-15 18:12:02.002 [info] Getting sessions for all scopes...
2025-08-15 18:12:02.002 [info] Got 0 sessions for ...
2025-08-15 18:12:02.002 [info] Getting sessions for all scopes...
2025-08-15 18:12:02.002 [info] Got 0 sessions for ...
2025-08-15 18:12:02.002 [info] Getting sessions for all scopes...
2025-08-15 18:12:02.002 [info] Got 0 sessions for ...
2025-08-15 18:12:02.002 [info] Getting sessions for all scopes...
2025-08-15 18:12:02.002 [info] Got 0 sessions for ...
2025-08-15 18:12:02.002 [info] Getting sessions for all scopes...
2025-08-15 18:12:02.002 [info] Got 0 sessions for ...
2025-08-15 18:12:02.002 [info] Getting sessions for all scopes...
2025-08-15 18:12:02.002 [info] Got 0 sessions for ...
2025-08-15 18:12:02.002 [info] Getting sessions for all scopes...
2025-08-15 18:12:02.002 [info] Got 0 sessions for ...
2025-08-15 18:12:02.002 [info] Getting sessions for all scopes...
2025-08-15 18:12:02.002 [info] Got 0 sessions for ...
2025-08-15 18:12:02.002 [info] Getting sessions for all scopes...
2025-08-15 18:12:02.002 [info] Got 0 sessions for ...
2025-08-15 18:12:02.002 [info] Getting sessions for all scopes...
2025-08-15 18:12:02.002 [info] Got 0 sessions for ...
2025-08-15 18:12:02.002 [info] Getting sessions for all scopes...
2025-08-15 18:12:02.002 [info] Got 0 sessions for ...
2025-08-15 18:12:02.002 [info] Getting sessions for all scopes...
2025-08-15 18:12:02.002 [info] Got 0 sessions for ...
2025-08-15 18:12:02.002 [info] Getting sessions for all scopes...
2025-08-15 18:12:02.002 [info] Got 0 sessions for ...
2025-08-15 18:12:02.002 [info] Getting sessions for all scopes...
2025-08-15 18:12:02.002 [info] Got 0 sessions for ...
2025-08-15 18:12:02.002 [info] Getting sessions for all scopes...
2025-08-15 18:12:02.002 [info] Got 0 sessions for ...
2025-08-15 18:12:02.025 [info] Getting sessions for user:email...
2025-08-15 18:12:02.025 [info] Got 0 sessions for user:email...
2025-08-15 18:12:02.026 [info] Getting sessions for read:user,repo,user:email,workflow...
2025-08-15 18:12:02.026 [info] Got 0 sessions for read:user,repo,user:email,workflow...
2025-08-15 18:12:02.033 [info] Getting sessions for all scopes...
2025-08-15 18:12:02.033 [info] Got 0 sessions for ...
2025-08-15 18:12:02.056 [info] Getting sessions for all scopes...
2025-08-15 18:12:02.056 [info] Got 0 sessions for ...
2025-08-15 18:12:02.088 [info] Getting sessions for read:user,repo,user:email,workflow...
2025-08-15 18:12:02.089 [info] Got 0 sessions for read:user,repo,user:email,workflow...
2025-08-15 18:12:02.139 [info] Getting sessions for all scopes...
2025-08-15 18:12:02.139 [info] Got 0 sessions for ...
2025-08-15 18:12:02.194 [info] Getting sessions for read:user...
2025-08-15 18:12:02.194 [info] Got 0 sessions for read:user...
2025-08-15 18:12:02.220 [info] Getting sessions for user:email...
2025-08-15 18:12:02.220 [info] Got 0 sessions for user:email...
2025-08-15 18:12:02.392 [info] Getting sessions for user:email...
2025-08-15 18:12:02.392 [info] Got 0 sessions for user:email...
2025-08-15 18:12:03.024 [info] Getting sessions for all scopes...
2025-08-15 18:12:03.024 [info] Got 0 sessions for ...
2025-08-15 18:12:03.026 [info] Getting sessions for all scopes...
2025-08-15 18:12:03.026 [info] Got 0 sessions for ...
2025-08-15 18:12:03.150 [info] Getting sessions for user:email...
2025-08-15 18:12:03.151 [info] Got 0 sessions for user:email...
2025-08-15 18:12:03.831 [info] Getting sessions for all scopes...
2025-08-15 18:12:03.833 [info] Got 0 sessions for ...
2025-08-15 18:12:03.834 [info] Getting sessions for all scopes...
2025-08-15 18:12:03.834 [info] Got 0 sessions for ...
2025-08-15 18:12:04.363 [info] Getting sessions for user:email...
2025-08-15 18:12:04.363 [info] Got 0 sessions for user:email...
2025-08-15 18:12:04.813 [info] Getting sessions for all scopes...
2025-08-15 18:12:04.813 [info] Got 0 sessions for ...
2025-08-15 18:12:04.830 [info] Getting sessions for user:email...
2025-08-15 18:12:04.830 [info] Got 0 sessions for user:email...
2025-08-15 18:12:04.900 [info] Getting sessions for all scopes...
2025-08-15 18:12:04.901 [info] Got 0 sessions for ...
2025-08-15 18:12:04.908 [info] Getting sessions for all scopes...
2025-08-15 18:12:04.908 [info] Got 0 sessions for ...
2025-08-15 18:24:57.246 [info] Reading sessions from keychain...
2025-08-15 18:24:57.248 [info] Getting sessions for all scopes...
2025-08-15 18:24:57.271 [info] Got 0 sessions for ...
2025-08-15 18:24:57.271 [info] Getting sessions for all scopes...
2025-08-15 18:24:57.271 [info] Got 0 sessions for ...
2025-08-15 18:24:57.271 [info] Getting sessions for all scopes...
2025-08-15 18:24:57.271 [info] Got 0 sessions for ...
2025-08-15 18:24:57.271 [info] Getting sessions for all scopes...
2025-08-15 18:24:57.271 [info] Got 0 sessions for ...
2025-08-15 18:24:57.272 [info] Getting sessions for all scopes...
2025-08-15 18:24:57.272 [info] Got 0 sessions for ...
2025-08-15 18:24:57.272 [info] Getting sessions for all scopes...
2025-08-15 18:24:57.272 [info] Got 0 sessions for ...
2025-08-15 18:24:57.272 [info] Getting sessions for all scopes...
2025-08-15 18:24:57.272 [info] Got 0 sessions for ...
2025-08-15 18:24:57.350 [info] Getting sessions for all scopes...
2025-08-15 18:24:57.350 [info] Got 0 sessions for ...
2025-08-15 18:24:57.350 [info] Getting sessions for all scopes...
2025-08-15 18:24:57.350 [info] Got 0 sessions for ...
2025-08-15 18:24:57.350 [info] Getting sessions for all scopes...
2025-08-15 18:24:57.350 [info] Got 0 sessions for ...
2025-08-15 18:24:57.351 [info] Getting sessions for all scopes...
2025-08-15 18:24:57.351 [info] Got 0 sessions for ...
2025-08-15 18:24:57.351 [info] Getting sessions for all scopes...
2025-08-15 18:24:57.351 [info] Got 0 sessions for ...
2025-08-15 18:24:57.351 [info] Getting sessions for all scopes...
2025-08-15 18:24:57.351 [info] Got 0 sessions for ...
2025-08-15 18:24:57.797 [info] Getting sessions for all scopes...
2025-08-15 18:24:57.797 [info] Got 0 sessions for ...
2025-08-15 18:25:01.970 [info] Getting sessions for all scopes...
2025-08-15 18:25:01.970 [info] Got 0 sessions for ...
2025-08-15 18:25:02.002 [info] Getting sessions for all scopes...
2025-08-15 18:25:02.002 [info] Got 0 sessions for ...
2025-08-15 18:25:02.002 [info] Getting sessions for all scopes...
2025-08-15 18:25:02.002 [info] Got 0 sessions for ...
2025-08-15 18:25:02.002 [info] Getting sessions for all scopes...
2025-08-15 18:25:02.002 [info] Got 0 sessions for ...
2025-08-15 18:25:02.147 [info] Getting sessions for all scopes...
2025-08-15 18:25:02.147 [info] Got 0 sessions for ...
2025-08-15 18:25:02.147 [info] Getting sessions for all scopes...
2025-08-15 18:25:02.147 [info] Got 0 sessions for ...
2025-08-15 18:25:02.940 [info] Getting sessions for all scopes...
2025-08-15 18:25:02.940 [info] Got 0 sessions for ...
2025-08-15 18:25:02.941 [info] Getting sessions for user:email...
2025-08-15 18:25:02.941 [info] Got 0 sessions for user:email...
2025-08-15 18:25:02.949 [info] Getting sessions for read:user,repo,user:email,workflow...
2025-08-15 18:25:02.950 [info] Got 0 sessions for read:user,repo,user:email,workflow...
2025-08-15 18:25:02.951 [info] Getting sessions for all scopes...
2025-08-15 18:25:02.951 [info] Got 0 sessions for ...
2025-08-15 18:25:02.951 [info] Getting sessions for read:user,repo,user:email,workflow...
2025-08-15 18:25:02.951 [info] Got 0 sessions for read:user,repo,user:email,workflow...
2025-08-15 18:25:02.956 [info] Getting sessions for all scopes...
2025-08-15 18:25:02.956 [info] Got 0 sessions for ...
2025-08-15 18:25:02.974 [info] Getting sessions for read:user...
2025-08-15 18:25:02.974 [info] Got 0 sessions for read:user...
2025-08-15 18:25:02.984 [info] Getting sessions for user:email...
2025-08-15 18:25:02.985 [info] Got 0 sessions for user:email...
2025-08-15 18:25:02.986 [info] Getting sessions for user:email...
2025-08-15 18:25:02.986 [info] Got 0 sessions for user:email...
2025-08-15 18:25:03.115 [info] Getting sessions for all scopes...
2025-08-15 18:25:03.115 [info] Got 0 sessions for ...
2025-08-15 18:25:03.131 [info] Getting sessions for user:email...
2025-08-15 18:25:03.131 [info] Got 0 sessions for user:email...
2025-08-15 18:25:03.390 [info] Getting sessions for all scopes...
2025-08-15 18:25:03.390 [info] Got 0 sessions for ...
2025-08-15 18:25:03.401 [info] Getting sessions for user:email...
2025-08-15 18:25:03.401 [info] Got 0 sessions for user:email...
2025-08-15 18:25:03.411 [info] Getting sessions for all scopes...
2025-08-15 18:25:03.411 [info] Got 0 sessions for ...
2025-08-15 18:25:03.412 [info] Getting sessions for all scopes...
2025-08-15 18:25:03.412 [info] Got 0 sessions for ...
2025-08-15 18:25:03.417 [info] Getting sessions for user:email...
2025-08-15 18:25:03.417 [info] Got 0 sessions for user:email...
