2025-08-17 20:24:34.484 [info] Reading sessions from keychain...
2025-08-17 20:24:34.485 [info] Getting sessions for all scopes...
2025-08-17 20:24:34.767 [info] Got stored sessions!
2025-08-17 20:24:34.767 [info] Got 2 verified sessions.
2025-08-17 20:24:34.767 [info] Got 2 sessions for ...
2025-08-17 20:24:34.767 [info] Getting sessions for all scopes...
2025-08-17 20:24:34.767 [info] Got 2 sessions for ...
2025-08-17 20:24:34.767 [info] Getting sessions for all scopes...
2025-08-17 20:24:34.767 [info] Got 2 sessions for ...
2025-08-17 20:24:34.768 [info] Getting sessions for all scopes...
2025-08-17 20:24:34.768 [info] Got 2 sessions for ...
2025-08-17 20:24:34.768 [info] Getting sessions for all scopes...
2025-08-17 20:24:34.768 [info] Got 2 sessions for ...
2025-08-17 20:24:34.768 [info] Getting sessions for all scopes...
2025-08-17 20:24:34.768 [info] Got 2 sessions for ...
2025-08-17 20:24:34.768 [info] Getting sessions for all scopes...
2025-08-17 20:24:34.768 [info] Got 2 sessions for ...
2025-08-17 20:24:35.041 [info] Getting sessions for all scopes...
2025-08-17 20:24:35.041 [info] Got 2 sessions for ...
2025-08-17 20:24:35.122 [info] Getting sessions for all scopes...
2025-08-17 20:24:35.122 [info] Got 2 sessions for ...
2025-08-17 20:24:35.123 [info] Getting sessions for all scopes...
2025-08-17 20:24:35.123 [info] Got 2 sessions for ...
2025-08-17 20:24:35.124 [info] Getting sessions for all scopes...
2025-08-17 20:24:35.124 [info] Got 2 sessions for ...
2025-08-17 20:24:35.125 [info] Getting sessions for all scopes...
2025-08-17 20:24:35.125 [info] Got 2 sessions for ...
2025-08-17 20:24:35.125 [info] Getting sessions for all scopes...
2025-08-17 20:24:35.125 [info] Got 2 sessions for ...
2025-08-17 20:24:39.054 [info] Getting sessions for all scopes...
2025-08-17 20:24:39.054 [info] Got 2 sessions for ...
2025-08-17 20:24:39.268 [info] Getting sessions for all scopes...
2025-08-17 20:24:39.268 [info] Got 2 sessions for ...
2025-08-17 20:24:39.284 [info] Getting sessions for all scopes...
2025-08-17 20:24:39.284 [info] Got 2 sessions for ...
2025-08-17 20:24:39.284 [info] Getting sessions for all scopes...
2025-08-17 20:24:39.284 [info] Got 2 sessions for ...
2025-08-17 20:24:39.285 [info] Getting sessions for all scopes...
2025-08-17 20:24:39.285 [info] Got 2 sessions for ...
2025-08-17 20:24:39.435 [info] Getting sessions for all scopes...
2025-08-17 20:24:39.435 [info] Got 2 sessions for ...
2025-08-17 20:24:39.435 [info] Getting sessions for all scopes...
2025-08-17 20:24:39.435 [info] Got 2 sessions for ...
2025-08-17 20:24:40.334 [info] Getting sessions for all scopes...
2025-08-17 20:24:40.334 [info] Got 2 sessions for ...
2025-08-17 20:24:40.337 [info] Getting sessions for read:user,repo,user:email,workflow...
2025-08-17 20:24:40.337 [info] Got 1 sessions for read:user,repo,user:email,workflow...
2025-08-17 20:24:40.370 [info] Getting sessions for all scopes...
2025-08-17 20:24:40.370 [info] Got 2 sessions for ...
2025-08-17 20:24:40.374 [info] Getting sessions for read:user,repo,user:email,workflow...
2025-08-17 20:24:40.374 [info] Got 1 sessions for read:user,repo,user:email,workflow...
2025-08-17 20:24:40.473 [info] Getting sessions for all scopes...
2025-08-17 20:24:40.473 [info] Got 2 sessions for ...
2025-08-17 20:24:40.474 [info] Getting sessions for read:user,repo,user:email,workflow...
2025-08-17 20:24:40.474 [info] Got 1 sessions for read:user,repo,user:email,workflow...
2025-08-17 20:24:40.707 [info] Getting sessions for read:user,repo,user:email,workflow...
2025-08-17 20:24:40.707 [info] Got 1 sessions for read:user,repo,user:email,workflow...
2025-08-17 20:24:40.754 [info] Getting sessions for all scopes...
2025-08-17 20:24:40.754 [info] Got 2 sessions for ...
2025-08-17 20:24:40.769 [info] Getting sessions for read:user,repo,user:email,workflow...
2025-08-17 20:24:40.769 [info] Got 1 sessions for read:user,repo,user:email,workflow...
2025-08-17 20:24:41.276 [info] Getting sessions for all scopes...
2025-08-17 20:24:41.276 [info] Got 2 sessions for ...
2025-08-17 20:24:41.276 [info] Getting sessions for all scopes...
2025-08-17 20:24:41.276 [info] Got 2 sessions for ...
2025-08-17 20:24:41.280 [info] Getting sessions for read:user,repo,user:email,workflow...
2025-08-17 20:24:41.280 [info] Got 1 sessions for read:user,repo,user:email,workflow...
2025-08-17 20:24:41.783 [info] Getting sessions for all scopes...
2025-08-17 20:24:41.783 [info] Got 2 sessions for ...
2025-08-17 20:24:41.785 [info] Getting sessions for all scopes...
2025-08-17 20:24:41.785 [info] Got 2 sessions for ...
2025-08-17 20:24:41.802 [info] Getting sessions for read:user,repo,user:email,workflow...
2025-08-17 20:24:41.802 [info] Got 1 sessions for read:user,repo,user:email,workflow...
2025-08-17 20:24:41.806 [info] Getting sessions for all scopes...
2025-08-17 20:24:41.806 [info] Got 2 sessions for ...
2025-08-17 20:24:41.815 [info] Getting sessions for read:user,repo,user:email,workflow...
2025-08-17 20:24:41.815 [info] Got 1 sessions for read:user,repo,user:email,workflow...
2025-08-17 20:24:41.927 [info] Getting sessions for all scopes...
2025-08-17 20:24:41.928 [info] Got 2 sessions for ...
2025-08-17 20:24:41.928 [info] Getting sessions for all scopes...
2025-08-17 20:24:41.928 [info] Got 2 sessions for ...
2025-08-17 20:24:41.933 [info] Getting sessions for read:user,repo,user:email,workflow...
2025-08-17 20:24:41.933 [info] Got 1 sessions for read:user,repo,user:email,workflow...
2025-08-17 20:24:41.941 [info] Getting sessions for all scopes...
2025-08-17 20:24:41.941 [info] Got 2 sessions for ...
2025-08-17 20:24:41.943 [info] Getting sessions for all scopes...
2025-08-17 20:24:41.943 [info] Got 2 sessions for ...
2025-08-17 20:24:43.547 [info] Getting sessions for all scopes...
2025-08-17 20:24:43.547 [info] Got 2 sessions for ...
