2025-08-17 18:59:17.122 [info] Reading sessions from keychain...
2025-08-17 18:59:17.122 [info] Getting sessions for all scopes...
2025-08-17 18:59:17.122 [info] Got stored sessions!
2025-08-17 18:59:17.122 [info] Got 2 verified sessions.
2025-08-17 18:59:17.122 [info] Got 2 sessions for ...
2025-08-17 18:59:17.122 [info] Getting sessions for all scopes...
2025-08-17 18:59:17.122 [info] Got 2 sessions for ...
2025-08-17 18:59:17.122 [info] Getting sessions for all scopes...
2025-08-17 18:59:17.122 [info] Got 2 sessions for ...
2025-08-17 18:59:17.122 [info] Getting sessions for all scopes...
2025-08-17 18:59:17.122 [info] Got 2 sessions for ...
2025-08-17 18:59:17.122 [info] Getting sessions for all scopes...
2025-08-17 18:59:17.122 [info] Got 2 sessions for ...
2025-08-17 18:59:17.122 [info] Getting sessions for all scopes...
2025-08-17 18:59:17.122 [info] Got 2 sessions for ...
2025-08-17 18:59:17.122 [info] Getting sessions for all scopes...
2025-08-17 18:59:17.122 [info] Got 2 sessions for ...
2025-08-17 18:59:17.122 [info] Getting sessions for all scopes...
2025-08-17 18:59:17.122 [info] Got 2 sessions for ...
2025-08-17 18:59:17.805 [info] Getting sessions for all scopes...
2025-08-17 18:59:17.806 [info] Got 2 sessions for ...
2025-08-17 18:59:17.807 [info] Getting sessions for all scopes...
2025-08-17 18:59:17.807 [info] Got 2 sessions for ...
2025-08-17 18:59:17.807 [info] Getting sessions for all scopes...
2025-08-17 18:59:17.807 [info] Got 2 sessions for ...
2025-08-17 18:59:17.811 [info] Getting sessions for all scopes...
2025-08-17 18:59:17.811 [info] Got 2 sessions for ...
2025-08-17 18:59:17.814 [info] Getting sessions for all scopes...
2025-08-17 18:59:17.814 [info] Got 2 sessions for ...
2025-08-17 18:59:17.823 [info] Getting sessions for all scopes...
2025-08-17 18:59:17.823 [info] Got 2 sessions for ...
2025-08-17 18:59:17.824 [info] Getting sessions for all scopes...
2025-08-17 18:59:17.824 [info] Got 2 sessions for ...
2025-08-17 18:59:17.824 [info] Getting sessions for all scopes...
2025-08-17 18:59:17.824 [info] Got 2 sessions for ...
2025-08-17 18:59:22.982 [info] Getting sessions for read:user,repo,user:email,workflow...
2025-08-17 18:59:22.983 [info] Got 1 sessions for read:user,repo,user:email,workflow...
2025-08-17 18:59:23.091 [info] Getting sessions for all scopes...
2025-08-17 18:59:23.091 [info] Got 2 sessions for ...
2025-08-17 18:59:23.130 [info] Getting sessions for all scopes...
2025-08-17 18:59:23.130 [info] Got 2 sessions for ...
2025-08-17 18:59:23.165 [info] Getting sessions for all scopes...
2025-08-17 18:59:23.165 [info] Got 2 sessions for ...
2025-08-17 18:59:23.166 [info] Getting sessions for all scopes...
2025-08-17 18:59:23.166 [info] Got 2 sessions for ...
2025-08-17 18:59:23.166 [info] Getting sessions for all scopes...
2025-08-17 18:59:23.166 [info] Got 2 sessions for ...
2025-08-17 18:59:23.866 [info] Getting sessions for all scopes...
2025-08-17 18:59:23.866 [info] Got 2 sessions for ...
2025-08-17 18:59:23.882 [info] Getting sessions for all scopes...
2025-08-17 18:59:23.882 [info] Got 2 sessions for ...
2025-08-17 18:59:24.304 [info] Getting sessions for all scopes...
2025-08-17 18:59:24.304 [info] Got 2 sessions for ...
2025-08-17 18:59:24.363 [info] Getting sessions for all scopes...
2025-08-17 18:59:24.364 [info] Got 2 sessions for ...
2025-08-17 18:59:24.364 [info] Getting sessions for read:user,repo,user:email,workflow...
2025-08-17 18:59:24.364 [info] Got 1 sessions for read:user,repo,user:email,workflow...
2025-08-17 18:59:24.397 [info] Getting sessions for read:user,repo,user:email,workflow...
2025-08-17 18:59:24.397 [info] Got 1 sessions for read:user,repo,user:email,workflow...
2025-08-17 18:59:24.462 [info] Getting sessions for all scopes...
2025-08-17 18:59:24.462 [info] Got 2 sessions for ...
2025-08-17 18:59:24.573 [info] Getting sessions for read:user,repo,user:email,workflow...
2025-08-17 18:59:24.573 [info] Got 1 sessions for read:user,repo,user:email,workflow...
2025-08-17 18:59:25.313 [info] Getting sessions for all scopes...
2025-08-17 18:59:25.314 [info] Got 2 sessions for ...
2025-08-17 18:59:25.314 [info] Getting sessions for all scopes...
2025-08-17 18:59:25.314 [info] Got 2 sessions for ...
2025-08-17 18:59:25.324 [info] Getting sessions for read:user,repo,user:email,workflow...
2025-08-17 18:59:25.324 [info] Got 1 sessions for read:user,repo,user:email,workflow...
2025-08-17 18:59:25.328 [info] Getting sessions for all scopes...
2025-08-17 18:59:25.328 [info] Got 2 sessions for ...
2025-08-17 18:59:25.332 [info] Getting sessions for read:user,repo,user:email,workflow...
2025-08-17 18:59:25.332 [info] Got 1 sessions for read:user,repo,user:email,workflow...
2025-08-17 18:59:25.594 [info] Getting sessions for all scopes...
2025-08-17 18:59:25.594 [info] Got 2 sessions for ...
2025-08-17 18:59:25.629 [info] Getting sessions for read:user,repo,user:email,workflow...
2025-08-17 18:59:25.629 [info] Got 1 sessions for read:user,repo,user:email,workflow...
2025-08-17 18:59:25.639 [info] Getting sessions for all scopes...
2025-08-17 18:59:25.639 [info] Got 2 sessions for ...
2025-08-17 18:59:25.643 [info] Getting sessions for all scopes...
2025-08-17 18:59:25.643 [info] Got 2 sessions for ...
2025-08-17 18:59:26.523 [info] Getting sessions for all scopes...
2025-08-17 18:59:26.523 [info] Got 2 sessions for ...
2025-08-17 18:59:44.372 [info] Reading sessions from keychain...
2025-08-17 18:59:44.372 [info] Getting sessions for all scopes...
2025-08-17 18:59:44.893 [info] Got stored sessions!
2025-08-17 18:59:44.893 [info] Got 2 verified sessions.
2025-08-17 18:59:44.893 [info] Got 2 sessions for ...
2025-08-17 18:59:44.893 [info] Getting sessions for all scopes...
2025-08-17 18:59:44.893 [info] Got 2 sessions for ...
2025-08-17 18:59:44.893 [info] Getting sessions for all scopes...
2025-08-17 18:59:44.893 [info] Got 2 sessions for ...
2025-08-17 18:59:44.893 [info] Getting sessions for all scopes...
2025-08-17 18:59:44.893 [info] Got 2 sessions for ...
2025-08-17 18:59:44.893 [info] Getting sessions for all scopes...
2025-08-17 18:59:44.893 [info] Got 2 sessions for ...
2025-08-17 18:59:44.893 [info] Getting sessions for all scopes...
2025-08-17 18:59:44.893 [info] Got 2 sessions for ...
2025-08-17 18:59:44.894 [info] Getting sessions for all scopes...
2025-08-17 18:59:44.894 [info] Got 2 sessions for ...
2025-08-17 18:59:44.894 [info] Getting sessions for all scopes...
2025-08-17 18:59:44.894 [info] Got 2 sessions for ...
2025-08-17 18:59:44.894 [info] Getting sessions for all scopes...
2025-08-17 18:59:44.894 [info] Got 2 sessions for ...
2025-08-17 18:59:45.022 [info] Getting sessions for all scopes...
2025-08-17 18:59:45.023 [info] Got 2 sessions for ...
2025-08-17 18:59:45.059 [info] Getting sessions for all scopes...
2025-08-17 18:59:45.059 [info] Got 2 sessions for ...
2025-08-17 18:59:45.133 [info] Getting sessions for all scopes...
2025-08-17 18:59:45.133 [info] Got 2 sessions for ...
2025-08-17 18:59:45.134 [info] Getting sessions for all scopes...
2025-08-17 18:59:45.134 [info] Got 2 sessions for ...
2025-08-17 18:59:45.134 [info] Getting sessions for all scopes...
2025-08-17 18:59:45.134 [info] Got 2 sessions for ...
2025-08-17 18:59:45.134 [info] Getting sessions for all scopes...
2025-08-17 18:59:45.134 [info] Got 2 sessions for ...
2025-08-17 18:59:48.237 [info] Getting sessions for all scopes...
2025-08-17 18:59:48.237 [info] Got 2 sessions for ...
2025-08-17 18:59:48.267 [info] Getting sessions for all scopes...
2025-08-17 18:59:48.267 [info] Got 2 sessions for ...
2025-08-17 18:59:48.286 [info] Getting sessions for all scopes...
2025-08-17 18:59:48.286 [info] Got 2 sessions for ...
2025-08-17 18:59:48.286 [info] Getting sessions for all scopes...
2025-08-17 18:59:48.286 [info] Got 2 sessions for ...
2025-08-17 18:59:48.286 [info] Getting sessions for all scopes...
2025-08-17 18:59:48.286 [info] Got 2 sessions for ...
2025-08-17 18:59:48.317 [info] Getting sessions for read:user,repo,user:email,workflow...
2025-08-17 18:59:48.317 [info] Got 1 sessions for read:user,repo,user:email,workflow...
2025-08-17 18:59:49.590 [info] Getting sessions for all scopes...
2025-08-17 18:59:49.590 [info] Got 2 sessions for ...
2025-08-17 18:59:49.633 [info] Getting sessions for all scopes...
2025-08-17 18:59:49.633 [info] Got 2 sessions for ...
2025-08-17 18:59:49.634 [info] Getting sessions for all scopes...
2025-08-17 18:59:49.634 [info] Got 2 sessions for ...
2025-08-17 18:59:49.634 [info] Getting sessions for read:user,repo,user:email,workflow...
2025-08-17 18:59:49.634 [info] Got 1 sessions for read:user,repo,user:email,workflow...
2025-08-17 18:59:49.728 [info] Getting sessions for read:user,repo,user:email,workflow...
2025-08-17 18:59:49.728 [info] Got 1 sessions for read:user,repo,user:email,workflow...
2025-08-17 18:59:49.842 [info] Getting sessions for all scopes...
2025-08-17 18:59:49.842 [info] Got 2 sessions for ...
2025-08-17 18:59:50.163 [info] Getting sessions for read:user,repo,user:email,workflow...
2025-08-17 18:59:50.163 [info] Got 1 sessions for read:user,repo,user:email,workflow...
2025-08-17 18:59:50.441 [info] Getting sessions for all scopes...
2025-08-17 18:59:50.441 [info] Got 2 sessions for ...
2025-08-17 18:59:50.452 [info] Getting sessions for read:user,repo,user:email,workflow...
2025-08-17 18:59:50.452 [info] Got 1 sessions for read:user,repo,user:email,workflow...
2025-08-17 18:59:51.176 [info] Getting sessions for all scopes...
2025-08-17 18:59:51.177 [info] Got 2 sessions for ...
2025-08-17 18:59:51.177 [info] Getting sessions for all scopes...
2025-08-17 18:59:51.177 [info] Got 2 sessions for ...
2025-08-17 18:59:51.205 [info] Getting sessions for read:user,repo,user:email,workflow...
2025-08-17 18:59:51.205 [info] Got 1 sessions for read:user,repo,user:email,workflow...
2025-08-17 18:59:51.212 [info] Getting sessions for all scopes...
2025-08-17 18:59:51.212 [info] Got 2 sessions for ...
2025-08-17 18:59:51.221 [info] Getting sessions for read:user,repo,user:email,workflow...
2025-08-17 18:59:51.221 [info] Got 1 sessions for read:user,repo,user:email,workflow...
2025-08-17 18:59:51.486 [info] Getting sessions for all scopes...
2025-08-17 18:59:51.487 [info] Got 2 sessions for ...
2025-08-17 18:59:51.617 [info] Getting sessions for read:user,repo,user:email,workflow...
2025-08-17 18:59:51.617 [info] Got 1 sessions for read:user,repo,user:email,workflow...
2025-08-17 18:59:51.669 [info] Getting sessions for all scopes...
2025-08-17 18:59:51.669 [info] Got 2 sessions for ...
2025-08-17 18:59:51.706 [info] Getting sessions for all scopes...
2025-08-17 18:59:51.706 [info] Got 2 sessions for ...
2025-08-17 18:59:52.401 [info] Getting sessions for all scopes...
2025-08-17 18:59:52.402 [info] Got 2 sessions for ...
