2025-08-17 18:23:47.524 [info] [main] Log level: Info
2025-08-17 18:23:47.524 [info] [main] Validating found git in: "git"
2025-08-17 18:23:47.524 [info] [main] Using git "2.50.1" from "git"
2025-08-17 18:23:47.524 [info] [Model][doInitialScan] Initial repository scan started
2025-08-17 18:23:47.524 [info] > git rev-parse --show-toplevel [53ms]
2025-08-17 18:23:47.524 [info] fatal: not a git repository (or any parent up to mount point /)
Stopping at filesystem boundary (GIT_DISCOVERY_ACROSS_FILESYSTEM not set).
2025-08-17 18:23:47.524 [info] > git rev-parse --show-toplevel [10ms]
2025-08-17 18:23:47.524 [info] fatal: not a git repository (or any parent up to mount point /)
Stopping at filesystem boundary (GIT_DISCOVERY_ACROSS_FILESYSTEM not set).
2025-08-17 18:23:47.524 [info] [Model][doInitialScan] Initial repository scan completed - repositories (0), closed repositories (0), parent repositories (0), unsafe repositories (0)
2025-08-17 18:23:47.840 [info] > git rev-parse --show-toplevel [217ms]
2025-08-17 18:23:47.840 [info] fatal: not a git repository (or any parent up to mount point /)
Stopping at filesystem boundary (GIT_DISCOVERY_ACROSS_FILESYSTEM not set).
2025-08-17 18:23:51.214 [info] > git rev-parse --show-toplevel [43ms]
2025-08-17 18:23:51.214 [info] fatal: not a git repository (or any parent up to mount point /)
Stopping at filesystem boundary (GIT_DISCOVERY_ACROSS_FILESYSTEM not set).
2025-08-17 18:23:51.333 [info] > git rev-parse --show-toplevel [105ms]
2025-08-17 18:23:51.333 [info] fatal: not a git repository (or any parent up to mount point /)
Stopping at filesystem boundary (GIT_DISCOVERY_ACROSS_FILESYSTEM not set).
2025-08-17 18:23:51.567 [info] > git rev-parse --show-toplevel [218ms]
2025-08-17 18:23:51.567 [info] fatal: not a git repository (or any parent up to mount point /)
Stopping at filesystem boundary (GIT_DISCOVERY_ACROSS_FILESYSTEM not set).
2025-08-17 18:23:59.800 [info] [main] Log level: Info
2025-08-17 18:23:59.800 [info] [main] Validating found git in: "git"
2025-08-17 18:23:59.800 [info] [main] Using git "2.50.1" from "git"
2025-08-17 18:23:59.800 [info] [Model][doInitialScan] Initial repository scan started
2025-08-17 18:23:59.800 [info] > git rev-parse --show-toplevel [18ms]
2025-08-17 18:23:59.800 [info] fatal: not a git repository (or any parent up to mount point /)
Stopping at filesystem boundary (GIT_DISCOVERY_ACROSS_FILESYSTEM not set).
2025-08-17 18:23:59.820 [info] > git rev-parse --show-toplevel [8ms]
2025-08-17 18:23:59.821 [info] fatal: not a git repository (or any parent up to mount point /)
Stopping at filesystem boundary (GIT_DISCOVERY_ACROSS_FILESYSTEM not set).
2025-08-17 18:23:59.857 [info] > git rev-parse --show-toplevel [3ms]
2025-08-17 18:23:59.857 [info] fatal: not a git repository (or any parent up to mount point /)
Stopping at filesystem boundary (GIT_DISCOVERY_ACROSS_FILESYSTEM not set).
2025-08-17 18:23:59.875 [info] > git rev-parse --show-toplevel [2ms]
2025-08-17 18:23:59.875 [info] fatal: not a git repository (or any parent up to mount point /)
Stopping at filesystem boundary (GIT_DISCOVERY_ACROSS_FILESYSTEM not set).
2025-08-17 18:23:59.937 [info] > git rev-parse --show-toplevel [2ms]
2025-08-17 18:23:59.937 [info] fatal: not a git repository (or any parent up to mount point /)
Stopping at filesystem boundary (GIT_DISCOVERY_ACROSS_FILESYSTEM not set).
2025-08-17 18:23:59.948 [info] > git rev-parse --show-toplevel [3ms]
2025-08-17 18:23:59.948 [info] fatal: not a git repository (or any parent up to mount point /)
Stopping at filesystem boundary (GIT_DISCOVERY_ACROSS_FILESYSTEM not set).
2025-08-17 18:24:00.039 [info] > git rev-parse --show-toplevel [79ms]
2025-08-17 18:24:00.039 [info] fatal: not a git repository (or any parent up to mount point /)
Stopping at filesystem boundary (GIT_DISCOVERY_ACROSS_FILESYSTEM not set).
2025-08-17 18:24:02.033 [info] > git rev-parse --show-toplevel [117ms]
2025-08-17 18:24:02.033 [info] fatal: not a git repository (or any parent up to mount point /)
Stopping at filesystem boundary (GIT_DISCOVERY_ACROSS_FILESYSTEM not set).
2025-08-17 18:24:02.173 [info] > git rev-parse --show-toplevel [88ms]
2025-08-17 18:24:02.173 [info] fatal: not a git repository (or any parent up to mount point /)
Stopping at filesystem boundary (GIT_DISCOVERY_ACROSS_FILESYSTEM not set).
2025-08-17 18:24:02.459 [info] > git rev-parse --show-toplevel [43ms]
2025-08-17 18:24:02.459 [info] fatal: not a git repository (or any parent up to mount point /)
Stopping at filesystem boundary (GIT_DISCOVERY_ACROSS_FILESYSTEM not set).
2025-08-17 18:24:02.738 [info] > git rev-parse --show-toplevel [6ms]
2025-08-17 18:24:02.738 [info] fatal: not a git repository (or any parent up to mount point /)
Stopping at filesystem boundary (GIT_DISCOVERY_ACROSS_FILESYSTEM not set).
2025-08-17 18:24:02.797 [info] > git rev-parse --show-toplevel [22ms]
2025-08-17 18:24:02.797 [info] fatal: not a git repository (or any parent up to mount point /)
Stopping at filesystem boundary (GIT_DISCOVERY_ACROSS_FILESYSTEM not set).
2025-08-17 18:24:02.816 [info] > git rev-parse --show-toplevel [4ms]
2025-08-17 18:24:02.816 [info] fatal: not a git repository (or any parent up to mount point /)
Stopping at filesystem boundary (GIT_DISCOVERY_ACROSS_FILESYSTEM not set).
2025-08-17 18:24:02.899 [info] > git rev-parse --show-toplevel [5ms]
2025-08-17 18:24:02.899 [info] fatal: not a git repository (or any parent up to mount point /)
Stopping at filesystem boundary (GIT_DISCOVERY_ACROSS_FILESYSTEM not set).
2025-08-17 18:24:02.917 [info] > git rev-parse --show-toplevel [4ms]
2025-08-17 18:24:02.917 [info] fatal: not a git repository (or any parent up to mount point /)
Stopping at filesystem boundary (GIT_DISCOVERY_ACROSS_FILESYSTEM not set).
2025-08-17 18:24:02.937 [info] > git rev-parse --show-toplevel [10ms]
2025-08-17 18:24:02.937 [info] fatal: not a git repository (or any parent up to mount point /)
Stopping at filesystem boundary (GIT_DISCOVERY_ACROSS_FILESYSTEM not set).
2025-08-17 18:24:02.958 [info] > git rev-parse --show-toplevel [13ms]
2025-08-17 18:24:02.959 [info] fatal: not a git repository (or any parent up to mount point /)
Stopping at filesystem boundary (GIT_DISCOVERY_ACROSS_FILESYSTEM not set).
2025-08-17 18:24:02.983 [info] > git rev-parse --show-toplevel [2ms]
2025-08-17 18:24:02.983 [info] fatal: not a git repository (or any parent up to mount point /)
Stopping at filesystem boundary (GIT_DISCOVERY_ACROSS_FILESYSTEM not set).
2025-08-17 18:24:03.022 [info] > git rev-parse --show-toplevel [4ms]
2025-08-17 18:24:03.022 [info] fatal: not a git repository (or any parent up to mount point /)
Stopping at filesystem boundary (GIT_DISCOVERY_ACROSS_FILESYSTEM not set).
2025-08-17 18:24:03.149 [info] > git rev-parse --show-toplevel [5ms]
2025-08-17 18:24:03.149 [info] fatal: not a git repository (or any parent up to mount point /)
Stopping at filesystem boundary (GIT_DISCOVERY_ACROSS_FILESYSTEM not set).
2025-08-17 18:24:03.150 [info] [Model][doInitialScan] Initial repository scan completed - repositories (0), closed repositories (0), parent repositories (0), unsafe repositories (0)
2025-08-17 18:24:05.939 [info] > git rev-parse --show-toplevel [4ms]
2025-08-17 18:24:05.939 [info] fatal: not a git repository (or any parent up to mount point /)
Stopping at filesystem boundary (GIT_DISCOVERY_ACROSS_FILESYSTEM not set).
2025-08-17 18:24:06.916 [info] > git rev-parse --show-toplevel [9ms]
2025-08-17 18:24:06.916 [info] fatal: not a git repository (or any parent up to mount point /)
Stopping at filesystem boundary (GIT_DISCOVERY_ACROSS_FILESYSTEM not set).
2025-08-17 18:25:24.024 [info] > git rev-parse --show-toplevel [2ms]
2025-08-17 18:25:24.024 [info] fatal: not a git repository (or any parent up to mount point /)
Stopping at filesystem boundary (GIT_DISCOVERY_ACROSS_FILESYSTEM not set).
2025-08-17 18:26:07.976 [info] > git rev-parse --show-toplevel [2ms]
2025-08-17 18:26:07.977 [info] fatal: not a git repository (or any parent up to mount point /)
Stopping at filesystem boundary (GIT_DISCOVERY_ACROSS_FILESYSTEM not set).
2025-08-17 18:26:09.349 [info] > git rev-parse --show-toplevel [8ms]
2025-08-17 18:26:09.349 [info] fatal: not a git repository (or any parent up to mount point /)
Stopping at filesystem boundary (GIT_DISCOVERY_ACROSS_FILESYSTEM not set).
