2025-08-17 18:18:58.003 [info] Reading sessions from keychain...
2025-08-17 18:18:58.003 [info] Getting sessions for all scopes...
2025-08-17 18:18:58.081 [info] Got stored sessions!
2025-08-17 18:18:58.081 [info] Got 1 verified sessions.
2025-08-17 18:18:58.081 [info] Got 1 sessions for ...
2025-08-17 18:18:58.081 [info] Getting sessions for all scopes...
2025-08-17 18:18:58.081 [info] Got 1 sessions for ...
2025-08-17 18:18:58.081 [info] Getting sessions for all scopes...
2025-08-17 18:18:58.081 [info] Got 1 sessions for ...
2025-08-17 18:18:58.081 [info] Getting sessions for all scopes...
2025-08-17 18:18:58.082 [info] Got 1 sessions for ...
2025-08-17 18:18:58.082 [info] Getting sessions for all scopes...
2025-08-17 18:18:58.082 [info] Got 1 sessions for ...
2025-08-17 18:18:58.082 [info] Getting sessions for all scopes...
2025-08-17 18:18:58.082 [info] Got 1 sessions for ...
2025-08-17 18:18:58.082 [info] Getting sessions for all scopes...
2025-08-17 18:18:58.082 [info] Got 1 sessions for ...
2025-08-17 18:18:58.205 [info] Getting sessions for all scopes...
2025-08-17 18:18:58.205 [info] Got 1 sessions for ...
2025-08-17 18:18:58.206 [info] Getting sessions for all scopes...
2025-08-17 18:18:58.206 [info] Got 1 sessions for ...
2025-08-17 18:18:58.206 [info] Getting sessions for all scopes...
2025-08-17 18:18:58.206 [info] Got 1 sessions for ...
2025-08-17 18:18:58.206 [info] Getting sessions for all scopes...
2025-08-17 18:18:58.206 [info] Got 1 sessions for ...
2025-08-17 18:18:58.207 [info] Getting sessions for all scopes...
2025-08-17 18:18:58.207 [info] Got 1 sessions for ...
2025-08-17 18:18:58.207 [info] Getting sessions for all scopes...
2025-08-17 18:18:58.207 [info] Got 1 sessions for ...
2025-08-17 18:18:58.411 [info] Getting sessions for all scopes...
2025-08-17 18:18:58.411 [info] Got 1 sessions for ...
2025-08-17 18:19:01.065 [info] Getting sessions for all scopes...
2025-08-17 18:19:01.065 [info] Got 1 sessions for ...
2025-08-17 18:19:01.074 [info] Getting sessions for all scopes...
2025-08-17 18:19:01.074 [info] Got 1 sessions for ...
2025-08-17 18:19:01.074 [info] Getting sessions for all scopes...
2025-08-17 18:19:01.074 [info] Got 1 sessions for ...
2025-08-17 18:19:01.074 [info] Getting sessions for all scopes...
2025-08-17 18:19:01.074 [info] Got 1 sessions for ...
2025-08-17 18:19:01.157 [info] Getting sessions for all scopes...
2025-08-17 18:19:01.157 [info] Got 1 sessions for ...
2025-08-17 18:19:01.158 [info] Getting sessions for all scopes...
2025-08-17 18:19:01.158 [info] Got 1 sessions for ...
2025-08-17 18:19:01.649 [info] Getting sessions for all scopes...
2025-08-17 18:19:01.649 [info] Got 1 sessions for ...
2025-08-17 18:19:01.661 [info] Getting sessions for read:user,repo,user:email,workflow...
2025-08-17 18:19:01.661 [info] Got 0 sessions for read:user,repo,user:email,workflow...
2025-08-17 18:19:01.661 [info] Getting sessions for all scopes...
2025-08-17 18:19:01.661 [info] Got 1 sessions for ...
2025-08-17 18:19:01.689 [info] Getting sessions for read:user,repo,user:email,workflow...
2025-08-17 18:19:01.689 [info] Got 0 sessions for read:user,repo,user:email,workflow...
2025-08-17 18:19:01.706 [info] Getting sessions for user:email...
2025-08-17 18:19:01.706 [info] Got 1 sessions for user:email...
2025-08-17 18:19:01.706 [info] Getting sessions for read:user,repo,user:email,workflow...
2025-08-17 18:19:01.706 [info] Got 0 sessions for read:user,repo,user:email,workflow...
2025-08-17 18:19:01.706 [info] Getting sessions for read:user...
2025-08-17 18:19:01.706 [info] Got 0 sessions for read:user...
2025-08-17 18:19:01.712 [info] Getting sessions for all scopes...
2025-08-17 18:19:01.712 [info] Got 1 sessions for ...
2025-08-17 18:19:01.712 [info] Getting sessions for user:email...
2025-08-17 18:19:01.712 [info] Got 1 sessions for user:email...
2025-08-17 18:19:01.720 [info] Getting sessions for read:user,repo,user:email,workflow...
2025-08-17 18:19:01.720 [info] Got 0 sessions for read:user,repo,user:email,workflow...
2025-08-17 18:19:01.723 [info] Getting sessions for user:email...
2025-08-17 18:19:01.724 [info] Got 1 sessions for user:email...
2025-08-17 18:19:01.820 [info] Getting sessions for all scopes...
2025-08-17 18:19:01.820 [info] Got 1 sessions for ...
2025-08-17 18:19:01.833 [info] Getting sessions for read:user,repo,user:email,workflow...
2025-08-17 18:19:01.833 [info] Got 0 sessions for read:user,repo,user:email,workflow...
2025-08-17 18:19:01.834 [info] Getting sessions for user:email...
2025-08-17 18:19:01.834 [info] Got 1 sessions for user:email...
2025-08-17 18:19:02.078 [info] Getting sessions for all scopes...
2025-08-17 18:19:02.078 [info] Got 1 sessions for ...
2025-08-17 18:19:02.082 [info] Getting sessions for read:user,repo,user:email,workflow...
2025-08-17 18:19:02.082 [info] Got 0 sessions for read:user,repo,user:email,workflow...
2025-08-17 18:19:02.084 [info] Getting sessions for user:email...
2025-08-17 18:19:02.084 [info] Got 1 sessions for user:email...
2025-08-17 18:19:02.311 [info] Getting sessions for all scopes...
2025-08-17 18:19:02.311 [info] Got 1 sessions for ...
2025-08-17 18:19:02.313 [info] Getting sessions for read:user,repo,user:email,workflow...
2025-08-17 18:19:02.313 [info] Got 0 sessions for read:user,repo,user:email,workflow...
2025-08-17 18:19:02.318 [info] Getting sessions for user:email...
2025-08-17 18:19:02.318 [info] Got 1 sessions for user:email...
2025-08-17 18:19:02.879 [info] Getting sessions for all scopes...
2025-08-17 18:19:02.879 [info] Got 1 sessions for ...
2025-08-17 18:19:02.880 [info] Getting sessions for all scopes...
2025-08-17 18:19:02.880 [info] Got 1 sessions for ...
2025-08-17 18:19:02.895 [info] Getting sessions for read:user,repo,user:email,workflow...
2025-08-17 18:19:02.895 [info] Got 0 sessions for read:user,repo,user:email,workflow...
2025-08-17 18:19:02.901 [info] Getting sessions for user:email...
2025-08-17 18:19:02.901 [info] Got 1 sessions for user:email...
2025-08-17 18:19:02.901 [info] Getting sessions for read:user,repo,user:email,workflow...
2025-08-17 18:19:02.901 [info] Got 0 sessions for read:user,repo,user:email,workflow...
2025-08-17 18:19:02.906 [info] Getting sessions for all scopes...
2025-08-17 18:19:02.906 [info] Got 1 sessions for ...
2025-08-17 18:19:02.910 [info] Getting sessions for read:user,repo,user:email,workflow...
2025-08-17 18:19:02.910 [info] Got 0 sessions for read:user,repo,user:email,workflow...
2025-08-17 18:19:02.913 [info] Getting sessions for user:email...
2025-08-17 18:19:02.913 [info] Got 1 sessions for user:email...
2025-08-17 18:19:03.030 [info] Getting sessions for all scopes...
2025-08-17 18:19:03.031 [info] Got 1 sessions for ...
2025-08-17 18:19:03.032 [info] Getting sessions for all scopes...
2025-08-17 18:19:03.032 [info] Got 1 sessions for ...
2025-08-17 18:19:03.036 [info] Getting sessions for read:user,repo,user:email,workflow...
2025-08-17 18:19:03.036 [info] Got 0 sessions for read:user,repo,user:email,workflow...
2025-08-17 18:19:03.039 [info] Getting sessions for user:email...
2025-08-17 18:19:03.039 [info] Got 1 sessions for user:email...
2025-08-17 18:19:03.040 [info] Getting sessions for read:user,repo,user:email,workflow...
2025-08-17 18:19:03.040 [info] Got 0 sessions for read:user,repo,user:email,workflow...
2025-08-17 18:19:03.046 [info] Getting sessions for all scopes...
2025-08-17 18:19:03.046 [info] Got 1 sessions for ...
2025-08-17 18:19:03.047 [info] Getting sessions for all scopes...
2025-08-17 18:19:03.047 [info] Got 1 sessions for ...
2025-08-17 18:19:03.047 [info] Getting sessions for all scopes...
2025-08-17 18:19:03.047 [info] Got 1 sessions for ...
2025-08-17 18:19:03.051 [info] Getting sessions for read:user,repo,user:email,workflow...
2025-08-17 18:19:03.051 [info] Got 0 sessions for read:user,repo,user:email,workflow...
2025-08-17 18:19:03.056 [info] Getting sessions for user:email...
2025-08-17 18:19:03.056 [info] Got 1 sessions for user:email...
2025-08-17 18:19:03.923 [info] Getting sessions for all scopes...
2025-08-17 18:19:03.923 [info] Got 1 sessions for ...
2025-08-17 18:19:24.554 [info] Reading sessions from keychain...
2025-08-17 18:19:24.554 [info] Getting sessions for all scopes...
2025-08-17 18:19:24.600 [info] Got stored sessions!
2025-08-17 18:19:24.601 [info] Got 1 verified sessions.
2025-08-17 18:19:24.601 [info] Got 1 sessions for ...
2025-08-17 18:19:24.602 [info] Getting sessions for all scopes...
2025-08-17 18:19:24.602 [info] Got 1 sessions for ...
2025-08-17 18:19:24.602 [info] Getting sessions for all scopes...
2025-08-17 18:19:24.602 [info] Got 1 sessions for ...
2025-08-17 18:19:24.603 [info] Getting sessions for all scopes...
2025-08-17 18:19:24.603 [info] Got 1 sessions for ...
2025-08-17 18:19:24.606 [info] Getting sessions for all scopes...
2025-08-17 18:19:24.606 [info] Got 1 sessions for ...
2025-08-17 18:19:24.606 [info] Getting sessions for all scopes...
2025-08-17 18:19:24.606 [info] Got 1 sessions for ...
2025-08-17 18:19:24.608 [info] Getting sessions for all scopes...
2025-08-17 18:19:24.608 [info] Got 1 sessions for ...
2025-08-17 18:19:24.608 [info] Getting sessions for all scopes...
2025-08-17 18:19:24.608 [info] Got 1 sessions for ...
2025-08-17 18:19:24.608 [info] Getting sessions for all scopes...
2025-08-17 18:19:24.608 [info] Got 1 sessions for ...
2025-08-17 18:19:24.694 [info] Getting sessions for all scopes...
2025-08-17 18:19:24.694 [info] Got 1 sessions for ...
2025-08-17 18:19:24.695 [info] Getting sessions for all scopes...
2025-08-17 18:19:24.695 [info] Got 1 sessions for ...
2025-08-17 18:19:24.697 [info] Getting sessions for all scopes...
2025-08-17 18:19:24.697 [info] Got 1 sessions for ...
2025-08-17 18:19:24.697 [info] Getting sessions for all scopes...
2025-08-17 18:19:24.697 [info] Got 1 sessions for ...
2025-08-17 18:19:24.699 [info] Getting sessions for all scopes...
2025-08-17 18:19:24.699 [info] Got 1 sessions for ...
2025-08-17 18:19:24.699 [info] Getting sessions for all scopes...
2025-08-17 18:19:24.699 [info] Got 1 sessions for ...
2025-08-17 18:19:24.739 [info] Getting sessions for all scopes...
2025-08-17 18:19:24.739 [info] Got 1 sessions for ...
2025-08-17 18:19:24.739 [info] Getting sessions for all scopes...
2025-08-17 18:19:24.739 [info] Got 1 sessions for ...
2025-08-17 18:19:25.128 [info] Getting sessions for read:user,repo,user:email,workflow...
2025-08-17 18:19:25.128 [info] Got 0 sessions for read:user,repo,user:email,workflow...
2025-08-17 18:19:27.777 [info] Getting sessions for user:email...
2025-08-17 18:19:27.778 [info] Got 1 sessions for user:email...
2025-08-17 18:19:27.778 [info] Getting sessions for read:user,repo,user:email,workflow...
2025-08-17 18:19:27.778 [info] Got 0 sessions for read:user,repo,user:email,workflow...
2025-08-17 18:19:27.816 [info] Getting sessions for all scopes...
2025-08-17 18:19:27.816 [info] Got 1 sessions for ...
2025-08-17 18:19:27.832 [info] Getting sessions for all scopes...
2025-08-17 18:19:27.832 [info] Got 1 sessions for ...
2025-08-17 18:19:27.832 [info] Getting sessions for all scopes...
2025-08-17 18:19:27.832 [info] Got 1 sessions for ...
2025-08-17 18:19:27.832 [info] Getting sessions for all scopes...
2025-08-17 18:19:27.832 [info] Got 1 sessions for ...
2025-08-17 18:19:27.896 [info] Getting sessions for all scopes...
2025-08-17 18:19:27.896 [info] Got 1 sessions for ...
2025-08-17 18:19:28.016 [info] Getting sessions for all scopes...
2025-08-17 18:19:28.016 [info] Got 1 sessions for ...
2025-08-17 18:19:28.276 [info] Getting sessions for all scopes...
2025-08-17 18:19:28.276 [info] Got 1 sessions for ...
2025-08-17 18:19:28.291 [info] Getting sessions for read:user,repo,user:email,workflow...
2025-08-17 18:19:28.291 [info] Got 0 sessions for read:user,repo,user:email,workflow...
2025-08-17 18:19:28.291 [info] Getting sessions for all scopes...
2025-08-17 18:19:28.291 [info] Got 1 sessions for ...
2025-08-17 18:19:28.291 [info] Getting sessions for read:user,repo,user:email,workflow...
2025-08-17 18:19:28.291 [info] Got 0 sessions for read:user,repo,user:email,workflow...
2025-08-17 18:19:28.335 [info] Getting sessions for user:email...
2025-08-17 18:19:28.335 [info] Got 1 sessions for user:email...
2025-08-17 18:19:28.341 [info] Getting sessions for read:user...
2025-08-17 18:19:28.341 [info] Got 0 sessions for read:user...
2025-08-17 18:19:28.359 [info] Getting sessions for user:email...
2025-08-17 18:19:28.359 [info] Got 1 sessions for user:email...
2025-08-17 18:19:28.360 [info] Getting sessions for all scopes...
2025-08-17 18:19:28.360 [info] Got 1 sessions for ...
2025-08-17 18:19:28.372 [info] Getting sessions for read:user,repo,user:email,workflow...
2025-08-17 18:19:28.372 [info] Got 0 sessions for read:user,repo,user:email,workflow...
2025-08-17 18:19:28.373 [info] Getting sessions for user:email...
2025-08-17 18:19:28.373 [info] Got 1 sessions for user:email...
2025-08-17 18:19:29.145 [info] Getting sessions for all scopes...
2025-08-17 18:19:29.145 [info] Got 1 sessions for ...
2025-08-17 18:19:29.145 [info] Getting sessions for all scopes...
2025-08-17 18:19:29.145 [info] Got 1 sessions for ...
2025-08-17 18:19:29.156 [info] Getting sessions for read:user,repo,user:email,workflow...
2025-08-17 18:19:29.156 [info] Got 0 sessions for read:user,repo,user:email,workflow...
2025-08-17 18:19:29.158 [info] Getting sessions for user:email...
2025-08-17 18:19:29.158 [info] Got 1 sessions for user:email...
2025-08-17 18:19:29.158 [info] Getting sessions for read:user,repo,user:email,workflow...
2025-08-17 18:19:29.158 [info] Got 0 sessions for read:user,repo,user:email,workflow...
2025-08-17 18:19:29.159 [info] Getting sessions for all scopes...
2025-08-17 18:19:29.159 [info] Got 1 sessions for ...
2025-08-17 18:19:29.160 [info] Getting sessions for read:user,repo,user:email,workflow...
2025-08-17 18:19:29.160 [info] Got 0 sessions for read:user,repo,user:email,workflow...
2025-08-17 18:19:29.160 [info] Getting sessions for user:email...
2025-08-17 18:19:29.160 [info] Got 1 sessions for user:email...
2025-08-17 18:19:29.216 [info] Getting sessions for all scopes...
2025-08-17 18:19:29.216 [info] Got 1 sessions for ...
2025-08-17 18:19:29.217 [info] Getting sessions for all scopes...
2025-08-17 18:19:29.217 [info] Got 1 sessions for ...
2025-08-17 18:19:29.234 [info] Getting sessions for read:user,repo,user:email,workflow...
2025-08-17 18:19:29.234 [info] Got 0 sessions for read:user,repo,user:email,workflow...
2025-08-17 18:19:29.240 [info] Getting sessions for user:email...
2025-08-17 18:19:29.240 [info] Got 1 sessions for user:email...
2025-08-17 18:19:29.240 [info] Getting sessions for read:user,repo,user:email,workflow...
2025-08-17 18:19:29.240 [info] Got 0 sessions for read:user,repo,user:email,workflow...
2025-08-17 18:19:29.243 [info] Getting sessions for all scopes...
2025-08-17 18:19:29.243 [info] Got 1 sessions for ...
2025-08-17 18:19:29.246 [info] Getting sessions for all scopes...
2025-08-17 18:19:29.246 [info] Got 1 sessions for ...
2025-08-17 18:19:29.248 [info] Getting sessions for all scopes...
2025-08-17 18:19:29.248 [info] Got 1 sessions for ...
2025-08-17 18:19:29.250 [info] Getting sessions for read:user,repo,user:email,workflow...
2025-08-17 18:19:29.250 [info] Got 0 sessions for read:user,repo,user:email,workflow...
2025-08-17 18:19:29.252 [info] Getting sessions for user:email...
2025-08-17 18:19:29.252 [info] Got 1 sessions for user:email...
2025-08-17 18:19:30.030 [info] Getting sessions for all scopes...
2025-08-17 18:19:30.030 [info] Got 1 sessions for ...
2025-08-17 18:22:25.675 [info] Getting sessions for all scopes...
2025-08-17 18:22:25.676 [info] Got 1 sessions for ...
2025-08-17 18:22:25.686 [info] Getting sessions for read:user,repo,user:email,workflow...
2025-08-17 18:22:25.686 [info] Got 0 sessions for read:user,repo,user:email,workflow...
2025-08-17 18:22:25.695 [info] Getting sessions for user:email...
2025-08-17 18:22:25.695 [info] Got 1 sessions for user:email...
2025-08-17 18:22:27.747 [info] Getting sessions for all scopes...
2025-08-17 18:22:27.747 [info] Got 1 sessions for ...
2025-08-17 18:22:27.749 [info] Getting sessions for read:user,repo,user:email,workflow...
2025-08-17 18:22:27.749 [info] Got 0 sessions for read:user,repo,user:email,workflow...
2025-08-17 18:22:27.752 [info] Getting sessions for user:email...
2025-08-17 18:22:27.753 [info] Got 1 sessions for user:email...
2025-08-17 18:22:29.227 [info] Getting sessions for all scopes...
2025-08-17 18:22:29.227 [info] Got 1 sessions for ...
2025-08-17 18:22:29.230 [info] Getting sessions for read:user,repo,user:email,workflow...
2025-08-17 18:22:29.230 [info] Got 0 sessions for read:user,repo,user:email,workflow...
2025-08-17 18:22:29.231 [info] Getting sessions for user:email...
2025-08-17 18:22:29.231 [info] Got 1 sessions for user:email...
2025-08-17 18:22:30.559 [info] Getting sessions for all scopes...
2025-08-17 18:22:30.560 [info] Got 1 sessions for ...
2025-08-17 18:22:30.571 [info] Getting sessions for read:user,repo,user:email,workflow...
2025-08-17 18:22:30.571 [info] Got 0 sessions for read:user,repo,user:email,workflow...
2025-08-17 18:22:30.594 [info] Getting sessions for user:email...
2025-08-17 18:22:30.594 [info] Got 1 sessions for user:email...
2025-08-17 18:22:31.951 [info] Getting sessions for all scopes...
2025-08-17 18:22:31.951 [info] Got 1 sessions for ...
2025-08-17 18:22:31.959 [info] Getting sessions for read:user,repo,user:email,workflow...
2025-08-17 18:22:31.959 [info] Got 0 sessions for read:user,repo,user:email,workflow...
2025-08-17 18:22:31.962 [info] Getting sessions for user:email...
2025-08-17 18:22:31.962 [info] Got 1 sessions for user:email...
2025-08-17 18:22:33.244 [info] Getting sessions for all scopes...
2025-08-17 18:22:33.244 [info] Got 1 sessions for ...
2025-08-17 18:22:33.247 [info] Getting sessions for read:user,repo,user:email,workflow...
2025-08-17 18:22:33.247 [info] Got 0 sessions for read:user,repo,user:email,workflow...
2025-08-17 18:22:33.249 [info] Getting sessions for user:email...
2025-08-17 18:22:33.249 [info] Got 1 sessions for user:email...
