2025-08-15 15:02:31.256 [warning] Via 'product.json#extensionEnabledApiProposals' extension 'ms-vsliveshare.vsliveshare' wants API proposal 'notebookCellExecutionState' but that proposal DOES NOT EXIST. Likely, the proposal has been finalized (check 'vscode.d.ts') or was abandoned.
2025-08-15 15:02:31.277 [warning] Via 'product.json#extensionEnabledApiProposals' extension 'ms-python.gather' wants API proposal 'notebookCellExecutionState' but that proposal DOES NOT EXIST. Likely, the proposal has been finalized (check 'vscode.d.ts') or was abandoned.
2025-08-15 15:02:31.279 [warning] Via 'product.json#extensionEnabledApiProposals' extension 'ms-python.vscode-pylance' wants API proposal 'mcpConfigurationProvider' but that proposal DOES NOT EXIST. Likely, the proposal has been finalized (check 'vscode.d.ts') or was abandoned.
2025-08-15 15:02:31.841 [error] Error: The editor could not be opened because the file was not found.
    at GEe.gc (vscode-file://vscode-app/opt/visual-studio-code/resources/app/out/vs/workbench/workbench.desktop.main.js:2598:81151)
    at async GEe.setInput (vscode-file://vscode-app/opt/visual-studio-code/resources/app/out/vs/workbench/workbench.desktop.main.js:2598:80309)
    at async jqe.S (vscode-file://vscode-app/opt/visual-studio-code/resources/app/out/vs/workbench/workbench.desktop.main.js:610:58567)
    at async jqe.L (vscode-file://vscode-app/opt/visual-studio-code/resources/app/out/vs/workbench/workbench.desktop.main.js:610:57122)
    at async jqe.openEditor (vscode-file://vscode-app/opt/visual-studio-code/resources/app/out/vs/workbench/workbench.desktop.main.js:610:56204)
    at async vscode-file://vscode-app/opt/visual-studio-code/resources/app/out/vs/workbench/workbench.desktop.main.js:722:23350
2025-08-15 15:02:31.934 [info] Started local extension host with pid 24348.
2025-08-15 15:02:34.063 [info] Settings Sync: Account status changed from uninitialized to unavailable
2025-08-15 15:02:35.567 [info] [perf] Render performance baseline is 33ms
2025-08-15 15:02:47.230 [warning] Via 'product.json#extensionEnabledApiProposals' extension 'ms-vsliveshare.vsliveshare' wants API proposal 'notebookCellExecutionState' but that proposal DOES NOT EXIST. Likely, the proposal has been finalized (check 'vscode.d.ts') or was abandoned.
2025-08-15 15:02:47.231 [warning] Via 'product.json#extensionEnabledApiProposals' extension 'ms-python.gather' wants API proposal 'notebookCellExecutionState' but that proposal DOES NOT EXIST. Likely, the proposal has been finalized (check 'vscode.d.ts') or was abandoned.
2025-08-15 15:02:47.231 [warning] Via 'product.json#extensionEnabledApiProposals' extension 'ms-python.vscode-pylance' wants API proposal 'mcpConfigurationProvider' but that proposal DOES NOT EXIST. Likely, the proposal has been finalized (check 'vscode.d.ts') or was abandoned.
2025-08-15 15:02:47.617 [info] ChatSessionStore: Migrating 0 chat sessions from storage service to file system
2025-08-15 15:02:47.950 [info] Started local extension host with pid 24481.
2025-08-15 15:02:49.895 [info] Settings Sync: Account status changed from uninitialized to unavailable
2025-08-15 15:02:50.631 [info] [perf] Render performance baseline is 14ms
2025-08-15 15:02:52.745 [info] [Oracle.oracle-java]: Command `workbench.action.debug.run` already registered by Java (Oracle.oracle-java)
2025-08-15 15:02:52.745 [info] [Oracle.oracle-java]: Command `workbench.action.debug.start` already registered by Java (Oracle.oracle-java)
2025-08-15 15:02:52.745 [info] [Oracle.oracle-java]: Command `jdk.select.editor.projects` already registered by Java (Oracle.oracle-java)
2025-08-15 15:02:55.494 [error] [Extension Host] (node:24481) ExperimentalWarning: SQLite is an experimental feature and might change at any time
(Use `exe --trace-warnings ...` to show where the warning was created)
2025-08-15 15:02:57.621 [error] An unknown error occurred. Please consult the log for more details.
