2025-08-15 18:08:48.666 [info] Reading sessions from keychain...
2025-08-15 18:08:48.666 [info] Getting sessions for all scopes...
2025-08-15 18:08:48.731 [info] Got 0 sessions for ...
2025-08-15 18:08:48.731 [info] Getting sessions for all scopes...
2025-08-15 18:08:48.731 [info] Got 0 sessions for ...
2025-08-15 18:08:48.732 [info] Getting sessions for all scopes...
2025-08-15 18:08:48.732 [info] Got 0 sessions for ...
2025-08-15 18:08:48.732 [info] Getting sessions for all scopes...
2025-08-15 18:08:48.732 [info] Got 0 sessions for ...
2025-08-15 18:08:48.732 [info] Getting sessions for all scopes...
2025-08-15 18:08:48.732 [info] Got 0 sessions for ...
2025-08-15 18:08:48.732 [info] Getting sessions for all scopes...
2025-08-15 18:08:48.732 [info] Got 0 sessions for ...
2025-08-15 18:08:48.732 [info] Getting sessions for all scopes...
2025-08-15 18:08:48.732 [info] Got 0 sessions for ...
2025-08-15 18:08:48.825 [info] Getting sessions for all scopes...
2025-08-15 18:08:48.825 [info] Got 0 sessions for ...
2025-08-15 18:08:48.825 [info] Getting sessions for all scopes...
2025-08-15 18:08:48.825 [info] Got 0 sessions for ...
2025-08-15 18:08:48.826 [info] Getting sessions for all scopes...
2025-08-15 18:08:48.826 [info] Got 0 sessions for ...
2025-08-15 18:08:48.826 [info] Getting sessions for all scopes...
2025-08-15 18:08:48.826 [info] Got 0 sessions for ...
2025-08-15 18:08:48.828 [info] Getting sessions for all scopes...
2025-08-15 18:08:48.829 [info] Got 0 sessions for ...
2025-08-15 18:08:48.830 [info] Getting sessions for all scopes...
2025-08-15 18:08:48.830 [info] Got 0 sessions for ...
2025-08-15 18:08:49.025 [info] Getting sessions for all scopes...
2025-08-15 18:08:49.025 [info] Got 0 sessions for ...
2025-08-15 18:08:52.206 [info] Getting sessions for all scopes...
2025-08-15 18:08:52.206 [info] Got 0 sessions for ...
2025-08-15 18:08:52.220 [info] Getting sessions for all scopes...
2025-08-15 18:08:52.220 [info] Got 0 sessions for ...
2025-08-15 18:08:52.220 [info] Getting sessions for all scopes...
2025-08-15 18:08:52.220 [info] Got 0 sessions for ...
2025-08-15 18:08:52.220 [info] Getting sessions for all scopes...
2025-08-15 18:08:52.221 [info] Got 0 sessions for ...
2025-08-15 18:08:52.303 [info] Getting sessions for all scopes...
2025-08-15 18:08:52.303 [info] Got 0 sessions for ...
2025-08-15 18:08:52.303 [info] Getting sessions for all scopes...
2025-08-15 18:08:52.303 [info] Got 0 sessions for ...
2025-08-15 18:08:52.898 [info] Getting sessions for user:email...
2025-08-15 18:08:52.898 [info] Got 0 sessions for user:email...
2025-08-15 18:08:52.898 [info] Getting sessions for all scopes...
2025-08-15 18:08:52.898 [info] Got 0 sessions for ...
2025-08-15 18:08:52.902 [info] Getting sessions for read:user,repo,user:email,workflow...
2025-08-15 18:08:52.902 [info] Got 0 sessions for read:user,repo,user:email,workflow...
2025-08-15 18:08:52.905 [info] Getting sessions for all scopes...
2025-08-15 18:08:52.905 [info] Got 0 sessions for ...
2025-08-15 18:08:52.905 [info] Getting sessions for read:user,repo,user:email,workflow...
2025-08-15 18:08:52.905 [info] Got 0 sessions for read:user,repo,user:email,workflow...
2025-08-15 18:08:52.906 [info] Getting sessions for all scopes...
2025-08-15 18:08:52.906 [info] Got 0 sessions for ...
2025-08-15 18:08:52.907 [info] Getting sessions for read:user...
2025-08-15 18:08:52.907 [info] Got 0 sessions for read:user...
2025-08-15 18:08:52.913 [info] Getting sessions for user:email...
2025-08-15 18:08:52.913 [info] Got 0 sessions for user:email...
2025-08-15 18:08:52.916 [info] Getting sessions for user:email...
2025-08-15 18:08:52.916 [info] Got 0 sessions for user:email...
2025-08-15 18:08:53.030 [info] Getting sessions for all scopes...
2025-08-15 18:08:53.030 [info] Got 0 sessions for ...
2025-08-15 18:08:53.033 [info] Getting sessions for user:email...
2025-08-15 18:08:53.033 [info] Got 0 sessions for user:email...
2025-08-15 18:08:53.274 [info] Getting sessions for all scopes...
2025-08-15 18:08:53.274 [info] Got 0 sessions for ...
2025-08-15 18:08:53.288 [info] Getting sessions for user:email...
2025-08-15 18:08:53.288 [info] Got 0 sessions for user:email...
2025-08-15 18:08:53.306 [info] Getting sessions for all scopes...
2025-08-15 18:08:53.306 [info] Got 0 sessions for ...
2025-08-15 18:08:53.312 [info] Getting sessions for all scopes...
2025-08-15 18:08:53.312 [info] Got 0 sessions for ...
2025-08-15 18:08:53.317 [info] Getting sessions for user:email...
2025-08-15 18:08:53.317 [info] Got 0 sessions for user:email...
