2025-08-14 23:37:51.806 [info] Reading sessions from keychain...
2025-08-14 23:37:51.806 [info] Getting sessions for all scopes...
2025-08-14 23:37:51.817 [info] Got 0 sessions for ...
2025-08-14 23:37:51.817 [info] Getting sessions for all scopes...
2025-08-14 23:37:51.817 [info] Got 0 sessions for ...
2025-08-14 23:37:51.817 [info] Getting sessions for all scopes...
2025-08-14 23:37:51.817 [info] Got 0 sessions for ...
2025-08-14 23:37:51.817 [info] Getting sessions for all scopes...
2025-08-14 23:37:51.817 [info] Got 0 sessions for ...
2025-08-14 23:37:51.817 [info] Getting sessions for all scopes...
2025-08-14 23:37:51.817 [info] Got 0 sessions for ...
2025-08-14 23:37:51.818 [info] Getting sessions for all scopes...
2025-08-14 23:37:51.818 [info] Got 0 sessions for ...
2025-08-14 23:37:51.818 [info] Getting sessions for all scopes...
2025-08-14 23:37:51.818 [info] Got 0 sessions for ...
2025-08-14 23:37:51.818 [info] Getting sessions for all scopes...
2025-08-14 23:37:51.818 [info] Got 0 sessions for ...
2025-08-14 23:37:51.823 [info] Getting sessions for all scopes...
2025-08-14 23:37:51.823 [info] Got 0 sessions for ...
2025-08-14 23:37:51.823 [info] Getting sessions for all scopes...
2025-08-14 23:37:51.823 [info] Got 0 sessions for ...
2025-08-14 23:37:51.826 [info] Getting sessions for all scopes...
2025-08-14 23:37:51.826 [info] Got 0 sessions for ...
2025-08-14 23:37:51.827 [info] Getting sessions for all scopes...
2025-08-14 23:37:51.827 [info] Got 0 sessions for ...
2025-08-14 23:37:51.827 [info] Getting sessions for all scopes...
2025-08-14 23:37:51.827 [info] Got 0 sessions for ...
2025-08-14 23:37:51.827 [info] Getting sessions for all scopes...
2025-08-14 23:37:51.827 [info] Got 0 sessions for ...
2025-08-14 23:37:52.593 [info] Getting sessions for all scopes...
2025-08-14 23:37:52.593 [info] Got 0 sessions for ...
2025-08-14 23:37:53.718 [info] Getting sessions for all scopes...
2025-08-14 23:37:53.720 [info] Got 0 sessions for ...
2025-08-14 23:37:53.721 [info] Getting sessions for all scopes...
2025-08-14 23:37:53.721 [info] Got 0 sessions for ...
2025-08-14 23:37:53.749 [info] Getting sessions for all scopes...
2025-08-14 23:37:53.750 [info] Got 0 sessions for ...
2025-08-14 23:38:50.765 [info] Getting sessions for all scopes...
2025-08-14 23:38:50.765 [info] Got 0 sessions for ...
2025-08-14 23:38:50.765 [info] Getting sessions for all scopes...
2025-08-14 23:38:50.765 [info] Got 0 sessions for ...
2025-08-14 23:38:51.766 [info] Getting sessions for user:email...
2025-08-14 23:38:51.767 [info] Got 0 sessions for user:email...
2025-08-14 23:38:51.767 [info] Getting sessions for read:user,repo,user:email,workflow...
2025-08-14 23:38:51.767 [info] Got 0 sessions for read:user,repo,user:email,workflow...
2025-08-14 23:38:51.792 [info] Getting sessions for all scopes...
2025-08-14 23:38:51.792 [info] Got 0 sessions for ...
2025-08-14 23:38:52.119 [info] Getting sessions for all scopes...
2025-08-14 23:38:52.119 [info] Got 0 sessions for ...
2025-08-14 23:38:52.120 [info] Getting sessions for read:user,repo,user:email,workflow...
2025-08-14 23:38:52.120 [info] Got 0 sessions for read:user,repo,user:email,workflow...
2025-08-14 23:38:52.330 [info] Getting sessions for all scopes...
2025-08-14 23:38:52.330 [info] Got 0 sessions for ...
2025-08-14 23:38:52.330 [info] Getting sessions for all scopes...
2025-08-14 23:38:52.330 [info] Got 0 sessions for ...
2025-08-14 23:38:52.400 [info] Getting sessions for read:user...
2025-08-14 23:38:52.400 [info] Got 0 sessions for read:user...
2025-08-14 23:38:52.424 [info] Getting sessions for user:email...
2025-08-14 23:38:52.424 [info] Got 0 sessions for user:email...
2025-08-14 23:38:52.437 [info] Getting sessions for user:email...
2025-08-14 23:38:52.437 [info] Got 0 sessions for user:email...
2025-08-14 23:38:52.496 [info] Getting sessions for all scopes...
2025-08-14 23:38:52.496 [info] Got 0 sessions for ...
2025-08-14 23:38:52.657 [info] Getting sessions for user:email...
2025-08-14 23:38:52.657 [info] Got 0 sessions for user:email...
2025-08-14 23:38:52.680 [info] Getting sessions for all scopes...
2025-08-14 23:38:52.680 [info] Got 0 sessions for ...
2025-08-14 23:38:52.694 [info] Getting sessions for user:email...
2025-08-14 23:38:52.694 [info] Got 0 sessions for user:email...
2025-08-14 23:38:52.707 [info] Getting sessions for all scopes...
2025-08-14 23:38:52.707 [info] Got 0 sessions for ...
2025-08-14 23:38:52.714 [info] Getting sessions for user:email...
2025-08-14 23:38:52.714 [info] Got 0 sessions for user:email...
2025-08-14 23:38:52.732 [info] Getting sessions for all scopes...
2025-08-14 23:38:52.732 [info] Got 0 sessions for ...
2025-08-14 23:38:52.738 [info] Getting sessions for all scopes...
2025-08-14 23:38:52.738 [info] Got 0 sessions for ...
2025-08-14 23:38:59.747 [info] Getting sessions for all scopes...
2025-08-14 23:38:59.749 [info] Got 0 sessions for ...
2025-08-14 23:39:02.816 [info] Getting sessions for all scopes...
2025-08-14 23:39:02.817 [info] Got 0 sessions for ...
