2025-08-15 15:02:33.332 [info] Reading sessions from keychain...
2025-08-15 15:02:33.332 [info] Getting sessions for all scopes...
2025-08-15 15:02:33.332 [info] Got 0 sessions for ...
2025-08-15 15:02:33.332 [info] Getting sessions for all scopes...
2025-08-15 15:02:33.332 [info] Got 0 sessions for ...
2025-08-15 15:02:33.332 [info] Getting sessions for all scopes...
2025-08-15 15:02:33.332 [info] Got 0 sessions for ...
2025-08-15 15:02:33.332 [info] Getting sessions for all scopes...
2025-08-15 15:02:33.332 [info] Got 0 sessions for ...
2025-08-15 15:02:33.332 [info] Getting sessions for all scopes...
2025-08-15 15:02:33.332 [info] Got 0 sessions for ...
2025-08-15 15:02:33.332 [info] Getting sessions for all scopes...
2025-08-15 15:02:33.332 [info] Got 0 sessions for ...
2025-08-15 15:02:33.332 [info] Getting sessions for all scopes...
2025-08-15 15:02:33.332 [info] Got 0 sessions for ...
2025-08-15 15:02:33.332 [info] Getting sessions for all scopes...
2025-08-15 15:02:33.332 [info] Got 0 sessions for ...
2025-08-15 15:02:33.372 [info] Getting sessions for all scopes...
2025-08-15 15:02:33.372 [info] Got 0 sessions for ...
2025-08-15 15:02:33.372 [info] Getting sessions for all scopes...
2025-08-15 15:02:33.372 [info] Got 0 sessions for ...
2025-08-15 15:02:33.372 [info] Getting sessions for all scopes...
2025-08-15 15:02:33.373 [info] Got 0 sessions for ...
2025-08-15 15:02:33.373 [info] Getting sessions for all scopes...
2025-08-15 15:02:33.373 [info] Got 0 sessions for ...
2025-08-15 15:02:33.373 [info] Getting sessions for all scopes...
2025-08-15 15:02:33.373 [info] Got 0 sessions for ...
2025-08-15 15:02:33.373 [info] Getting sessions for all scopes...
2025-08-15 15:02:33.373 [info] Got 0 sessions for ...
2025-08-15 15:02:33.452 [info] Getting sessions for all scopes...
2025-08-15 15:02:33.452 [info] Got 0 sessions for ...
2025-08-15 15:02:34.477 [info] Getting sessions for all scopes...
2025-08-15 15:02:34.477 [info] Got 0 sessions for ...
2025-08-15 15:02:35.022 [info] Getting sessions for all scopes...
2025-08-15 15:02:35.022 [info] Got 0 sessions for ...
2025-08-15 15:02:35.022 [info] Getting sessions for all scopes...
2025-08-15 15:02:35.022 [info] Got 0 sessions for ...
2025-08-15 15:02:35.030 [info] Getting sessions for all scopes...
2025-08-15 15:02:35.030 [info] Got 0 sessions for ...
2025-08-15 15:02:49.373 [info] Reading sessions from keychain...
2025-08-15 15:02:49.373 [info] Getting sessions for all scopes...
2025-08-15 15:02:49.373 [info] Got 0 sessions for ...
2025-08-15 15:02:49.373 [info] Getting sessions for all scopes...
2025-08-15 15:02:49.373 [info] Got 0 sessions for ...
2025-08-15 15:02:49.373 [info] Getting sessions for all scopes...
2025-08-15 15:02:49.373 [info] Got 0 sessions for ...
2025-08-15 15:02:49.373 [info] Getting sessions for all scopes...
2025-08-15 15:02:49.373 [info] Got 0 sessions for ...
2025-08-15 15:02:49.373 [info] Getting sessions for all scopes...
2025-08-15 15:02:49.373 [info] Got 0 sessions for ...
2025-08-15 15:02:49.373 [info] Getting sessions for all scopes...
2025-08-15 15:02:49.373 [info] Got 0 sessions for ...
2025-08-15 15:02:49.373 [info] Getting sessions for all scopes...
2025-08-15 15:02:49.373 [info] Got 0 sessions for ...
2025-08-15 15:02:49.373 [info] Getting sessions for all scopes...
2025-08-15 15:02:49.373 [info] Got 0 sessions for ...
2025-08-15 15:02:49.373 [info] Getting sessions for all scopes...
2025-08-15 15:02:49.373 [info] Got 0 sessions for ...
2025-08-15 15:02:49.373 [info] Getting sessions for all scopes...
2025-08-15 15:02:49.373 [info] Got 0 sessions for ...
2025-08-15 15:02:49.373 [info] Getting sessions for all scopes...
2025-08-15 15:02:49.373 [info] Got 0 sessions for ...
2025-08-15 15:02:49.373 [info] Getting sessions for all scopes...
2025-08-15 15:02:49.373 [info] Got 0 sessions for ...
2025-08-15 15:02:49.373 [info] Getting sessions for all scopes...
2025-08-15 15:02:49.373 [info] Got 0 sessions for ...
2025-08-15 15:02:49.373 [info] Getting sessions for all scopes...
2025-08-15 15:02:49.373 [info] Got 0 sessions for ...
2025-08-15 15:02:49.373 [info] Getting sessions for all scopes...
2025-08-15 15:02:49.373 [info] Got 0 sessions for ...
2025-08-15 15:02:50.130 [info] Getting sessions for all scopes...
2025-08-15 15:02:50.130 [info] Got 0 sessions for ...
2025-08-15 15:02:50.548 [info] Getting sessions for all scopes...
2025-08-15 15:02:50.548 [info] Got 0 sessions for ...
2025-08-15 15:02:50.548 [info] Getting sessions for all scopes...
2025-08-15 15:02:50.548 [info] Got 0 sessions for ...
2025-08-15 15:02:50.552 [info] Getting sessions for all scopes...
2025-08-15 15:02:50.552 [info] Got 0 sessions for ...
2025-08-15 15:02:55.634 [info] Getting sessions for all scopes...
2025-08-15 15:02:55.634 [info] Got 0 sessions for ...
2025-08-15 15:02:55.635 [info] Getting sessions for all scopes...
2025-08-15 15:02:55.635 [info] Got 0 sessions for ...
2025-08-15 15:02:56.255 [info] Getting sessions for user:email...
2025-08-15 15:02:56.255 [info] Got 0 sessions for user:email...
2025-08-15 15:02:56.260 [info] Getting sessions for all scopes...
2025-08-15 15:02:56.260 [info] Got 0 sessions for ...
2025-08-15 15:02:56.277 [info] Getting sessions for read:user,repo,user:email,workflow...
2025-08-15 15:02:56.277 [info] Got 0 sessions for read:user,repo,user:email,workflow...
2025-08-15 15:02:56.281 [info] Getting sessions for all scopes...
2025-08-15 15:02:56.281 [info] Got 0 sessions for ...
2025-08-15 15:02:56.286 [info] Getting sessions for read:user,repo,user:email,workflow...
2025-08-15 15:02:56.286 [info] Got 0 sessions for read:user,repo,user:email,workflow...
2025-08-15 15:02:56.294 [info] Getting sessions for all scopes...
2025-08-15 15:02:56.294 [info] Got 0 sessions for ...
2025-08-15 15:02:56.296 [info] Getting sessions for read:user...
2025-08-15 15:02:56.296 [info] Got 0 sessions for read:user...
2025-08-15 15:02:56.309 [info] Getting sessions for user:email...
2025-08-15 15:02:56.309 [info] Got 0 sessions for user:email...
2025-08-15 15:02:56.310 [info] Getting sessions for user:email...
2025-08-15 15:02:56.310 [info] Got 0 sessions for user:email...
2025-08-15 15:02:56.425 [info] Getting sessions for all scopes...
2025-08-15 15:02:56.425 [info] Got 0 sessions for ...
2025-08-15 15:02:56.428 [info] Getting sessions for user:email...
2025-08-15 15:02:56.428 [info] Got 0 sessions for user:email...
2025-08-15 15:02:56.606 [info] Getting sessions for all scopes...
2025-08-15 15:02:56.606 [info] Got 0 sessions for ...
2025-08-15 15:02:56.608 [info] Getting sessions for user:email...
2025-08-15 15:02:56.608 [info] Got 0 sessions for user:email...
2025-08-15 15:02:56.609 [info] Getting sessions for all scopes...
2025-08-15 15:02:56.609 [info] Got 0 sessions for ...
2025-08-15 15:02:56.609 [info] Getting sessions for all scopes...
2025-08-15 15:02:56.609 [info] Got 0 sessions for ...
2025-08-15 15:02:56.610 [info] Getting sessions for user:email...
2025-08-15 15:02:56.610 [info] Got 0 sessions for user:email...
2025-08-15 15:03:11.813 [info] Getting sessions for read:user,repo,user:email,workflow...
2025-08-15 15:03:11.813 [info] Got 0 sessions for read:user,repo,user:email,workflow...
2025-08-15 15:03:11.816 [info] Getting sessions for read:user...
2025-08-15 15:03:11.816 [info] Got 0 sessions for read:user...
2025-08-15 15:03:11.818 [info] Getting sessions for user:email...
2025-08-15 15:03:11.818 [info] Got 0 sessions for user:email...
