2025-08-17 18:33:53.254 [info] [main] Log level: Info
2025-08-17 18:33:53.254 [info] [main] Validating found git in: "git"
2025-08-17 18:33:53.254 [info] [main] Using git "2.50.1" from "git"
2025-08-17 18:33:53.254 [info] [Model][doInitialScan] Initial repository scan started
2025-08-17 18:33:53.254 [info] > git rev-parse --show-toplevel [5ms]
2025-08-17 18:33:53.254 [info] fatal: not a git repository (or any parent up to mount point /)
Stopping at filesystem boundary (GIT_DISCOVERY_ACROSS_FILESYSTEM not set).
2025-08-17 18:33:53.254 [info] > git rev-parse --show-toplevel [7ms]
2025-08-17 18:33:53.254 [info] fatal: not a git repository (or any parent up to mount point /)
Stopping at filesystem boundary (GIT_DISCOVERY_ACROSS_FILESYSTEM not set).
2025-08-17 18:33:53.256 [info] > git rev-parse --show-toplevel [4ms]
2025-08-17 18:33:53.256 [info] fatal: not a git repository (or any parent up to mount point /)
Stopping at filesystem boundary (GIT_DISCOVERY_ACROSS_FILESYSTEM not set).
2025-08-17 18:33:53.271 [info] > git rev-parse --show-toplevel [3ms]
2025-08-17 18:33:53.271 [info] fatal: not a git repository (or any parent up to mount point /)
Stopping at filesystem boundary (GIT_DISCOVERY_ACROSS_FILESYSTEM not set).
2025-08-17 18:33:53.277 [info] > git rev-parse --show-toplevel [1ms]
2025-08-17 18:33:53.277 [info] fatal: not a git repository (or any parent up to mount point /)
Stopping at filesystem boundary (GIT_DISCOVERY_ACROSS_FILESYSTEM not set).
2025-08-17 18:33:53.286 [info] > git rev-parse --show-toplevel [2ms]
2025-08-17 18:33:53.286 [info] fatal: not a git repository (or any parent up to mount point /)
Stopping at filesystem boundary (GIT_DISCOVERY_ACROSS_FILESYSTEM not set).
2025-08-17 18:33:53.305 [info] > git rev-parse --show-toplevel [4ms]
2025-08-17 18:33:53.305 [info] fatal: not a git repository (or any parent up to mount point /)
Stopping at filesystem boundary (GIT_DISCOVERY_ACROSS_FILESYSTEM not set).
2025-08-17 18:33:53.315 [info] > git rev-parse --show-toplevel [3ms]
2025-08-17 18:33:53.315 [info] fatal: not a git repository (or any parent up to mount point /)
Stopping at filesystem boundary (GIT_DISCOVERY_ACROSS_FILESYSTEM not set).
2025-08-17 18:33:55.839 [info] > git rev-parse --show-toplevel [2474ms]
2025-08-17 18:33:55.839 [info] fatal: not a git repository (or any parent up to mount point /)
Stopping at filesystem boundary (GIT_DISCOVERY_ACROSS_FILESYSTEM not set).
2025-08-17 18:33:56.105 [info] > git rev-parse --show-toplevel [98ms]
2025-08-17 18:33:56.105 [info] fatal: not a git repository (or any parent up to mount point /)
Stopping at filesystem boundary (GIT_DISCOVERY_ACROSS_FILESYSTEM not set).
2025-08-17 18:33:56.382 [info] > git rev-parse --show-toplevel [260ms]
2025-08-17 18:33:56.382 [info] fatal: not a git repository (or any parent up to mount point /)
Stopping at filesystem boundary (GIT_DISCOVERY_ACROSS_FILESYSTEM not set).
2025-08-17 18:33:56.971 [info] > git rev-parse --show-toplevel [549ms]
2025-08-17 18:33:56.971 [info] fatal: not a git repository (or any parent up to mount point /)
Stopping at filesystem boundary (GIT_DISCOVERY_ACROSS_FILESYSTEM not set).
2025-08-17 18:33:57.050 [info] > git rev-parse --show-toplevel [35ms]
2025-08-17 18:33:57.050 [info] fatal: not a git repository (or any parent up to mount point /)
Stopping at filesystem boundary (GIT_DISCOVERY_ACROSS_FILESYSTEM not set).
2025-08-17 18:33:57.084 [info] > git rev-parse --show-toplevel [9ms]
2025-08-17 18:33:57.084 [info] fatal: not a git repository (or any parent up to mount point /)
Stopping at filesystem boundary (GIT_DISCOVERY_ACROSS_FILESYSTEM not set).
2025-08-17 18:33:57.128 [info] > git rev-parse --show-toplevel [7ms]
2025-08-17 18:33:57.129 [info] fatal: not a git repository (or any parent up to mount point /)
Stopping at filesystem boundary (GIT_DISCOVERY_ACROSS_FILESYSTEM not set).
2025-08-17 18:33:57.148 [info] > git rev-parse --show-toplevel [7ms]
2025-08-17 18:33:57.148 [info] fatal: not a git repository (or any parent up to mount point /)
Stopping at filesystem boundary (GIT_DISCOVERY_ACROSS_FILESYSTEM not set).
2025-08-17 18:33:57.175 [info] > git rev-parse --show-toplevel [12ms]
2025-08-17 18:33:57.175 [info] fatal: not a git repository (or any parent up to mount point /)
Stopping at filesystem boundary (GIT_DISCOVERY_ACROSS_FILESYSTEM not set).
2025-08-17 18:33:57.340 [info] > git rev-parse --show-toplevel [149ms]
2025-08-17 18:33:57.340 [info] fatal: not a git repository (or any parent up to mount point /)
Stopping at filesystem boundary (GIT_DISCOVERY_ACROSS_FILESYSTEM not set).
2025-08-17 18:33:57.358 [info] > git rev-parse --show-toplevel [3ms]
2025-08-17 18:33:57.358 [info] fatal: not a git repository (or any parent up to mount point /)
Stopping at filesystem boundary (GIT_DISCOVERY_ACROSS_FILESYSTEM not set).
2025-08-17 18:33:57.369 [info] > git rev-parse --show-toplevel [2ms]
2025-08-17 18:33:57.369 [info] fatal: not a git repository (or any parent up to mount point /)
Stopping at filesystem boundary (GIT_DISCOVERY_ACROSS_FILESYSTEM not set).
2025-08-17 18:33:57.391 [info] > git rev-parse --show-toplevel [6ms]
2025-08-17 18:33:57.391 [info] fatal: not a git repository (or any parent up to mount point /)
Stopping at filesystem boundary (GIT_DISCOVERY_ACROSS_FILESYSTEM not set).
2025-08-17 18:33:57.399 [info] [Model][doInitialScan] Initial repository scan completed - repositories (0), closed repositories (0), parent repositories (0), unsafe repositories (0)
2025-08-17 18:33:57.422 [info] > git rev-parse --show-toplevel [5ms]
2025-08-17 18:33:57.422 [info] fatal: not a git repository (or any parent up to mount point /)
Stopping at filesystem boundary (GIT_DISCOVERY_ACROSS_FILESYSTEM not set).
2025-08-17 18:33:57.604 [info] > git rev-parse --show-toplevel [171ms]
2025-08-17 18:33:57.605 [info] fatal: not a git repository (or any parent up to mount point /)
Stopping at filesystem boundary (GIT_DISCOVERY_ACROSS_FILESYSTEM not set).
2025-08-17 18:33:57.619 [info] > git rev-parse --show-toplevel [3ms]
2025-08-17 18:33:57.619 [info] fatal: not a git repository (or any parent up to mount point /)
Stopping at filesystem boundary (GIT_DISCOVERY_ACROSS_FILESYSTEM not set).
2025-08-17 18:33:57.630 [info] > git rev-parse --show-toplevel [3ms]
2025-08-17 18:33:57.630 [info] fatal: not a git repository (or any parent up to mount point /)
Stopping at filesystem boundary (GIT_DISCOVERY_ACROSS_FILESYSTEM not set).
2025-08-17 18:33:57.644 [info] > git rev-parse --show-toplevel [3ms]
2025-08-17 18:33:57.644 [info] fatal: not a git repository (or any parent up to mount point /)
Stopping at filesystem boundary (GIT_DISCOVERY_ACROSS_FILESYSTEM not set).
2025-08-17 18:34:09.165 [info] > git rev-parse --show-toplevel [8ms]
2025-08-17 18:34:09.169 [info] fatal: not a git repository (or any parent up to mount point /)
Stopping at filesystem boundary (GIT_DISCOVERY_ACROSS_FILESYSTEM not set).
2025-08-17 18:35:09.981 [info] > git rev-parse --show-toplevel [3ms]
2025-08-17 18:35:09.981 [info] fatal: not a git repository (or any parent up to mount point /)
Stopping at filesystem boundary (GIT_DISCOVERY_ACROSS_FILESYSTEM not set).
2025-08-17 18:35:15.493 [info] > git rev-parse --show-toplevel [1ms]
2025-08-17 18:35:15.493 [info] fatal: not a git repository (or any parent up to mount point /)
Stopping at filesystem boundary (GIT_DISCOVERY_ACROSS_FILESYSTEM not set).
2025-08-17 18:36:12.750 [info] > git rev-parse --show-toplevel [1ms]
2025-08-17 18:36:12.750 [info] fatal: not a git repository (or any parent up to mount point /)
Stopping at filesystem boundary (GIT_DISCOVERY_ACROSS_FILESYSTEM not set).
