2025-08-17 18:37:01.329 [info] Reading sessions from keychain...
2025-08-17 18:37:01.329 [info] Getting sessions for all scopes...
2025-08-17 18:37:01.530 [info] Got stored sessions!
2025-08-17 18:37:01.530 [info] Got 1 verified sessions.
2025-08-17 18:37:01.531 [info] Got 1 sessions for ...
2025-08-17 18:37:01.531 [info] Getting sessions for all scopes...
2025-08-17 18:37:01.531 [info] Got 1 sessions for ...
2025-08-17 18:37:01.532 [info] Getting sessions for all scopes...
2025-08-17 18:37:01.532 [info] Got 1 sessions for ...
2025-08-17 18:37:01.532 [info] Getting sessions for all scopes...
2025-08-17 18:37:01.532 [info] Got 1 sessions for ...
2025-08-17 18:37:01.532 [info] Getting sessions for all scopes...
2025-08-17 18:37:01.532 [info] Got 1 sessions for ...
2025-08-17 18:37:01.532 [info] Getting sessions for all scopes...
2025-08-17 18:37:01.532 [info] Got 1 sessions for ...
2025-08-17 18:37:01.532 [info] Getting sessions for all scopes...
2025-08-17 18:37:01.532 [info] Got 1 sessions for ...
2025-08-17 18:37:01.532 [info] Getting sessions for all scopes...
2025-08-17 18:37:01.532 [info] Got 1 sessions for ...
2025-08-17 18:37:01.532 [info] Getting sessions for all scopes...
2025-08-17 18:37:01.532 [info] Got 1 sessions for ...
2025-08-17 18:37:01.634 [info] Getting sessions for all scopes...
2025-08-17 18:37:01.634 [info] Got 1 sessions for ...
2025-08-17 18:37:01.634 [info] Getting sessions for all scopes...
2025-08-17 18:37:01.634 [info] Got 1 sessions for ...
2025-08-17 18:37:01.634 [info] Getting sessions for all scopes...
2025-08-17 18:37:01.634 [info] Got 1 sessions for ...
2025-08-17 18:37:01.634 [info] Getting sessions for all scopes...
2025-08-17 18:37:01.634 [info] Got 1 sessions for ...
2025-08-17 18:37:01.634 [info] Getting sessions for all scopes...
2025-08-17 18:37:01.634 [info] Got 1 sessions for ...
2025-08-17 18:37:01.634 [info] Getting sessions for all scopes...
2025-08-17 18:37:01.634 [info] Got 1 sessions for ...
2025-08-17 18:37:02.034 [info] Getting sessions for read:user,repo,user:email,workflow...
2025-08-17 18:37:02.035 [info] Got 0 sessions for read:user,repo,user:email,workflow...
2025-08-17 18:37:05.138 [info] Getting sessions for all scopes...
2025-08-17 18:37:05.138 [info] Got 1 sessions for ...
2025-08-17 18:37:05.172 [info] Getting sessions for all scopes...
2025-08-17 18:37:05.173 [info] Got 1 sessions for ...
2025-08-17 18:37:05.214 [info] Getting sessions for all scopes...
2025-08-17 18:37:05.214 [info] Got 1 sessions for ...
2025-08-17 18:37:05.215 [info] Getting sessions for all scopes...
2025-08-17 18:37:05.215 [info] Got 1 sessions for ...
2025-08-17 18:37:05.215 [info] Getting sessions for all scopes...
2025-08-17 18:37:05.215 [info] Got 1 sessions for ...
2025-08-17 18:37:06.198 [info] Getting sessions for user:email...
2025-08-17 18:37:06.198 [info] Got 1 sessions for user:email...
2025-08-17 18:37:06.199 [info] Getting sessions for read:user,repo,user:email,workflow...
2025-08-17 18:37:06.199 [info] Got 0 sessions for read:user,repo,user:email,workflow...
2025-08-17 18:37:06.256 [info] Getting sessions for all scopes...
2025-08-17 18:37:06.256 [info] Got 1 sessions for ...
2025-08-17 18:37:06.285 [info] Getting sessions for all scopes...
2025-08-17 18:37:06.286 [info] Got 1 sessions for ...
2025-08-17 18:37:06.286 [info] Getting sessions for read:user,repo,user:email,workflow...
2025-08-17 18:37:06.286 [info] Got 0 sessions for read:user,repo,user:email,workflow...
2025-08-17 18:37:06.356 [info] Getting sessions for all scopes...
2025-08-17 18:37:06.356 [info] Got 1 sessions for ...
2025-08-17 18:37:06.358 [info] Getting sessions for all scopes...
2025-08-17 18:37:06.358 [info] Got 1 sessions for ...
2025-08-17 18:37:06.408 [info] Getting sessions for read:user...
2025-08-17 18:37:06.408 [info] Got 0 sessions for read:user...
2025-08-17 18:37:06.461 [info] Getting sessions for read:user,repo,user:email,workflow...
2025-08-17 18:37:06.461 [info] Got 0 sessions for read:user,repo,user:email,workflow...
2025-08-17 18:37:06.495 [info] Getting sessions for user:email...
2025-08-17 18:37:06.495 [info] Got 1 sessions for user:email...
2025-08-17 18:37:06.505 [info] Getting sessions for user:email...
2025-08-17 18:37:06.505 [info] Got 1 sessions for user:email...
2025-08-17 18:37:06.792 [info] Getting sessions for all scopes...
2025-08-17 18:37:06.792 [info] Got 1 sessions for ...
2025-08-17 18:37:06.794 [info] Getting sessions for read:user,repo,user:email,workflow...
2025-08-17 18:37:06.794 [info] Got 0 sessions for read:user,repo,user:email,workflow...
2025-08-17 18:37:06.797 [info] Getting sessions for user:email...
2025-08-17 18:37:06.798 [info] Got 1 sessions for user:email...
2025-08-17 18:37:07.454 [info] Getting sessions for all scopes...
2025-08-17 18:37:07.454 [info] Got 1 sessions for ...
2025-08-17 18:37:07.454 [info] Getting sessions for all scopes...
2025-08-17 18:37:07.454 [info] Got 1 sessions for ...
2025-08-17 18:37:07.471 [info] Getting sessions for read:user,repo,user:email,workflow...
2025-08-17 18:37:07.471 [info] Got 0 sessions for read:user,repo,user:email,workflow...
2025-08-17 18:37:07.476 [info] Getting sessions for user:email...
2025-08-17 18:37:07.476 [info] Got 1 sessions for user:email...
2025-08-17 18:37:07.477 [info] Getting sessions for read:user,repo,user:email,workflow...
2025-08-17 18:37:07.477 [info] Got 0 sessions for read:user,repo,user:email,workflow...
2025-08-17 18:37:07.488 [info] Getting sessions for all scopes...
2025-08-17 18:37:07.488 [info] Got 1 sessions for ...
2025-08-17 18:37:07.490 [info] Getting sessions for read:user,repo,user:email,workflow...
2025-08-17 18:37:07.490 [info] Got 0 sessions for read:user,repo,user:email,workflow...
2025-08-17 18:37:07.493 [info] Getting sessions for user:email...
2025-08-17 18:37:07.493 [info] Got 1 sessions for user:email...
2025-08-17 18:37:07.685 [info] Getting sessions for all scopes...
2025-08-17 18:37:07.685 [info] Got 1 sessions for ...
2025-08-17 18:37:07.688 [info] Getting sessions for all scopes...
2025-08-17 18:37:07.688 [info] Got 1 sessions for ...
2025-08-17 18:37:07.739 [info] Getting sessions for read:user,repo,user:email,workflow...
2025-08-17 18:37:07.739 [info] Got 0 sessions for read:user,repo,user:email,workflow...
2025-08-17 18:37:07.755 [info] Getting sessions for user:email...
2025-08-17 18:37:07.755 [info] Got 1 sessions for user:email...
2025-08-17 18:37:07.755 [info] Getting sessions for read:user,repo,user:email,workflow...
2025-08-17 18:37:07.755 [info] Got 0 sessions for read:user,repo,user:email,workflow...
2025-08-17 18:37:07.763 [info] Getting sessions for all scopes...
2025-08-17 18:37:07.763 [info] Got 1 sessions for ...
2025-08-17 18:37:07.766 [info] Getting sessions for all scopes...
2025-08-17 18:37:07.766 [info] Got 1 sessions for ...
2025-08-17 18:37:07.766 [info] Getting sessions for all scopes...
2025-08-17 18:37:07.766 [info] Got 1 sessions for ...
2025-08-17 18:37:07.779 [info] Getting sessions for read:user,repo,user:email,workflow...
2025-08-17 18:37:07.779 [info] Got 0 sessions for read:user,repo,user:email,workflow...
2025-08-17 18:37:07.786 [info] Getting sessions for user:email...
2025-08-17 18:37:07.786 [info] Got 1 sessions for user:email...
2025-08-17 18:37:08.518 [info] Getting sessions for all scopes...
2025-08-17 18:37:08.518 [info] Got 1 sessions for ...
2025-08-17 18:38:43.340 [info] Getting sessions for all scopes...
2025-08-17 18:38:43.340 [info] Got 1 sessions for ...
2025-08-17 18:38:43.344 [info] Getting sessions for read:user,repo,user:email,workflow...
2025-08-17 18:38:43.344 [info] Got 0 sessions for read:user,repo,user:email,workflow...
2025-08-17 18:38:43.350 [info] Getting sessions for user:email...
2025-08-17 18:38:43.350 [info] Got 1 sessions for user:email...
2025-08-17 18:38:51.603 [info] Getting sessions for all scopes...
2025-08-17 18:38:51.603 [info] Got 1 sessions for ...
2025-08-17 18:38:51.605 [info] Getting sessions for read:user,repo,user:email,workflow...
2025-08-17 18:38:51.605 [info] Got 0 sessions for read:user,repo,user:email,workflow...
2025-08-17 18:38:51.606 [info] Getting sessions for user:email...
2025-08-17 18:38:51.606 [info] Got 1 sessions for user:email...
2025-08-17 18:38:51.785 [info] Getting sessions for all scopes...
2025-08-17 18:38:51.785 [info] Got 1 sessions for ...
2025-08-17 18:38:51.786 [info] Getting sessions for read:user,repo,user:email,workflow...
2025-08-17 18:38:51.786 [info] Got 0 sessions for read:user,repo,user:email,workflow...
2025-08-17 18:38:51.787 [info] Getting sessions for user:email...
2025-08-17 18:38:51.787 [info] Got 1 sessions for user:email...
2025-08-17 18:38:52.190 [info] Getting sessions for all scopes...
2025-08-17 18:38:52.190 [info] Got 1 sessions for ...
2025-08-17 18:38:52.191 [info] Getting sessions for read:user,repo,user:email,workflow...
2025-08-17 18:38:52.191 [info] Got 0 sessions for read:user,repo,user:email,workflow...
2025-08-17 18:38:52.199 [info] Getting sessions for user:email...
2025-08-17 18:38:52.199 [info] Got 1 sessions for user:email...
2025-08-17 18:41:52.639 [info] Getting sessions for all scopes...
2025-08-17 18:41:52.639 [info] Got 1 sessions for ...
2025-08-17 18:41:52.640 [info] Getting sessions for read:user,repo,user:email,workflow...
2025-08-17 18:41:52.640 [info] Got 0 sessions for read:user,repo,user:email,workflow...
2025-08-17 18:41:52.642 [info] Getting sessions for user:email...
2025-08-17 18:41:52.642 [info] Got 1 sessions for user:email...
2025-08-17 18:41:54.591 [info] Getting sessions for all scopes...
2025-08-17 18:41:54.591 [info] Got 1 sessions for ...
2025-08-17 18:41:54.602 [info] Getting sessions for read:user,repo,user:email,workflow...
2025-08-17 18:41:54.602 [info] Got 0 sessions for read:user,repo,user:email,workflow...
2025-08-17 18:41:54.610 [info] Getting sessions for user:email...
2025-08-17 18:41:54.611 [info] Got 1 sessions for user:email...
2025-08-17 18:42:00.861 [info] Getting sessions for all scopes...
2025-08-17 18:42:00.861 [info] Got 1 sessions for ...
2025-08-17 18:42:00.863 [info] Getting sessions for read:user,repo,user:email,workflow...
2025-08-17 18:42:00.863 [info] Got 0 sessions for read:user,repo,user:email,workflow...
2025-08-17 18:42:00.871 [info] Getting sessions for user:email...
2025-08-17 18:42:00.871 [info] Got 1 sessions for user:email...
2025-08-17 18:42:05.661 [info] Getting sessions for all scopes...
2025-08-17 18:42:05.661 [info] Got 1 sessions for ...
2025-08-17 18:42:05.667 [info] Getting sessions for read:user,repo,user:email,workflow...
2025-08-17 18:42:05.667 [info] Got 0 sessions for read:user,repo,user:email,workflow...
2025-08-17 18:42:05.675 [info] Getting sessions for user:email...
2025-08-17 18:42:05.675 [info] Got 1 sessions for user:email...
