2025-08-17 18:33:52.787 [info] Reading sessions from keychain...
2025-08-17 18:33:52.788 [info] Getting sessions for all scopes...
2025-08-17 18:33:52.885 [info] Got stored sessions!
2025-08-17 18:33:52.886 [info] Got 1 verified sessions.
2025-08-17 18:33:52.887 [info] Got 1 sessions for ...
2025-08-17 18:33:52.887 [info] Getting sessions for all scopes...
2025-08-17 18:33:52.887 [info] Got 1 sessions for ...
2025-08-17 18:33:52.888 [info] Getting sessions for all scopes...
2025-08-17 18:33:52.888 [info] Got 1 sessions for ...
2025-08-17 18:33:52.888 [info] Getting sessions for all scopes...
2025-08-17 18:33:52.888 [info] Got 1 sessions for ...
2025-08-17 18:33:52.889 [info] Getting sessions for all scopes...
2025-08-17 18:33:52.889 [info] Got 1 sessions for ...
2025-08-17 18:33:52.889 [info] Getting sessions for all scopes...
2025-08-17 18:33:52.889 [info] Got 1 sessions for ...
2025-08-17 18:33:52.889 [info] Getting sessions for all scopes...
2025-08-17 18:33:52.889 [info] Got 1 sessions for ...
2025-08-17 18:33:52.889 [info] Getting sessions for all scopes...
2025-08-17 18:33:52.889 [info] Got 1 sessions for ...
2025-08-17 18:33:52.889 [info] Getting sessions for all scopes...
2025-08-17 18:33:52.889 [info] Got 1 sessions for ...
2025-08-17 18:33:53.056 [info] Getting sessions for all scopes...
2025-08-17 18:33:53.056 [info] Got 1 sessions for ...
2025-08-17 18:33:53.060 [info] Getting sessions for all scopes...
2025-08-17 18:33:53.060 [info] Got 1 sessions for ...
2025-08-17 18:33:53.060 [info] Getting sessions for all scopes...
2025-08-17 18:33:53.060 [info] Got 1 sessions for ...
2025-08-17 18:33:53.061 [info] Getting sessions for all scopes...
2025-08-17 18:33:53.061 [info] Got 1 sessions for ...
2025-08-17 18:33:53.061 [info] Getting sessions for all scopes...
2025-08-17 18:33:53.061 [info] Got 1 sessions for ...
2025-08-17 18:33:53.061 [info] Getting sessions for all scopes...
2025-08-17 18:33:53.061 [info] Got 1 sessions for ...
2025-08-17 18:33:53.285 [info] Getting sessions for read:user,repo,user:email,workflow...
2025-08-17 18:33:53.285 [info] Got 0 sessions for read:user,repo,user:email,workflow...
2025-08-17 18:33:55.916 [info] Getting sessions for all scopes...
2025-08-17 18:33:55.917 [info] Got 1 sessions for ...
2025-08-17 18:33:55.942 [info] Getting sessions for all scopes...
2025-08-17 18:33:55.942 [info] Got 1 sessions for ...
2025-08-17 18:33:55.963 [info] Getting sessions for all scopes...
2025-08-17 18:33:55.963 [info] Got 1 sessions for ...
2025-08-17 18:33:55.963 [info] Getting sessions for all scopes...
2025-08-17 18:33:55.963 [info] Got 1 sessions for ...
2025-08-17 18:33:55.963 [info] Getting sessions for all scopes...
2025-08-17 18:33:55.963 [info] Got 1 sessions for ...
2025-08-17 18:33:56.123 [info] Getting sessions for user:email...
2025-08-17 18:33:56.123 [info] Got 1 sessions for user:email...
2025-08-17 18:33:56.123 [info] Getting sessions for read:user,repo,user:email,workflow...
2025-08-17 18:33:56.123 [info] Got 0 sessions for read:user,repo,user:email,workflow...
2025-08-17 18:33:57.031 [info] Getting sessions for all scopes...
2025-08-17 18:33:57.031 [info] Got 1 sessions for ...
2025-08-17 18:33:57.037 [info] Getting sessions for all scopes...
2025-08-17 18:33:57.037 [info] Got 1 sessions for ...
2025-08-17 18:33:57.076 [info] Getting sessions for all scopes...
2025-08-17 18:33:57.076 [info] Got 1 sessions for ...
2025-08-17 18:33:57.079 [info] Getting sessions for read:user,repo,user:email,workflow...
2025-08-17 18:33:57.079 [info] Got 0 sessions for read:user,repo,user:email,workflow...
2025-08-17 18:33:57.122 [info] Getting sessions for read:user,repo,user:email,workflow...
2025-08-17 18:33:57.122 [info] Got 0 sessions for read:user,repo,user:email,workflow...
2025-08-17 18:33:57.147 [info] Getting sessions for read:user...
2025-08-17 18:33:57.147 [info] Got 0 sessions for read:user...
2025-08-17 18:33:57.174 [info] Getting sessions for user:email...
2025-08-17 18:33:57.174 [info] Got 1 sessions for user:email...
2025-08-17 18:33:57.327 [info] Getting sessions for user:email...
2025-08-17 18:33:57.327 [info] Got 1 sessions for user:email...
2025-08-17 18:33:57.406 [info] Getting sessions for all scopes...
2025-08-17 18:33:57.406 [info] Got 1 sessions for ...
2025-08-17 18:33:57.418 [info] Getting sessions for all scopes...
2025-08-17 18:33:57.421 [info] Got 1 sessions for ...
2025-08-17 18:33:57.435 [info] Getting sessions for read:user,repo,user:email,workflow...
2025-08-17 18:33:57.436 [info] Got 0 sessions for read:user,repo,user:email,workflow...
2025-08-17 18:33:57.617 [info] Getting sessions for user:email...
2025-08-17 18:33:57.618 [info] Got 1 sessions for user:email...
2025-08-17 18:33:57.883 [info] Getting sessions for all scopes...
2025-08-17 18:33:57.883 [info] Got 1 sessions for ...
2025-08-17 18:33:57.886 [info] Getting sessions for read:user,repo,user:email,workflow...
2025-08-17 18:33:57.886 [info] Got 0 sessions for read:user,repo,user:email,workflow...
2025-08-17 18:33:57.890 [info] Getting sessions for user:email...
2025-08-17 18:33:57.890 [info] Got 1 sessions for user:email...
2025-08-17 18:33:58.549 [info] Getting sessions for all scopes...
2025-08-17 18:33:58.549 [info] Got 1 sessions for ...
2025-08-17 18:33:58.549 [info] Getting sessions for all scopes...
2025-08-17 18:33:58.549 [info] Got 1 sessions for ...
2025-08-17 18:33:58.572 [info] Getting sessions for read:user,repo,user:email,workflow...
2025-08-17 18:33:58.572 [info] Got 0 sessions for read:user,repo,user:email,workflow...
2025-08-17 18:33:58.580 [info] Getting sessions for user:email...
2025-08-17 18:33:58.580 [info] Got 1 sessions for user:email...
2025-08-17 18:33:58.581 [info] Getting sessions for read:user,repo,user:email,workflow...
2025-08-17 18:33:58.581 [info] Got 0 sessions for read:user,repo,user:email,workflow...
2025-08-17 18:33:58.589 [info] Getting sessions for all scopes...
2025-08-17 18:33:58.589 [info] Got 1 sessions for ...
2025-08-17 18:33:58.591 [info] Getting sessions for read:user,repo,user:email,workflow...
2025-08-17 18:33:58.591 [info] Got 0 sessions for read:user,repo,user:email,workflow...
2025-08-17 18:33:58.599 [info] Getting sessions for user:email...
2025-08-17 18:33:58.599 [info] Got 1 sessions for user:email...
2025-08-17 18:33:58.731 [info] Getting sessions for all scopes...
2025-08-17 18:33:58.731 [info] Got 1 sessions for ...
2025-08-17 18:33:58.732 [info] Getting sessions for all scopes...
2025-08-17 18:33:58.732 [info] Got 1 sessions for ...
2025-08-17 18:33:58.737 [info] Getting sessions for read:user,repo,user:email,workflow...
2025-08-17 18:33:58.737 [info] Got 0 sessions for read:user,repo,user:email,workflow...
2025-08-17 18:33:58.739 [info] Getting sessions for user:email...
2025-08-17 18:33:58.739 [info] Got 1 sessions for user:email...
2025-08-17 18:33:58.739 [info] Getting sessions for read:user,repo,user:email,workflow...
2025-08-17 18:33:58.739 [info] Got 0 sessions for read:user,repo,user:email,workflow...
2025-08-17 18:33:58.747 [info] Getting sessions for all scopes...
2025-08-17 18:33:58.747 [info] Got 1 sessions for ...
2025-08-17 18:33:58.750 [info] Getting sessions for all scopes...
2025-08-17 18:33:58.750 [info] Got 1 sessions for ...
2025-08-17 18:33:58.754 [info] Getting sessions for all scopes...
2025-08-17 18:33:58.754 [info] Got 1 sessions for ...
2025-08-17 18:33:58.756 [info] Getting sessions for read:user,repo,user:email,workflow...
2025-08-17 18:33:58.756 [info] Got 0 sessions for read:user,repo,user:email,workflow...
2025-08-17 18:33:58.758 [info] Getting sessions for user:email...
2025-08-17 18:33:58.758 [info] Got 1 sessions for user:email...
2025-08-17 18:33:59.101 [info] Getting sessions for all scopes...
2025-08-17 18:33:59.101 [info] Got 1 sessions for ...
2025-08-17 18:33:59.105 [info] Getting sessions for read:user,repo,user:email,workflow...
2025-08-17 18:33:59.105 [info] Got 0 sessions for read:user,repo,user:email,workflow...
2025-08-17 18:33:59.107 [info] Getting sessions for user:email...
2025-08-17 18:33:59.107 [info] Got 1 sessions for user:email...
2025-08-17 18:34:00.356 [info] Getting sessions for all scopes...
2025-08-17 18:34:00.356 [info] Got 1 sessions for ...
2025-08-17 18:34:01.270 [info] Getting sessions for all scopes...
2025-08-17 18:34:01.270 [info] Got 1 sessions for ...
2025-08-17 18:34:01.272 [info] Getting sessions for read:user,repo,user:email,workflow...
2025-08-17 18:34:01.272 [info] Got 0 sessions for read:user,repo,user:email,workflow...
2025-08-17 18:34:01.273 [info] Getting sessions for user:email...
2025-08-17 18:34:01.273 [info] Got 1 sessions for user:email...
2025-08-17 18:34:02.021 [info] Getting sessions for all scopes...
2025-08-17 18:34:02.021 [info] Got 1 sessions for ...
2025-08-17 18:34:02.022 [info] Getting sessions for read:user,repo,user:email,workflow...
2025-08-17 18:34:02.022 [info] Got 0 sessions for read:user,repo,user:email,workflow...
2025-08-17 18:34:02.023 [info] Getting sessions for user:email...
2025-08-17 18:34:02.023 [info] Got 1 sessions for user:email...
2025-08-17 18:34:03.962 [info] Getting sessions for all scopes...
2025-08-17 18:34:03.962 [info] Got 1 sessions for ...
2025-08-17 18:34:03.963 [info] Getting sessions for read:user,repo,user:email,workflow...
2025-08-17 18:34:03.963 [info] Got 0 sessions for read:user,repo,user:email,workflow...
2025-08-17 18:34:03.967 [info] Getting sessions for user:email...
2025-08-17 18:34:03.967 [info] Got 1 sessions for user:email...
2025-08-17 18:34:41.124 [info] Getting sessions for all scopes...
2025-08-17 18:34:41.125 [info] Got 1 sessions for ...
2025-08-17 18:34:41.158 [info] Getting sessions for read:user,repo,user:email,workflow...
2025-08-17 18:34:41.159 [info] Got 0 sessions for read:user,repo,user:email,workflow...
2025-08-17 18:34:41.160 [info] Getting sessions for user:email...
2025-08-17 18:34:41.160 [info] Got 1 sessions for user:email...
2025-08-17 18:34:42.386 [info] Getting sessions for all scopes...
2025-08-17 18:34:42.386 [info] Got 1 sessions for ...
2025-08-17 18:34:42.394 [info] Getting sessions for read:user,repo,user:email,workflow...
2025-08-17 18:34:42.394 [info] Got 0 sessions for read:user,repo,user:email,workflow...
2025-08-17 18:34:42.399 [info] Getting sessions for user:email...
2025-08-17 18:34:42.399 [info] Got 1 sessions for user:email...
2025-08-17 18:36:06.162 [info] Getting sessions for all scopes...
2025-08-17 18:36:06.162 [info] Got 1 sessions for ...
2025-08-17 18:36:06.179 [info] Getting sessions for read:user,repo,user:email,workflow...
2025-08-17 18:36:06.179 [info] Got 0 sessions for read:user,repo,user:email,workflow...
2025-08-17 18:36:06.180 [info] Getting sessions for user:email...
2025-08-17 18:36:06.180 [info] Got 1 sessions for user:email...
2025-08-17 18:36:08.599 [info] Getting sessions for all scopes...
2025-08-17 18:36:08.599 [info] Got 1 sessions for ...
2025-08-17 18:36:08.602 [info] Getting sessions for read:user,repo,user:email,workflow...
2025-08-17 18:36:08.602 [info] Got 0 sessions for read:user,repo,user:email,workflow...
2025-08-17 18:36:08.606 [info] Getting sessions for user:email...
2025-08-17 18:36:08.606 [info] Got 1 sessions for user:email...
