2025-08-17 18:06:18.288 [info] Reading sessions from keychain...
2025-08-17 18:06:18.288 [info] Getting sessions for all scopes...
2025-08-17 18:06:18.288 [info] Got stored sessions!
2025-08-17 18:06:18.288 [info] Got 1 verified sessions.
2025-08-17 18:06:18.288 [info] Got 1 sessions for ...
2025-08-17 18:06:18.288 [info] Getting sessions for all scopes...
2025-08-17 18:06:18.288 [info] Got 1 sessions for ...
2025-08-17 18:06:18.288 [info] Getting sessions for all scopes...
2025-08-17 18:06:18.288 [info] Got 1 sessions for ...
2025-08-17 18:06:18.288 [info] Getting sessions for all scopes...
2025-08-17 18:06:18.288 [info] Got 1 sessions for ...
2025-08-17 18:06:18.288 [info] Getting sessions for all scopes...
2025-08-17 18:06:18.288 [info] Got 1 sessions for ...
2025-08-17 18:06:18.288 [info] Getting sessions for all scopes...
2025-08-17 18:06:18.288 [info] Got 1 sessions for ...
2025-08-17 18:06:18.288 [info] Getting sessions for all scopes...
2025-08-17 18:06:18.288 [info] Got 1 sessions for ...
2025-08-17 18:06:18.288 [info] Getting sessions for all scopes...
2025-08-17 18:06:18.288 [info] Got 1 sessions for ...
2025-08-17 18:06:18.288 [info] Getting sessions for all scopes...
2025-08-17 18:06:18.288 [info] Got 1 sessions for ...
2025-08-17 18:06:18.288 [info] Getting sessions for all scopes...
2025-08-17 18:06:18.288 [info] Got 1 sessions for ...
2025-08-17 18:06:18.288 [info] Getting sessions for all scopes...
2025-08-17 18:06:18.288 [info] Got 1 sessions for ...
2025-08-17 18:06:18.288 [info] Getting sessions for all scopes...
2025-08-17 18:06:18.288 [info] Got 1 sessions for ...
2025-08-17 18:06:18.288 [info] Getting sessions for all scopes...
2025-08-17 18:06:18.288 [info] Got 1 sessions for ...
2025-08-17 18:06:18.288 [info] Getting sessions for all scopes...
2025-08-17 18:06:18.288 [info] Got 1 sessions for ...
2025-08-17 18:06:18.288 [info] Getting sessions for all scopes...
2025-08-17 18:06:18.288 [info] Got 1 sessions for ...
2025-08-17 18:06:18.507 [info] Getting sessions for read:user,repo,user:email,workflow...
2025-08-17 18:06:18.507 [info] Got 0 sessions for read:user,repo,user:email,workflow...
2025-08-17 18:06:18.566 [info] Getting sessions for user:email...
2025-08-17 18:06:18.566 [info] Got 1 sessions for user:email...
2025-08-17 18:06:18.568 [info] Getting sessions for read:user,repo,user:email,workflow...
2025-08-17 18:06:18.568 [info] Got 0 sessions for read:user,repo,user:email,workflow...
2025-08-17 18:06:18.570 [info] Getting sessions for all scopes...
2025-08-17 18:06:18.570 [info] Got 1 sessions for ...
2025-08-17 18:06:18.595 [info] Getting sessions for all scopes...
2025-08-17 18:06:18.595 [info] Got 1 sessions for ...
2025-08-17 18:06:18.660 [info] Getting sessions for read:user,repo,user:email,workflow...
2025-08-17 18:06:18.660 [info] Got 0 sessions for read:user,repo,user:email,workflow...
2025-08-17 18:06:18.892 [info] Getting sessions for user:email...
2025-08-17 18:06:18.892 [info] Got 1 sessions for user:email...
2025-08-17 18:06:21.427 [info] Getting sessions for all scopes...
2025-08-17 18:06:21.427 [info] Got 1 sessions for ...
2025-08-17 18:06:21.651 [info] Getting sessions for all scopes...
2025-08-17 18:06:21.651 [info] Got 1 sessions for ...
2025-08-17 18:06:21.731 [info] Getting sessions for all scopes...
2025-08-17 18:06:21.731 [info] Got 1 sessions for ...
2025-08-17 18:06:21.732 [info] Getting sessions for all scopes...
2025-08-17 18:06:21.732 [info] Got 1 sessions for ...
2025-08-17 18:06:21.732 [info] Getting sessions for all scopes...
2025-08-17 18:06:21.732 [info] Got 1 sessions for ...
2025-08-17 18:06:21.784 [info] Getting sessions for all scopes...
2025-08-17 18:06:21.784 [info] Got 1 sessions for ...
2025-08-17 18:06:21.815 [info] Getting sessions for read:user,repo,user:email,workflow...
2025-08-17 18:06:21.815 [info] Got 0 sessions for read:user,repo,user:email,workflow...
2025-08-17 18:06:22.309 [info] Getting sessions for user:email...
2025-08-17 18:06:22.309 [info] Got 1 sessions for user:email...
2025-08-17 18:06:22.337 [info] Getting sessions for all scopes...
2025-08-17 18:06:22.338 [info] Got 1 sessions for ...
2025-08-17 18:06:22.350 [info] Getting sessions for all scopes...
2025-08-17 18:06:22.350 [info] Got 1 sessions for ...
2025-08-17 18:06:22.350 [info] Getting sessions for read:user,repo,user:email,workflow...
2025-08-17 18:06:22.350 [info] Got 0 sessions for read:user,repo,user:email,workflow...
2025-08-17 18:06:22.379 [info] Getting sessions for read:user...
2025-08-17 18:06:22.379 [info] Got 0 sessions for read:user...
2025-08-17 18:06:22.386 [info] Getting sessions for user:email...
2025-08-17 18:06:22.386 [info] Got 1 sessions for user:email...
2025-08-17 18:06:22.755 [info] Getting sessions for all scopes...
2025-08-17 18:06:22.755 [info] Got 1 sessions for ...
2025-08-17 18:06:22.762 [info] Getting sessions for read:user,repo,user:email,workflow...
2025-08-17 18:06:22.762 [info] Got 0 sessions for read:user,repo,user:email,workflow...
2025-08-17 18:06:22.768 [info] Getting sessions for user:email...
2025-08-17 18:06:22.768 [info] Got 1 sessions for user:email...
2025-08-17 18:06:23.368 [info] Getting sessions for all scopes...
2025-08-17 18:06:23.368 [info] Got 1 sessions for ...
2025-08-17 18:06:23.369 [info] Getting sessions for all scopes...
2025-08-17 18:06:23.369 [info] Got 1 sessions for ...
2025-08-17 18:06:23.375 [info] Getting sessions for read:user,repo,user:email,workflow...
2025-08-17 18:06:23.375 [info] Got 0 sessions for read:user,repo,user:email,workflow...
2025-08-17 18:06:23.389 [info] Getting sessions for user:email...
2025-08-17 18:06:23.389 [info] Got 1 sessions for user:email...
2025-08-17 18:06:23.391 [info] Getting sessions for read:user,repo,user:email,workflow...
2025-08-17 18:06:23.391 [info] Got 0 sessions for read:user,repo,user:email,workflow...
2025-08-17 18:06:23.398 [info] Getting sessions for all scopes...
2025-08-17 18:06:23.398 [info] Got 1 sessions for ...
2025-08-17 18:06:23.407 [info] Getting sessions for read:user,repo,user:email,workflow...
2025-08-17 18:06:23.407 [info] Got 0 sessions for read:user,repo,user:email,workflow...
2025-08-17 18:06:23.411 [info] Getting sessions for user:email...
2025-08-17 18:06:23.411 [info] Got 1 sessions for user:email...
2025-08-17 18:06:23.544 [info] Getting sessions for all scopes...
2025-08-17 18:06:23.545 [info] Got 1 sessions for ...
2025-08-17 18:06:23.546 [info] Getting sessions for all scopes...
2025-08-17 18:06:23.546 [info] Got 1 sessions for ...
2025-08-17 18:06:23.583 [info] Getting sessions for read:user,repo,user:email,workflow...
2025-08-17 18:06:23.583 [info] Got 0 sessions for read:user,repo,user:email,workflow...
2025-08-17 18:06:23.602 [info] Getting sessions for user:email...
2025-08-17 18:06:23.602 [info] Got 1 sessions for user:email...
2025-08-17 18:06:23.602 [info] Getting sessions for read:user,repo,user:email,workflow...
2025-08-17 18:06:23.602 [info] Got 0 sessions for read:user,repo,user:email,workflow...
2025-08-17 18:06:23.621 [info] Getting sessions for all scopes...
2025-08-17 18:06:23.621 [info] Got 1 sessions for ...
2025-08-17 18:06:23.626 [info] Getting sessions for all scopes...
2025-08-17 18:06:23.626 [info] Got 1 sessions for ...
2025-08-17 18:06:23.627 [info] Getting sessions for all scopes...
2025-08-17 18:06:23.627 [info] Got 1 sessions for ...
2025-08-17 18:06:23.633 [info] Getting sessions for read:user,repo,user:email,workflow...
2025-08-17 18:06:23.633 [info] Got 0 sessions for read:user,repo,user:email,workflow...
2025-08-17 18:06:23.637 [info] Getting sessions for user:email...
2025-08-17 18:06:23.637 [info] Got 1 sessions for user:email...
2025-08-17 18:06:24.805 [info] Getting sessions for all scopes...
2025-08-17 18:06:24.805 [info] Got 1 sessions for ...
2025-08-17 18:14:38.003 [info] Getting sessions for all scopes...
2025-08-17 18:14:38.003 [info] Got 1 sessions for ...
2025-08-17 18:14:38.004 [info] Getting sessions for read:user,repo,user:email,workflow...
2025-08-17 18:14:38.004 [info] Got 0 sessions for read:user,repo,user:email,workflow...
2025-08-17 18:14:38.010 [info] Getting sessions for user:email...
2025-08-17 18:14:38.010 [info] Got 1 sessions for user:email...
2025-08-17 18:14:43.532 [info] Getting sessions for all scopes...
2025-08-17 18:14:43.532 [info] Got 1 sessions for ...
2025-08-17 18:14:43.533 [info] Getting sessions for read:user,repo,user:email,workflow...
2025-08-17 18:14:43.533 [info] Got 0 sessions for read:user,repo,user:email,workflow...
2025-08-17 18:14:43.534 [info] Getting sessions for user:email...
2025-08-17 18:14:43.534 [info] Got 1 sessions for user:email...
2025-08-17 18:15:37.775 [info] Getting sessions for all scopes...
2025-08-17 18:15:37.775 [info] Got 1 sessions for ...
2025-08-17 18:15:37.778 [info] Getting sessions for read:user,repo,user:email,workflow...
2025-08-17 18:15:37.778 [info] Got 0 sessions for read:user,repo,user:email,workflow...
2025-08-17 18:15:37.780 [info] Getting sessions for user:email...
2025-08-17 18:15:37.780 [info] Got 1 sessions for user:email...
2025-08-17 18:16:02.414 [info] Getting sessions for all scopes...
2025-08-17 18:16:02.414 [info] Got 1 sessions for ...
2025-08-17 18:16:02.415 [info] Getting sessions for read:user,repo,user:email,workflow...
2025-08-17 18:16:02.415 [info] Got 0 sessions for read:user,repo,user:email,workflow...
2025-08-17 18:16:02.416 [info] Getting sessions for user:email...
2025-08-17 18:16:02.416 [info] Got 1 sessions for user:email...
2025-08-17 18:16:09.175 [info] Getting sessions for all scopes...
2025-08-17 18:16:09.175 [info] Got 1 sessions for ...
2025-08-17 18:16:09.182 [info] Getting sessions for read:user,repo,user:email,workflow...
2025-08-17 18:16:09.182 [info] Got 0 sessions for read:user,repo,user:email,workflow...
2025-08-17 18:16:09.185 [info] Getting sessions for user:email...
2025-08-17 18:16:09.185 [info] Got 1 sessions for user:email...
2025-08-17 18:16:15.851 [info] Getting sessions for all scopes...
2025-08-17 18:16:15.851 [info] Got 1 sessions for ...
2025-08-17 18:16:15.854 [info] Getting sessions for read:user,repo,user:email,workflow...
2025-08-17 18:16:15.854 [info] Got 0 sessions for read:user,repo,user:email,workflow...
2025-08-17 18:16:15.857 [info] Getting sessions for user:email...
2025-08-17 18:16:15.857 [info] Got 1 sessions for user:email...
2025-08-17 18:16:20.651 [info] Getting sessions for all scopes...
2025-08-17 18:16:20.651 [info] Got 1 sessions for ...
2025-08-17 18:16:20.654 [info] Getting sessions for read:user,repo,user:email,workflow...
2025-08-17 18:16:20.654 [info] Got 0 sessions for read:user,repo,user:email,workflow...
2025-08-17 18:16:20.661 [info] Getting sessions for user:email...
2025-08-17 18:16:20.661 [info] Got 1 sessions for user:email...
2025-08-17 18:16:25.628 [info] Getting sessions for all scopes...
2025-08-17 18:16:25.628 [info] Got 1 sessions for ...
2025-08-17 18:16:25.630 [info] Getting sessions for read:user,repo,user:email,workflow...
2025-08-17 18:16:25.630 [info] Got 0 sessions for read:user,repo,user:email,workflow...
2025-08-17 18:16:25.631 [info] Getting sessions for user:email...
2025-08-17 18:16:25.631 [info] Got 1 sessions for user:email...
2025-08-17 18:16:25.826 [info] Getting sessions for all scopes...
2025-08-17 18:16:25.826 [info] Got 1 sessions for ...
2025-08-17 18:16:25.837 [info] Getting sessions for read:user,repo,user:email,workflow...
2025-08-17 18:16:25.837 [info] Got 0 sessions for read:user,repo,user:email,workflow...
2025-08-17 18:16:25.847 [info] Getting sessions for user:email...
2025-08-17 18:16:25.847 [info] Got 1 sessions for user:email...
2025-08-17 18:16:30.383 [info] Getting sessions for all scopes...
2025-08-17 18:16:30.383 [info] Got 1 sessions for ...
2025-08-17 18:16:30.389 [info] Getting sessions for read:user,repo,user:email,workflow...
2025-08-17 18:16:30.389 [info] Got 0 sessions for read:user,repo,user:email,workflow...
2025-08-17 18:16:30.391 [info] Getting sessions for user:email...
2025-08-17 18:16:30.391 [info] Got 1 sessions for user:email...
2025-08-17 18:16:35.417 [info] Getting sessions for all scopes...
2025-08-17 18:16:35.417 [info] Got 1 sessions for ...
2025-08-17 18:16:35.418 [info] Getting sessions for read:user,repo,user:email,workflow...
2025-08-17 18:16:35.418 [info] Got 0 sessions for read:user,repo,user:email,workflow...
2025-08-17 18:16:35.419 [info] Getting sessions for user:email...
2025-08-17 18:16:35.419 [info] Got 1 sessions for user:email...
2025-08-17 18:16:39.484 [info] Getting sessions for all scopes...
2025-08-17 18:16:39.484 [info] Got 1 sessions for ...
2025-08-17 18:16:39.490 [info] Getting sessions for read:user,repo,user:email,workflow...
2025-08-17 18:16:39.490 [info] Got 0 sessions for read:user,repo,user:email,workflow...
2025-08-17 18:16:39.493 [info] Getting sessions for user:email...
2025-08-17 18:16:39.493 [info] Got 1 sessions for user:email...
2025-08-17 18:16:43.504 [info] Getting sessions for all scopes...
2025-08-17 18:16:43.504 [info] Got 1 sessions for ...
2025-08-17 18:16:43.507 [info] Getting sessions for read:user,repo,user:email,workflow...
2025-08-17 18:16:43.507 [info] Got 0 sessions for read:user,repo,user:email,workflow...
2025-08-17 18:16:43.514 [info] Getting sessions for user:email...
2025-08-17 18:16:43.514 [info] Got 1 sessions for user:email...
2025-08-17 18:16:48.787 [info] Getting sessions for all scopes...
2025-08-17 18:16:48.787 [info] Got 1 sessions for ...
2025-08-17 18:16:48.791 [info] Getting sessions for read:user,repo,user:email,workflow...
2025-08-17 18:16:48.791 [info] Got 0 sessions for read:user,repo,user:email,workflow...
2025-08-17 18:16:48.794 [info] Getting sessions for user:email...
2025-08-17 18:16:48.794 [info] Got 1 sessions for user:email...
2025-08-17 18:16:52.882 [info] Getting sessions for all scopes...
2025-08-17 18:16:52.882 [info] Got 1 sessions for ...
2025-08-17 18:16:52.884 [info] Getting sessions for read:user,repo,user:email,workflow...
2025-08-17 18:16:52.885 [info] Got 0 sessions for read:user,repo,user:email,workflow...
2025-08-17 18:16:52.885 [info] Getting sessions for user:email...
2025-08-17 18:16:52.885 [info] Got 1 sessions for user:email...
