2025-08-17 18:59:18.804 [info] [main] Log level: Info
2025-08-17 18:59:18.804 [info] [main] Validating found git in: "git"
2025-08-17 18:59:18.804 [info] [main] Using git "2.50.1" from "git"
2025-08-17 18:59:18.806 [info] [Model][doInitialScan] Initial repository scan started
2025-08-17 18:59:18.806 [info] > git rev-parse --show-toplevel [18ms]
2025-08-17 18:59:18.806 [info] fatal: not a git repository (or any parent up to mount point /)
Stopping at filesystem boundary (GIT_DISCOVERY_ACROSS_FILESYSTEM not set).
2025-08-17 18:59:18.806 [info] > git rev-parse --show-toplevel [10ms]
2025-08-17 18:59:18.806 [info] fatal: not a git repository (or any parent up to mount point /)
Stopping at filesystem boundary (GIT_DISCOVERY_ACROSS_FILESYSTEM not set).
2025-08-17 18:59:18.806 [info] [Model][doInitialScan] Initial repository scan completed - repositories (0), closed repositories (0), parent repositories (0), unsafe repositories (0)
2025-08-17 18:59:23.517 [info] > git rev-parse --show-toplevel [29ms]
2025-08-17 18:59:23.517 [info] fatal: not a git repository (or any parent up to mount point /)
Stopping at filesystem boundary (GIT_DISCOVERY_ACROSS_FILESYSTEM not set).
2025-08-17 18:59:23.881 [info] > git rev-parse --show-toplevel [333ms]
2025-08-17 18:59:23.881 [info] fatal: not a git repository (or any parent up to mount point /)
Stopping at filesystem boundary (GIT_DISCOVERY_ACROSS_FILESYSTEM not set).
2025-08-17 18:59:24.320 [info] > git rev-parse --show-toplevel [94ms]
2025-08-17 18:59:24.320 [info] fatal: not a git repository (or any parent up to mount point /)
Stopping at filesystem boundary (GIT_DISCOVERY_ACROSS_FILESYSTEM not set).
2025-08-17 18:59:24.409 [info] > git rev-parse --show-toplevel [14ms]
2025-08-17 18:59:24.409 [info] fatal: not a git repository (or any parent up to mount point /)
Stopping at filesystem boundary (GIT_DISCOVERY_ACROSS_FILESYSTEM not set).
2025-08-17 18:59:45.331 [info] [main] Log level: Info
2025-08-17 18:59:45.331 [info] [main] Validating found git in: "git"
2025-08-17 18:59:45.331 [info] [main] Using git "2.50.1" from "git"
2025-08-17 18:59:45.331 [info] [Model][doInitialScan] Initial repository scan started
2025-08-17 18:59:45.331 [info] > git rev-parse --show-toplevel [63ms]
2025-08-17 18:59:45.331 [info] fatal: not a git repository (or any parent up to mount point /)
Stopping at filesystem boundary (GIT_DISCOVERY_ACROSS_FILESYSTEM not set).
2025-08-17 18:59:45.331 [info] > git rev-parse --show-toplevel [4ms]
2025-08-17 18:59:45.331 [info] fatal: not a git repository (or any parent up to mount point /)
Stopping at filesystem boundary (GIT_DISCOVERY_ACROSS_FILESYSTEM not set).
2025-08-17 18:59:45.331 [info] > git rev-parse --show-toplevel [1ms]
2025-08-17 18:59:45.331 [info] fatal: not a git repository (or any parent up to mount point /)
Stopping at filesystem boundary (GIT_DISCOVERY_ACROSS_FILESYSTEM not set).
2025-08-17 18:59:45.331 [info] > git rev-parse --show-toplevel [1ms]
2025-08-17 18:59:45.331 [info] fatal: not a git repository (or any parent up to mount point /)
Stopping at filesystem boundary (GIT_DISCOVERY_ACROSS_FILESYSTEM not set).
2025-08-17 18:59:45.331 [info] > git rev-parse --show-toplevel [3ms]
2025-08-17 18:59:45.331 [info] fatal: not a git repository (or any parent up to mount point /)
Stopping at filesystem boundary (GIT_DISCOVERY_ACROSS_FILESYSTEM not set).
2025-08-17 18:59:45.331 [info] > git rev-parse --show-toplevel [3ms]
2025-08-17 18:59:45.331 [info] fatal: not a git repository (or any parent up to mount point /)
Stopping at filesystem boundary (GIT_DISCOVERY_ACROSS_FILESYSTEM not set).
2025-08-17 18:59:45.331 [info] > git rev-parse --show-toplevel [4ms]
2025-08-17 18:59:45.331 [info] fatal: not a git repository (or any parent up to mount point /)
Stopping at filesystem boundary (GIT_DISCOVERY_ACROSS_FILESYSTEM not set).
2025-08-17 18:59:45.331 [info] > git rev-parse --show-toplevel [1ms]
2025-08-17 18:59:45.331 [info] fatal: not a git repository (or any parent up to mount point /)
Stopping at filesystem boundary (GIT_DISCOVERY_ACROSS_FILESYSTEM not set).
2025-08-17 18:59:45.331 [info] > git rev-parse --show-toplevel [4ms]
2025-08-17 18:59:45.331 [info] fatal: not a git repository (or any parent up to mount point /)
Stopping at filesystem boundary (GIT_DISCOVERY_ACROSS_FILESYSTEM not set).
2025-08-17 18:59:45.331 [info] > git rev-parse --show-toplevel [2ms]
2025-08-17 18:59:45.331 [info] fatal: not a git repository (or any parent up to mount point /)
Stopping at filesystem boundary (GIT_DISCOVERY_ACROSS_FILESYSTEM not set).
2025-08-17 18:59:45.331 [info] > git rev-parse --show-toplevel [4ms]
2025-08-17 18:59:45.331 [info] fatal: not a git repository (or any parent up to mount point /)
Stopping at filesystem boundary (GIT_DISCOVERY_ACROSS_FILESYSTEM not set).
2025-08-17 18:59:45.331 [info] > git rev-parse --show-toplevel [3ms]
2025-08-17 18:59:45.331 [info] fatal: not a git repository (or any parent up to mount point /)
Stopping at filesystem boundary (GIT_DISCOVERY_ACROSS_FILESYSTEM not set).
2025-08-17 18:59:45.331 [info] > git rev-parse --show-toplevel [8ms]
2025-08-17 18:59:45.331 [info] fatal: not a git repository (or any parent up to mount point /)
Stopping at filesystem boundary (GIT_DISCOVERY_ACROSS_FILESYSTEM not set).
2025-08-17 18:59:45.406 [info] > git rev-parse --show-toplevel [60ms]
2025-08-17 18:59:45.406 [info] fatal: not a git repository (or any parent up to mount point /)
Stopping at filesystem boundary (GIT_DISCOVERY_ACROSS_FILESYSTEM not set).
2025-08-17 18:59:48.304 [info] > git rev-parse --show-toplevel [124ms]
2025-08-17 18:59:48.304 [info] fatal: not a git repository (or any parent up to mount point /)
Stopping at filesystem boundary (GIT_DISCOVERY_ACROSS_FILESYSTEM not set).
2025-08-17 18:59:48.493 [info] > git rev-parse --show-toplevel [147ms]
2025-08-17 18:59:48.493 [info] fatal: not a git repository (or any parent up to mount point /)
Stopping at filesystem boundary (GIT_DISCOVERY_ACROSS_FILESYSTEM not set).
2025-08-17 18:59:48.953 [info] > git rev-parse --show-toplevel [20ms]
2025-08-17 18:59:48.953 [info] fatal: not a git repository (or any parent up to mount point /)
Stopping at filesystem boundary (GIT_DISCOVERY_ACROSS_FILESYSTEM not set).
2025-08-17 18:59:49.586 [info] > git rev-parse --show-toplevel [86ms]
2025-08-17 18:59:49.586 [info] fatal: not a git repository (or any parent up to mount point /)
Stopping at filesystem boundary (GIT_DISCOVERY_ACROSS_FILESYSTEM not set).
2025-08-17 18:59:49.637 [info] > git rev-parse --show-toplevel [7ms]
2025-08-17 18:59:49.637 [info] fatal: not a git repository (or any parent up to mount point /)
Stopping at filesystem boundary (GIT_DISCOVERY_ACROSS_FILESYSTEM not set).
2025-08-17 18:59:49.657 [info] > git rev-parse --show-toplevel [4ms]
2025-08-17 18:59:49.657 [info] fatal: not a git repository (or any parent up to mount point /)
Stopping at filesystem boundary (GIT_DISCOVERY_ACROSS_FILESYSTEM not set).
2025-08-17 18:59:49.762 [info] > git rev-parse --show-toplevel [85ms]
2025-08-17 18:59:49.762 [info] fatal: not a git repository (or any parent up to mount point /)
Stopping at filesystem boundary (GIT_DISCOVERY_ACROSS_FILESYSTEM not set).
2025-08-17 18:59:49.766 [info] [Model][doInitialScan] Initial repository scan completed - repositories (0), closed repositories (0), parent repositories (0), unsafe repositories (0)
2025-08-17 18:59:49.812 [info] > git rev-parse --show-toplevel [4ms]
2025-08-17 18:59:49.812 [info] fatal: not a git repository (or any parent up to mount point /)
Stopping at filesystem boundary (GIT_DISCOVERY_ACROSS_FILESYSTEM not set).
2025-08-17 18:59:49.841 [info] > git rev-parse --show-toplevel [4ms]
2025-08-17 18:59:49.841 [info] fatal: not a git repository (or any parent up to mount point /)
Stopping at filesystem boundary (GIT_DISCOVERY_ACROSS_FILESYSTEM not set).
2025-08-17 18:59:50.045 [info] > git rev-parse --show-toplevel [21ms]
2025-08-17 18:59:50.045 [info] fatal: not a git repository (or any parent up to mount point /)
Stopping at filesystem boundary (GIT_DISCOVERY_ACROSS_FILESYSTEM not set).
2025-08-17 18:59:50.103 [info] > git rev-parse --show-toplevel [6ms]
2025-08-17 18:59:50.103 [info] fatal: not a git repository (or any parent up to mount point /)
Stopping at filesystem boundary (GIT_DISCOVERY_ACROSS_FILESYSTEM not set).
2025-08-17 18:59:50.201 [info] > git rev-parse --show-toplevel [40ms]
2025-08-17 18:59:50.201 [info] fatal: not a git repository (or any parent up to mount point /)
Stopping at filesystem boundary (GIT_DISCOVERY_ACROSS_FILESYSTEM not set).
2025-08-17 18:59:50.273 [info] > git rev-parse --show-toplevel [31ms]
2025-08-17 18:59:50.276 [info] fatal: not a git repository (or any parent up to mount point /)
Stopping at filesystem boundary (GIT_DISCOVERY_ACROSS_FILESYSTEM not set).
