2025-08-17 18:23:47.214 [info] Reading sessions from keychain...
2025-08-17 18:23:47.214 [info] Getting sessions for all scopes...
2025-08-17 18:23:47.214 [info] Got stored sessions!
2025-08-17 18:23:47.214 [info] Got 1 verified sessions.
2025-08-17 18:23:47.215 [info] Got 1 sessions for ...
2025-08-17 18:23:47.215 [info] Getting sessions for all scopes...
2025-08-17 18:23:47.215 [info] Got 1 sessions for ...
2025-08-17 18:23:47.215 [info] Getting sessions for all scopes...
2025-08-17 18:23:47.215 [info] Got 1 sessions for ...
2025-08-17 18:23:47.215 [info] Getting sessions for all scopes...
2025-08-17 18:23:47.215 [info] Got 1 sessions for ...
2025-08-17 18:23:47.215 [info] Getting sessions for all scopes...
2025-08-17 18:23:47.215 [info] Got 1 sessions for ...
2025-08-17 18:23:47.215 [info] Getting sessions for all scopes...
2025-08-17 18:23:47.215 [info] Got 1 sessions for ...
2025-08-17 18:23:47.215 [info] Getting sessions for all scopes...
2025-08-17 18:23:47.215 [info] Got 1 sessions for ...
2025-08-17 18:23:47.215 [info] Getting sessions for all scopes...
2025-08-17 18:23:47.215 [info] Got 1 sessions for ...
2025-08-17 18:23:47.215 [info] Getting sessions for all scopes...
2025-08-17 18:23:47.215 [info] Got 1 sessions for ...
2025-08-17 18:23:47.215 [info] Getting sessions for all scopes...
2025-08-17 18:23:47.215 [info] Got 1 sessions for ...
2025-08-17 18:23:47.215 [info] Getting sessions for all scopes...
2025-08-17 18:23:47.215 [info] Got 1 sessions for ...
2025-08-17 18:23:47.215 [info] Getting sessions for all scopes...
2025-08-17 18:23:47.215 [info] Got 1 sessions for ...
2025-08-17 18:23:47.215 [info] Getting sessions for all scopes...
2025-08-17 18:23:47.215 [info] Got 1 sessions for ...
2025-08-17 18:23:47.215 [info] Getting sessions for all scopes...
2025-08-17 18:23:47.215 [info] Got 1 sessions for ...
2025-08-17 18:23:47.215 [info] Getting sessions for all scopes...
2025-08-17 18:23:47.215 [info] Got 1 sessions for ...
2025-08-17 18:23:47.215 [info] Getting sessions for all scopes...
2025-08-17 18:23:47.216 [info] Got 1 sessions for ...
2025-08-17 18:23:47.216 [info] Getting sessions for read:user,repo,user:email,workflow...
2025-08-17 18:23:47.216 [info] Got 0 sessions for read:user,repo,user:email,workflow...
2025-08-17 18:23:51.102 [info] Getting sessions for user:email...
2025-08-17 18:23:51.102 [info] Got 1 sessions for user:email...
2025-08-17 18:23:51.102 [info] Getting sessions for read:user,repo,user:email,workflow...
2025-08-17 18:23:51.102 [info] Got 0 sessions for read:user,repo,user:email,workflow...
2025-08-17 18:23:51.145 [info] Getting sessions for all scopes...
2025-08-17 18:23:51.145 [info] Got 1 sessions for ...
2025-08-17 18:23:51.156 [info] Getting sessions for all scopes...
2025-08-17 18:23:51.156 [info] Got 1 sessions for ...
2025-08-17 18:23:51.156 [info] Getting sessions for all scopes...
2025-08-17 18:23:51.156 [info] Got 1 sessions for ...
2025-08-17 18:23:51.156 [info] Getting sessions for all scopes...
2025-08-17 18:23:51.156 [info] Got 1 sessions for ...
2025-08-17 18:23:51.350 [info] Getting sessions for all scopes...
2025-08-17 18:23:51.350 [info] Got 1 sessions for ...
2025-08-17 18:23:51.577 [info] Getting sessions for all scopes...
2025-08-17 18:23:51.578 [info] Got 1 sessions for ...
2025-08-17 18:23:51.597 [info] Getting sessions for all scopes...
2025-08-17 18:23:51.597 [info] Got 1 sessions for ...
2025-08-17 18:23:51.597 [info] Getting sessions for read:user,repo,user:email,workflow...
2025-08-17 18:23:51.597 [info] Got 0 sessions for read:user,repo,user:email,workflow...
2025-08-17 18:23:51.599 [info] Getting sessions for read:user,repo,user:email,workflow...
2025-08-17 18:23:51.599 [info] Got 0 sessions for read:user,repo,user:email,workflow...
2025-08-17 18:23:51.608 [info] Getting sessions for read:user...
2025-08-17 18:23:51.609 [info] Got 0 sessions for read:user...
2025-08-17 18:23:51.610 [info] Getting sessions for user:email...
2025-08-17 18:23:51.610 [info] Got 1 sessions for user:email...
2025-08-17 18:23:51.616 [info] Getting sessions for user:email...
2025-08-17 18:23:51.616 [info] Got 1 sessions for user:email...
2025-08-17 18:23:51.616 [info] Getting sessions for all scopes...
2025-08-17 18:23:51.616 [info] Got 1 sessions for ...
2025-08-17 18:23:51.646 [info] Getting sessions for read:user,repo,user:email,workflow...
2025-08-17 18:23:51.647 [info] Got 0 sessions for read:user,repo,user:email,workflow...
2025-08-17 18:23:51.826 [info] Getting sessions for user:email...
2025-08-17 18:23:51.826 [info] Got 1 sessions for user:email...
2025-08-17 18:23:51.979 [info] Getting sessions for all scopes...
2025-08-17 18:23:51.979 [info] Got 1 sessions for ...
2025-08-17 18:23:52.000 [info] Getting sessions for read:user,repo,user:email,workflow...
2025-08-17 18:23:52.000 [info] Got 0 sessions for read:user,repo,user:email,workflow...
2025-08-17 18:23:52.003 [info] Getting sessions for user:email...
2025-08-17 18:23:52.003 [info] Got 1 sessions for user:email...
2025-08-17 18:23:52.328 [info] Getting sessions for all scopes...
2025-08-17 18:23:52.328 [info] Got 1 sessions for ...
2025-08-17 18:23:52.329 [info] Getting sessions for read:user,repo,user:email,workflow...
2025-08-17 18:23:52.329 [info] Got 0 sessions for read:user,repo,user:email,workflow...
2025-08-17 18:23:52.329 [info] Getting sessions for user:email...
2025-08-17 18:23:52.329 [info] Got 1 sessions for user:email...
2025-08-17 18:23:53.098 [info] Getting sessions for all scopes...
2025-08-17 18:23:53.098 [info] Got 1 sessions for ...
2025-08-17 18:23:53.098 [info] Getting sessions for all scopes...
2025-08-17 18:23:53.098 [info] Got 1 sessions for ...
2025-08-17 18:23:53.104 [info] Getting sessions for read:user,repo,user:email,workflow...
2025-08-17 18:23:53.104 [info] Got 0 sessions for read:user,repo,user:email,workflow...
2025-08-17 18:23:53.109 [info] Getting sessions for user:email...
2025-08-17 18:23:53.109 [info] Got 1 sessions for user:email...
2025-08-17 18:23:53.110 [info] Getting sessions for read:user,repo,user:email,workflow...
2025-08-17 18:23:53.110 [info] Got 0 sessions for read:user,repo,user:email,workflow...
2025-08-17 18:23:53.116 [info] Getting sessions for all scopes...
2025-08-17 18:23:53.116 [info] Got 1 sessions for ...
2025-08-17 18:23:53.117 [info] Getting sessions for read:user,repo,user:email,workflow...
2025-08-17 18:23:53.117 [info] Got 0 sessions for read:user,repo,user:email,workflow...
2025-08-17 18:23:53.118 [info] Getting sessions for user:email...
2025-08-17 18:23:53.118 [info] Got 1 sessions for user:email...
2025-08-17 18:23:53.292 [info] Getting sessions for all scopes...
2025-08-17 18:23:53.292 [info] Got 1 sessions for ...
2025-08-17 18:23:53.293 [info] Getting sessions for all scopes...
2025-08-17 18:23:53.293 [info] Got 1 sessions for ...
2025-08-17 18:23:53.301 [info] Getting sessions for read:user,repo,user:email,workflow...
2025-08-17 18:23:53.301 [info] Got 0 sessions for read:user,repo,user:email,workflow...
2025-08-17 18:23:53.311 [info] Getting sessions for user:email...
2025-08-17 18:23:53.311 [info] Got 1 sessions for user:email...
2025-08-17 18:23:53.311 [info] Getting sessions for read:user,repo,user:email,workflow...
2025-08-17 18:23:53.311 [info] Got 0 sessions for read:user,repo,user:email,workflow...
2025-08-17 18:23:53.321 [info] Getting sessions for all scopes...
2025-08-17 18:23:53.321 [info] Got 1 sessions for ...
2025-08-17 18:23:53.328 [info] Getting sessions for all scopes...
2025-08-17 18:23:53.328 [info] Got 1 sessions for ...
2025-08-17 18:23:53.328 [info] Getting sessions for all scopes...
2025-08-17 18:23:53.328 [info] Got 1 sessions for ...
2025-08-17 18:23:53.337 [info] Getting sessions for read:user,repo,user:email,workflow...
2025-08-17 18:23:53.337 [info] Got 0 sessions for read:user,repo,user:email,workflow...
2025-08-17 18:23:53.356 [info] Getting sessions for user:email...
2025-08-17 18:23:53.356 [info] Got 1 sessions for user:email...
2025-08-17 18:23:54.471 [info] Getting sessions for all scopes...
2025-08-17 18:23:54.471 [info] Got 1 sessions for ...
2025-08-17 18:23:59.634 [info] Reading sessions from keychain...
2025-08-17 18:23:59.634 [info] Getting sessions for all scopes...
2025-08-17 18:23:59.634 [info] Got stored sessions!
2025-08-17 18:23:59.634 [info] Got 1 verified sessions.
2025-08-17 18:23:59.634 [info] Got 1 sessions for ...
2025-08-17 18:23:59.634 [info] Getting sessions for all scopes...
2025-08-17 18:23:59.634 [info] Got 1 sessions for ...
2025-08-17 18:23:59.634 [info] Getting sessions for all scopes...
2025-08-17 18:23:59.634 [info] Got 1 sessions for ...
2025-08-17 18:23:59.634 [info] Getting sessions for all scopes...
2025-08-17 18:23:59.634 [info] Got 1 sessions for ...
2025-08-17 18:23:59.634 [info] Getting sessions for all scopes...
2025-08-17 18:23:59.634 [info] Got 1 sessions for ...
2025-08-17 18:23:59.634 [info] Getting sessions for all scopes...
2025-08-17 18:23:59.634 [info] Got 1 sessions for ...
2025-08-17 18:23:59.634 [info] Getting sessions for all scopes...
2025-08-17 18:23:59.634 [info] Got 1 sessions for ...
2025-08-17 18:23:59.634 [info] Getting sessions for all scopes...
2025-08-17 18:23:59.634 [info] Got 1 sessions for ...
2025-08-17 18:23:59.634 [info] Getting sessions for all scopes...
2025-08-17 18:23:59.635 [info] Got 1 sessions for ...
2025-08-17 18:23:59.635 [info] Getting sessions for all scopes...
2025-08-17 18:23:59.635 [info] Got 1 sessions for ...
2025-08-17 18:23:59.635 [info] Getting sessions for all scopes...
2025-08-17 18:23:59.635 [info] Got 1 sessions for ...
2025-08-17 18:23:59.635 [info] Getting sessions for all scopes...
2025-08-17 18:23:59.635 [info] Got 1 sessions for ...
2025-08-17 18:23:59.635 [info] Getting sessions for all scopes...
2025-08-17 18:23:59.635 [info] Got 1 sessions for ...
2025-08-17 18:23:59.635 [info] Getting sessions for all scopes...
2025-08-17 18:23:59.635 [info] Got 1 sessions for ...
2025-08-17 18:23:59.635 [info] Getting sessions for all scopes...
2025-08-17 18:23:59.635 [info] Got 1 sessions for ...
2025-08-17 18:23:59.635 [info] Getting sessions for all scopes...
2025-08-17 18:23:59.635 [info] Got 1 sessions for ...
2025-08-17 18:23:59.635 [info] Getting sessions for all scopes...
2025-08-17 18:23:59.635 [info] Got 1 sessions for ...
2025-08-17 18:23:59.635 [info] Getting sessions for all scopes...
2025-08-17 18:23:59.635 [info] Got 1 sessions for ...
2025-08-17 18:23:59.769 [info] Getting sessions for read:user,repo,user:email,workflow...
2025-08-17 18:23:59.771 [info] Got 0 sessions for read:user,repo,user:email,workflow...
2025-08-17 18:24:01.901 [info] Getting sessions for user:email...
2025-08-17 18:24:01.901 [info] Got 1 sessions for user:email...
2025-08-17 18:24:01.902 [info] Getting sessions for read:user,repo,user:email,workflow...
2025-08-17 18:24:01.902 [info] Got 0 sessions for read:user,repo,user:email,workflow...
2025-08-17 18:24:01.975 [info] Getting sessions for all scopes...
2025-08-17 18:24:01.975 [info] Got 1 sessions for ...
2025-08-17 18:24:01.976 [info] Getting sessions for all scopes...
2025-08-17 18:24:01.976 [info] Got 1 sessions for ...
2025-08-17 18:24:01.976 [info] Getting sessions for all scopes...
2025-08-17 18:24:01.976 [info] Got 1 sessions for ...
2025-08-17 18:24:02.160 [info] Getting sessions for all scopes...
2025-08-17 18:24:02.160 [info] Got 1 sessions for ...
2025-08-17 18:24:02.161 [info] Getting sessions for all scopes...
2025-08-17 18:24:02.161 [info] Got 1 sessions for ...
2025-08-17 18:24:02.737 [info] Getting sessions for read:user,repo,user:email,workflow...
2025-08-17 18:24:02.737 [info] Got 0 sessions for read:user,repo,user:email,workflow...
2025-08-17 18:24:02.761 [info] Getting sessions for all scopes...
2025-08-17 18:24:02.762 [info] Got 1 sessions for ...
2025-08-17 18:24:02.800 [info] Getting sessions for all scopes...
2025-08-17 18:24:02.800 [info] Got 1 sessions for ...
2025-08-17 18:24:02.800 [info] Getting sessions for read:user,repo,user:email,workflow...
2025-08-17 18:24:02.800 [info] Got 0 sessions for read:user,repo,user:email,workflow...
2025-08-17 18:24:02.897 [info] Getting sessions for user:email...
2025-08-17 18:24:02.897 [info] Got 1 sessions for user:email...
2025-08-17 18:24:02.916 [info] Getting sessions for read:user...
2025-08-17 18:24:02.916 [info] Got 0 sessions for read:user...
2025-08-17 18:24:02.946 [info] Getting sessions for user:email...
2025-08-17 18:24:02.946 [info] Got 1 sessions for user:email...
2025-08-17 18:24:03.736 [info] Getting sessions for all scopes...
2025-08-17 18:24:03.736 [info] Got 1 sessions for ...
2025-08-17 18:24:03.736 [info] Getting sessions for all scopes...
2025-08-17 18:24:03.736 [info] Got 1 sessions for ...
2025-08-17 18:24:03.743 [info] Getting sessions for read:user,repo,user:email,workflow...
2025-08-17 18:24:03.743 [info] Got 0 sessions for read:user,repo,user:email,workflow...
2025-08-17 18:24:03.745 [info] Getting sessions for user:email...
2025-08-17 18:24:03.745 [info] Got 1 sessions for user:email...
2025-08-17 18:24:03.745 [info] Getting sessions for read:user,repo,user:email,workflow...
2025-08-17 18:24:03.745 [info] Got 0 sessions for read:user,repo,user:email,workflow...
2025-08-17 18:24:03.747 [info] Getting sessions for all scopes...
2025-08-17 18:24:03.747 [info] Got 1 sessions for ...
2025-08-17 18:24:03.747 [info] Getting sessions for read:user,repo,user:email,workflow...
2025-08-17 18:24:03.747 [info] Got 0 sessions for read:user,repo,user:email,workflow...
2025-08-17 18:24:03.748 [info] Getting sessions for user:email...
2025-08-17 18:24:03.748 [info] Got 1 sessions for user:email...
2025-08-17 18:24:03.819 [info] Getting sessions for all scopes...
2025-08-17 18:24:03.819 [info] Got 1 sessions for ...
2025-08-17 18:24:03.822 [info] Getting sessions for all scopes...
2025-08-17 18:24:03.822 [info] Got 1 sessions for ...
2025-08-17 18:24:03.877 [info] Getting sessions for read:user,repo,user:email,workflow...
2025-08-17 18:24:03.877 [info] Got 0 sessions for read:user,repo,user:email,workflow...
2025-08-17 18:24:03.879 [info] Getting sessions for user:email...
2025-08-17 18:24:03.879 [info] Got 1 sessions for user:email...
2025-08-17 18:24:03.879 [info] Getting sessions for read:user,repo,user:email,workflow...
2025-08-17 18:24:03.879 [info] Got 0 sessions for read:user,repo,user:email,workflow...
2025-08-17 18:24:03.882 [info] Getting sessions for all scopes...
2025-08-17 18:24:03.882 [info] Got 1 sessions for ...
2025-08-17 18:24:03.883 [info] Getting sessions for all scopes...
2025-08-17 18:24:03.883 [info] Got 1 sessions for ...
2025-08-17 18:24:03.883 [info] Getting sessions for all scopes...
2025-08-17 18:24:03.883 [info] Got 1 sessions for ...
2025-08-17 18:24:03.890 [info] Getting sessions for read:user,repo,user:email,workflow...
2025-08-17 18:24:03.890 [info] Got 0 sessions for read:user,repo,user:email,workflow...
2025-08-17 18:24:03.892 [info] Getting sessions for user:email...
2025-08-17 18:24:03.892 [info] Got 1 sessions for user:email...
2025-08-17 18:24:04.525 [info] Getting sessions for all scopes...
2025-08-17 18:24:04.525 [info] Got 1 sessions for ...
2025-08-17 18:26:39.184 [info] Getting sessions for all scopes...
2025-08-17 18:26:39.184 [info] Got 1 sessions for ...
2025-08-17 18:26:39.186 [info] Getting sessions for read:user,repo,user:email,workflow...
2025-08-17 18:26:39.186 [info] Got 0 sessions for read:user,repo,user:email,workflow...
2025-08-17 18:26:39.187 [info] Getting sessions for user:email...
2025-08-17 18:26:39.187 [info] Got 1 sessions for user:email...
2025-08-17 18:27:47.678 [info] Getting sessions for all scopes...
2025-08-17 18:27:47.678 [info] Got 1 sessions for ...
2025-08-17 18:27:47.679 [info] Getting sessions for read:user,repo,user:email,workflow...
2025-08-17 18:27:47.679 [info] Got 0 sessions for read:user,repo,user:email,workflow...
2025-08-17 18:27:47.684 [info] Getting sessions for user:email...
2025-08-17 18:27:47.684 [info] Got 1 sessions for user:email...
2025-08-17 18:27:49.914 [info] Getting sessions for all scopes...
2025-08-17 18:27:49.914 [info] Got 1 sessions for ...
2025-08-17 18:27:49.915 [info] Getting sessions for read:user,repo,user:email,workflow...
2025-08-17 18:27:49.916 [info] Got 0 sessions for read:user,repo,user:email,workflow...
2025-08-17 18:27:49.919 [info] Getting sessions for user:email...
2025-08-17 18:27:49.919 [info] Got 1 sessions for user:email...
